{"/Users/xh/monorepo/packages/local-environment/src/actor.ts": {"path":"/Users/xh/monorepo/packages/local-environment/src/actor.ts","statementMap":{"0":{"start":{"line":8,"column":4},"end":{"line":8,"column":30}},"1":{"start":{"line":17,"column":4},"end":{"line":17,"column":21}},"2":{"start":{"line":18,"column":4},"end":{"line":18,"column":31}},"3":{"start":{"line":33,"column":8},"end":{"line":33,"column":49}},"4":{"start":{"line":36,"column":4},"end":{"line":36,"column":27}},"5":{"start":{"line":37,"column":4},"end":{"line":37,"column":25}},"6":{"start":{"line":38,"column":4},"end":{"line":38,"column":38}},"7":{"start":{"line":42,"column":4},"end":{"line":42,"column":44}},"8":{"start":{"line":46,"column":4},"end":{"line":46,"column":28}},"9":{"start":{"line":50,"column":20},"end":{"line":50,"column":51}},"10":{"start":{"line":51,"column":4},"end":{"line":51,"column":46}},"11":{"start":{"line":55,"column":4},"end":{"line":55,"column":62}},"12":{"start":{"line":55,"column":29},"end":{"line":55,"column":62}},"13":{"start":{"line":56,"column":4},"end":{"line":56,"column":39}},"14":{"start":{"line":56,"column":32},"end":{"line":56,"column":39}},"15":{"start":{"line":58,"column":4},"end":{"line":58,"column":34}},"16":{"start":{"line":60,"column":4},"end":{"line":60,"column":11}},"17":{"start":{"line":64,"column":4},"end":{"line":64,"column":62}},"18":{"start":{"line":64,"column":29},"end":{"line":64,"column":62}},"19":{"start":{"line":65,"column":4},"end":{"line":80,"column":5}},"20":{"start":{"line":66,"column":6},"end":{"line":66,"column":98}},"21":{"start":{"line":68,"column":6},"end":{"line":79,"column":7}},"22":{"start":{"line":69,"column":28},"end":{"line":69,"column":45}},"23":{"start":{"line":70,"column":30},"end":{"line":70,"column":60}},"24":{"start":{"line":71,"column":8},"end":{"line":71,"column":118}},"25":{"start":{"line":72,"column":8},"end":{"line":78,"column":9}},"26":{"start":{"line":73,"column":10},"end":{"line":73,"column":38}},"27":{"start":{"line":74,"column":10},"end":{"line":74,"column":83}},"28":{"start":{"line":76,"column":10},"end":{"line":76,"column":89}},"29":{"start":{"line":77,"column":10},"end":{"line":77,"column":18}},"30":{"start":{"line":81,"column":4},"end":{"line":81,"column":11}},"31":{"start":{"line":86,"column":4},"end":{"line":86,"column":25}},"32":{"start":{"line":87,"column":4},"end":{"line":87,"column":23}},"33":{"start":{"line":91,"column":4},"end":{"line":95,"column":5}},"34":{"start":{"line":92,"column":6},"end":{"line":92,"column":24}},"35":{"start":{"line":93,"column":6},"end":{"line":93,"column":25}},"36":{"start":{"line":94,"column":6},"end":{"line":94,"column":35}},"37":{"start":{"line":99,"column":4},"end":{"line":99,"column":35}},"38":{"start":{"line":101,"column":4},"end":{"line":101,"column":26}},"39":{"start":{"line":105,"column":24},"end":{"line":105,"column":78}},"40":{"start":{"line":109,"column":4},"end":{"line":115,"column":5}},"41":{"start":{"line":110,"column":6},"end":{"line":110,"column":61}},"42":{"start":{"line":111,"column":6},"end":{"line":111,"column":22}},"43":{"start":{"line":113,"column":6},"end":{"line":113,"column":52}},"44":{"start":{"line":114,"column":6},"end":{"line":114,"column":21}},"45":{"start":{"line":117,"column":4},"end":{"line":117,"column":19}},"46":{"start":{"line":121,"column":4},"end":{"line":121,"column":29}},"47":{"start":{"line":125,"column":4},"end":{"line":125,"column":44}},"48":{"start":{"line":125,"column":37},"end":{"line":125,"column":44}},"49":{"start":{"line":126,"column":4},"end":{"line":126,"column":72}},"50":{"start":{"line":126,"column":25},"end":{"line":126,"column":72}},"51":{"start":{"line":128,"column":4},"end":{"line":128,"column":42}},"52":{"start":{"line":130,"column":4},"end":{"line":139,"column":6}},"53":{"start":{"line":133,"column":8},"end":{"line":137,"column":9}},"54":{"start":{"line":134,"column":10},"end":{"line":136,"column":11}},"55":{"start":{"line":135,"column":12},"end":{"line":135,"column":41}},"56":{"start":{"line":143,"column":4},"end":{"line":146,"column":6}},"57":{"start":{"line":150,"column":4},"end":{"line":150,"column":27}},"58":{"start":{"line":154,"column":4},"end":{"line":154,"column":71}},"59":{"start":{"line":154,"column":26},"end":{"line":154,"column":71}},"60":{"start":{"line":155,"column":4},"end":{"line":157,"column":7}},"61":{"start":{"line":156,"column":6},"end":{"line":156,"column":51}},"62":{"start":{"line":161,"column":4},"end":{"line":165,"column":5}},"63":{"start":{"line":162,"column":6},"end":{"line":162,"column":37}},"64":{"start":{"line":164,"column":6},"end":{"line":164,"column":31}},"65":{"start":{"line":169,"column":4},"end":{"line":169,"column":75}},"66":{"start":{"line":169,"column":29},"end":{"line":169,"column":75}},"67":{"start":{"line":170,"column":4},"end":{"line":170,"column":36}},"68":{"start":{"line":170,"column":29},"end":{"line":170,"column":36}},"69":{"start":{"line":172,"column":19},"end":{"line":176,"column":6}},"70":{"start":{"line":178,"column":4},"end":{"line":191,"column":7}},"71":{"start":{"line":179,"column":33},"end":{"line":179,"column":66}},"72":{"start":{"line":180,"column":6},"end":{"line":190,"column":7}},"73":{"start":{"line":182,"column":10},"end":{"line":182,"column":37}},"74":{"start":{"line":183,"column":10},"end":{"line":183,"column":16}},"75":{"start":{"line":185,"column":10},"end":{"line":185,"column":36}},"76":{"start":{"line":186,"column":10},"end":{"line":186,"column":16}},"77":{"start":{"line":188,"column":10},"end":{"line":188,"column":39}},"78":{"start":{"line":189,"column":10},"end":{"line":189,"column":16}},"79":{"start":{"line":193,"column":4},"end":{"line":193,"column":31}},"80":{"start":{"line":197,"column":4},"end":{"line":197,"column":28}},"81":{"start":{"line":198,"column":4},"end":{"line":198,"column":30}},"82":{"start":{"line":199,"column":4},"end":{"line":199,"column":42}},"83":{"start":{"line":203,"column":4},"end":{"line":203,"column":35}},"84":{"start":{"line":204,"column":4},"end":{"line":204,"column":42}},"85":{"start":{"line":205,"column":4},"end":{"line":205,"column":23}},"86":{"start":{"line":206,"column":4},"end":{"line":206,"column":42}},"87":{"start":{"line":207,"column":4},"end":{"line":207,"column":26}},"88":{"start":{"line":211,"column":4},"end":{"line":211,"column":31}},"89":{"start":{"line":217,"column":21},"end":{"line":219,"column":6}},"90":{"start":{"line":221,"column":4},"end":{"line":223,"column":6}},"91":{"start":{"line":222,"column":6},"end":{"line":222,"column":43}},"92":{"start":{"line":222,"column":26},"end":{"line":222,"column":42}},"93":{"start":{"line":225,"column":4},"end":{"line":225,"column":29}},"94":{"start":{"line":231,"column":4},"end":{"line":231,"column":44}},"95":{"start":{"line":232,"column":4},"end":{"line":232,"column":28}},"96":{"start":{"line":233,"column":4},"end":{"line":233,"column":32}},"97":{"start":{"line":234,"column":4},"end":{"line":234,"column":23}}},"fnMap":{"0":{"name":"(anonymous_0)","decl":{"start":{"line":7,"column":2},"end":{"line":7,"column":3}},"loc":{"start":{"line":7,"column":16},"end":{"line":9,"column":3}},"line":7},"1":{"name":"(anonymous_1)","decl":{"start":{"line":16,"column":2},"end":{"line":16,"column":3}},"loc":{"start":{"line":16,"column":47},"end":{"line":19,"column":3}},"line":16},"2":{"name":"(anonymous_2)","decl":{"start":{"line":35,"column":2},"end":{"line":35,"column":3}},"loc":{"start":{"line":35,"column":66},"end":{"line":39,"column":3}},"line":35},"3":{"name":"(anonymous_3)","decl":{"start":{"line":41,"column":2},"end":{"line":41,"column":3}},"loc":{"start":{"line":41,"column":26},"end":{"line":43,"column":3}},"line":41},"4":{"name":"(anonymous_4)","decl":{"start":{"line":45,"column":2},"end":{"line":45,"column":3}},"loc":{"start":{"line":45,"column":25},"end":{"line":47,"column":3}},"line":45},"5":{"name":"(anonymous_5)","decl":{"start":{"line":49,"column":2},"end":{"line":49,"column":3}},"loc":{"start":{"line":49,"column":37},"end":{"line":52,"column":3}},"line":49},"6":{"name":"(anonymous_6)","decl":{"start":{"line":54,"column":2},"end":{"line":54,"column":3}},"loc":{"start":{"line":54,"column":31},"end":{"line":61,"column":3}},"line":54},"7":{"name":"(anonymous_7)","decl":{"start":{"line":63,"column":2},"end":{"line":63,"column":3}},"loc":{"start":{"line":63,"column":30},"end":{"line":82,"column":3}},"line":63},"8":{"name":"(anonymous_8)","decl":{"start":{"line":85,"column":2},"end":{"line":85,"column":3}},"loc":{"start":{"line":85,"column":28},"end":{"line":88,"column":3}},"line":85},"9":{"name":"(anonymous_9)","decl":{"start":{"line":90,"column":2},"end":{"line":90,"column":3}},"loc":{"start":{"line":90,"column":30},"end":{"line":96,"column":3}},"line":90},"10":{"name":"(anonymous_10)","decl":{"start":{"line":98,"column":2},"end":{"line":98,"column":3}},"loc":{"start":{"line":98,"column":41},"end":{"line":102,"column":4}},"line":98},"11":{"name":"(anonymous_11)","decl":{"start":{"line":104,"column":2},"end":{"line":104,"column":3}},"loc":{"start":{"line":104,"column":36},"end":{"line":118,"column":3}},"line":104},"12":{"name":"(anonymous_12)","decl":{"start":{"line":120,"column":2},"end":{"line":120,"column":3}},"loc":{"start":{"line":120,"column":34},"end":{"line":122,"column":3}},"line":120},"13":{"name":"(anonymous_13)","decl":{"start":{"line":124,"column":2},"end":{"line":124,"column":3}},"loc":{"start":{"line":124,"column":27},"end":{"line":140,"column":3}},"line":124},"14":{"name":"(anonymous_14)","decl":{"start":{"line":132,"column":6},"end":{"line":132,"column":7}},"loc":{"start":{"line":132,"column":23},"end":{"line":138,"column":7}},"line":132},"15":{"name":"(anonymous_15)","decl":{"start":{"line":142,"column":2},"end":{"line":142,"column":3}},"loc":{"start":{"line":142,"column":31},"end":{"line":147,"column":3}},"line":142},"16":{"name":"(anonymous_16)","decl":{"start":{"line":149,"column":2},"end":{"line":149,"column":3}},"loc":{"start":{"line":149,"column":27},"end":{"line":151,"column":3}},"line":149},"17":{"name":"(anonymous_17)","decl":{"start":{"line":153,"column":2},"end":{"line":153,"column":3}},"loc":{"start":{"line":153,"column":68},"end":{"line":158,"column":3}},"line":153},"18":{"name":"(anonymous_18)","decl":{"start":{"line":155,"column":38},"end":{"line":155,"column":39}},"loc":{"start":{"line":155,"column":49},"end":{"line":157,"column":5}},"line":155},"19":{"name":"(anonymous_19)","decl":{"start":{"line":160,"column":2},"end":{"line":160,"column":3}},"loc":{"start":{"line":160,"column":41},"end":{"line":166,"column":3}},"line":160},"20":{"name":"(anonymous_20)","decl":{"start":{"line":168,"column":2},"end":{"line":168,"column":3}},"loc":{"start":{"line":168,"column":52},"end":{"line":194,"column":3}},"line":168},"21":{"name":"(anonymous_21)","decl":{"start":{"line":178,"column":22},"end":{"line":178,"column":23}},"loc":{"start":{"line":178,"column":40},"end":{"line":191,"column":5}},"line":178},"22":{"name":"(anonymous_22)","decl":{"start":{"line":196,"column":2},"end":{"line":196,"column":3}},"loc":{"start":{"line":196,"column":22},"end":{"line":200,"column":3}},"line":196},"23":{"name":"(anonymous_23)","decl":{"start":{"line":202,"column":2},"end":{"line":202,"column":3}},"loc":{"start":{"line":202,"column":36},"end":{"line":208,"column":3}},"line":202},"24":{"name":"(anonymous_24)","decl":{"start":{"line":210,"column":2},"end":{"line":210,"column":3}},"loc":{"start":{"line":210,"column":34},"end":{"line":212,"column":3}},"line":210},"25":{"name":"(anonymous_25)","decl":{"start":{"line":214,"column":2},"end":{"line":214,"column":3}},"loc":{"start":{"line":216,"column":33},"end":{"line":226,"column":3}},"line":216},"26":{"name":"(anonymous_26)","decl":{"start":{"line":221,"column":35},"end":{"line":221,"column":36}},"loc":{"start":{"line":222,"column":6},"end":{"line":222,"column":43}},"line":222},"27":{"name":"(anonymous_27)","decl":{"start":{"line":222,"column":19},"end":{"line":222,"column":20}},"loc":{"start":{"line":222,"column":26},"end":{"line":222,"column":42}},"line":222},"28":{"name":"(anonymous_28)","decl":{"start":{"line":230,"column":2},"end":{"line":230,"column":3}},"loc":{"start":{"line":230,"column":43},"end":{"line":235,"column":3}},"line":230}},"branchMap":{"0":{"loc":{"start":{"line":51,"column":11},"end":{"line":51,"column":45}},"type":"binary-expr","locations":[{"start":{"line":51,"column":11},"end":{"line":51,"column":20}},{"start":{"line":51,"column":24},"end":{"line":51,"column":45}}],"line":51},"1":{"loc":{"start":{"line":55,"column":4},"end":{"line":55,"column":62}},"type":"if","locations":[{"start":{"line":55,"column":4},"end":{"line":55,"column":62}},{"start":{},"end":{}}],"line":55},"2":{"loc":{"start":{"line":56,"column":4},"end":{"line":56,"column":39}},"type":"if","locations":[{"start":{"line":56,"column":4},"end":{"line":56,"column":39}},{"start":{},"end":{}}],"line":56},"3":{"loc":{"start":{"line":64,"column":4},"end":{"line":64,"column":62}},"type":"if","locations":[{"start":{"line":64,"column":4},"end":{"line":64,"column":62}},{"start":{},"end":{}}],"line":64},"4":{"loc":{"start":{"line":65,"column":4},"end":{"line":80,"column":5}},"type":"if","locations":[{"start":{"line":65,"column":4},"end":{"line":80,"column":5}},{"start":{"line":67,"column":11},"end":{"line":80,"column":5}}],"line":65},"5":{"loc":{"start":{"line":68,"column":6},"end":{"line":79,"column":7}},"type":"if","locations":[{"start":{"line":68,"column":6},"end":{"line":79,"column":7}},{"start":{},"end":{}}],"line":68},"6":{"loc":{"start":{"line":91,"column":4},"end":{"line":95,"column":5}},"type":"if","locations":[{"start":{"line":91,"column":4},"end":{"line":95,"column":5}},{"start":{},"end":{}}],"line":91},"7":{"loc":{"start":{"line":109,"column":4},"end":{"line":115,"column":5}},"type":"if","locations":[{"start":{"line":109,"column":4},"end":{"line":115,"column":5}},{"start":{"line":112,"column":11},"end":{"line":115,"column":5}}],"line":109},"8":{"loc":{"start":{"line":125,"column":4},"end":{"line":125,"column":44}},"type":"if","locations":[{"start":{"line":125,"column":4},"end":{"line":125,"column":44}},{"start":{},"end":{}}],"line":125},"9":{"loc":{"start":{"line":126,"column":4},"end":{"line":126,"column":72}},"type":"if","locations":[{"start":{"line":126,"column":4},"end":{"line":126,"column":72}},{"start":{},"end":{}}],"line":126},"10":{"loc":{"start":{"line":133,"column":8},"end":{"line":137,"column":9}},"type":"if","locations":[{"start":{"line":133,"column":8},"end":{"line":137,"column":9}},{"start":{},"end":{}}],"line":133},"11":{"loc":{"start":{"line":134,"column":10},"end":{"line":136,"column":11}},"type":"if","locations":[{"start":{"line":134,"column":10},"end":{"line":136,"column":11}},{"start":{},"end":{}}],"line":134},"12":{"loc":{"start":{"line":154,"column":4},"end":{"line":154,"column":71}},"type":"if","locations":[{"start":{"line":154,"column":4},"end":{"line":154,"column":71}},{"start":{},"end":{}}],"line":154},"13":{"loc":{"start":{"line":161,"column":4},"end":{"line":165,"column":5}},"type":"if","locations":[{"start":{"line":161,"column":4},"end":{"line":165,"column":5}},{"start":{},"end":{}}],"line":161},"14":{"loc":{"start":{"line":169,"column":4},"end":{"line":169,"column":75}},"type":"if","locations":[{"start":{"line":169,"column":4},"end":{"line":169,"column":75}},{"start":{},"end":{}}],"line":169},"15":{"loc":{"start":{"line":170,"column":4},"end":{"line":170,"column":36}},"type":"if","locations":[{"start":{"line":170,"column":4},"end":{"line":170,"column":36}},{"start":{},"end":{}}],"line":170},"16":{"loc":{"start":{"line":180,"column":6},"end":{"line":190,"column":7}},"type":"switch","locations":[{"start":{"line":181,"column":8},"end":{"line":183,"column":16}},{"start":{"line":184,"column":8},"end":{"line":186,"column":16}},{"start":{"line":187,"column":8},"end":{"line":189,"column":16}}],"line":180}},"s":{"0":28,"1":53,"2":53,"3":53,"4":53,"5":53,"6":53,"7":22,"8":134,"9":145,"10":137,"11":42,"12":0,"13":42,"14":16,"15":26,"16":26,"17":36,"18":0,"19":36,"20":2,"21":26,"22":26,"23":26,"24":26,"25":26,"26":26,"27":26,"28":0,"29":0,"30":28,"31":38,"32":38,"33":38,"34":30,"35":22,"36":22,"37":22,"38":22,"39":54,"40":52,"41":24,"42":24,"43":28,"44":28,"45":52,"46":2,"47":1,"48":0,"49":1,"50":0,"51":1,"52":1,"53":1,"54":1,"55":1,"56":1,"57":28,"58":1,"59":0,"60":1,"61":1,"62":28,"63":1,"64":1,"65":2,"66":1,"67":1,"68":0,"69":1,"70":1,"71":5,"72":5,"73":0,"74":0,"75":1,"76":1,"77":0,"78":0,"79":1,"80":28,"81":28,"82":28,"83":6,"84":6,"85":6,"86":6,"87":6,"88":29,"89":54,"90":52,"91":247,"92":247,"93":52,"94":1,"95":1,"96":1,"97":1},"f":{"0":28,"1":53,"2":53,"3":22,"4":134,"5":145,"6":42,"7":36,"8":38,"9":38,"10":22,"11":54,"12":2,"13":1,"14":1,"15":1,"16":28,"17":1,"18":1,"19":28,"20":2,"21":5,"22":28,"23":6,"24":29,"25":54,"26":247,"27":247,"28":1},"b":{"0":[137,111],"1":[0,42],"2":[16,26],"3":[0,36],"4":[2,26],"5":[26,0],"6":[30,8],"7":[24,28],"8":[0,1],"9":[0,1],"10":[1,0],"11":[1,0],"12":[0,1],"13":[1,27],"14":[1,1],"15":[0,1],"16":[0,1,0]},"_coverageSchema":"1a1c01bbd47fc00a2c39e90264f33305004495a9","hash":"6817b5cfa13139f63c460967820534dccf416a09"}
,"/Users/xh/monorepo/packages/local-environment/src/agent.ts": {"path":"/Users/xh/monorepo/packages/local-environment/src/agent.ts","statementMap":{"0":{"start":{"line":7,"column":16},"end":{"line":7,"column":21}},"1":{"start":{"line":8,"column":20},"end":{"line":8,"column":106}},"2":{"start":{"line":20,"column":4},"end":{"line":20,"column":35}},"3":{"start":{"line":21,"column":4},"end":{"line":21,"column":25}},"4":{"start":{"line":22,"column":4},"end":{"line":22,"column":82}},"5":{"start":{"line":23,"column":4},"end":{"line":23,"column":86}},"6":{"start":{"line":24,"column":4},"end":{"line":29,"column":6}},"7":{"start":{"line":30,"column":4},"end":{"line":32,"column":6}},"8":{"start":{"line":33,"column":4},"end":{"line":33,"column":95}},"9":{"start":{"line":33,"column":17},"end":{"line":33,"column":95}},"10":{"start":{"line":37,"column":4},"end":{"line":43,"column":7}},"11":{"start":{"line":42,"column":40},"end":{"line":42,"column":52}},"12":{"start":{"line":44,"column":4},"end":{"line":51,"column":5}},"13":{"start":{"line":45,"column":6},"end":{"line":50,"column":7}},"14":{"start":{"line":47,"column":10},"end":{"line":47,"column":52}},"15":{"start":{"line":47,"column":42},"end":{"line":47,"column":50}},"16":{"start":{"line":49,"column":10},"end":{"line":49,"column":36}},"17":{"start":{"line":55,"column":4},"end":{"line":61,"column":7}},"18":{"start":{"line":60,"column":34},"end":{"line":60,"column":42}},"19":{"start":{"line":65,"column":16},"end":{"line":71,"column":6}},"20":{"start":{"line":70,"column":34},"end":{"line":70,"column":44}},"21":{"start":{"line":72,"column":4},"end":{"line":72,"column":29}},"22":{"start":{"line":72,"column":26},"end":{"line":72,"column":27}},"23":{"start":{"line":100,"column":2},"end":{"line":116,"column":3}},"24":{"start":{"line":101,"column":4},"end":{"line":112,"column":5}},"25":{"start":{"line":103,"column":8},"end":{"line":103,"column":33}},"26":{"start":{"line":105,"column":8},"end":{"line":105,"column":33}},"27":{"start":{"line":107,"column":8},"end":{"line":107,"column":35}},"28":{"start":{"line":109,"column":8},"end":{"line":109,"column":33}},"29":{"start":{"line":111,"column":8},"end":{"line":111,"column":31}},"30":{"start":{"line":113,"column":4},"end":{"line":113,"column":52}},"31":{"start":{"line":115,"column":4},"end":{"line":115,"column":13}},"32":{"start":{"line":125,"column":4},"end":{"line":125,"column":42}},"33":{"start":{"line":126,"column":4},"end":{"line":126,"column":66}},"34":{"start":{"line":127,"column":4},"end":{"line":127,"column":31}},"35":{"start":{"line":129,"column":4},"end":{"line":129,"column":25}},"36":{"start":{"line":131,"column":4},"end":{"line":131,"column":35}},"37":{"start":{"line":135,"column":4},"end":{"line":135,"column":44}},"38":{"start":{"line":193,"column":29},"end":{"line":193,"column":31}},"39":{"start":{"line":195,"column":4},"end":{"line":242,"column":5}},"40":{"start":{"line":197,"column":8},"end":{"line":201,"column":10}},"41":{"start":{"line":202,"column":8},"end":{"line":204,"column":10}},"42":{"start":{"line":205,"column":8},"end":{"line":205,"column":14}},"43":{"start":{"line":208,"column":8},"end":{"line":212,"column":10}},"44":{"start":{"line":213,"column":8},"end":{"line":215,"column":10}},"45":{"start":{"line":216,"column":8},"end":{"line":216,"column":14}},"46":{"start":{"line":219,"column":8},"end":{"line":223,"column":10}},"47":{"start":{"line":224,"column":8},"end":{"line":224,"column":14}},"48":{"start":{"line":227,"column":8},"end":{"line":231,"column":10}},"49":{"start":{"line":232,"column":8},"end":{"line":232,"column":14}},"50":{"start":{"line":235,"column":8},"end":{"line":239,"column":10}},"51":{"start":{"line":240,"column":8},"end":{"line":240,"column":14}},"52":{"start":{"line":244,"column":4},"end":{"line":244,"column":16}},"53":{"start":{"line":248,"column":17},"end":{"line":248,"column":37}},"54":{"start":{"line":250,"column":28},"end":{"line":250,"column":75}},"55":{"start":{"line":252,"column":27},"end":{"line":252,"column":51}},"56":{"start":{"line":255,"column":4},"end":{"line":286,"column":7}},"57":{"start":{"line":290,"column":4},"end":{"line":290,"column":28}}},"fnMap":{"0":{"name":"(anonymous_0)","decl":{"start":{"line":19,"column":2},"end":{"line":19,"column":3}},"loc":{"start":{"line":19,"column":76},"end":{"line":34,"column":3}},"line":19},"1":{"name":"(anonymous_1)","decl":{"start":{"line":36,"column":2},"end":{"line":36,"column":3}},"loc":{"start":{"line":36,"column":68},"end":{"line":52,"column":3}},"line":36},"2":{"name":"(anonymous_2)","decl":{"start":{"line":42,"column":27},"end":{"line":42,"column":28}},"loc":{"start":{"line":42,"column":40},"end":{"line":42,"column":52}},"line":42},"3":{"name":"(anonymous_3)","decl":{"start":{"line":47,"column":35},"end":{"line":47,"column":36}},"loc":{"start":{"line":47,"column":42},"end":{"line":47,"column":50}},"line":47},"4":{"name":"(anonymous_4)","decl":{"start":{"line":54,"column":2},"end":{"line":54,"column":3}},"loc":{"start":{"line":54,"column":33},"end":{"line":62,"column":3}},"line":54},"5":{"name":"(anonymous_5)","decl":{"start":{"line":60,"column":27},"end":{"line":60,"column":28}},"loc":{"start":{"line":60,"column":34},"end":{"line":60,"column":42}},"line":60},"6":{"name":"(anonymous_6)","decl":{"start":{"line":64,"column":2},"end":{"line":64,"column":3}},"loc":{"start":{"line":64,"column":36},"end":{"line":73,"column":3}},"line":64},"7":{"name":"(anonymous_7)","decl":{"start":{"line":70,"column":27},"end":{"line":70,"column":28}},"loc":{"start":{"line":70,"column":34},"end":{"line":70,"column":44}},"line":70},"8":{"name":"(anonymous_8)","decl":{"start":{"line":72,"column":21},"end":{"line":72,"column":22}},"loc":{"start":{"line":72,"column":26},"end":{"line":72,"column":27}},"line":72},"9":{"name":"parseAgentType","decl":{"start":{"line":99,"column":9},"end":{"line":99,"column":23}},"loc":{"start":{"line":99,"column":58},"end":{"line":117,"column":1}},"line":99},"10":{"name":"(anonymous_10)","decl":{"start":{"line":124,"column":2},"end":{"line":124,"column":3}},"loc":{"start":{"line":124,"column":98},"end":{"line":132,"column":3}},"line":124},"11":{"name":"(anonymous_11)","decl":{"start":{"line":134,"column":2},"end":{"line":134,"column":3}},"loc":{"start":{"line":134,"column":26},"end":{"line":136,"column":3}},"line":134},"12":{"name":"(anonymous_12)","decl":{"start":{"line":192,"column":2},"end":{"line":192,"column":3}},"loc":{"start":{"line":192,"column":32},"end":{"line":245,"column":3}},"line":192},"13":{"name":"(anonymous_13)","decl":{"start":{"line":247,"column":2},"end":{"line":247,"column":3}},"loc":{"start":{"line":247,"column":57},"end":{"line":287,"column":3}},"line":247},"14":{"name":"(anonymous_14)","decl":{"start":{"line":289,"column":2},"end":{"line":289,"column":3}},"loc":{"start":{"line":289,"column":35},"end":{"line":291,"column":3}},"line":289}},"branchMap":{"0":{"loc":{"start":{"line":8,"column":20},"end":{"line":8,"column":106}},"type":"binary-expr","locations":[{"start":{"line":8,"column":20},"end":{"line":8,"column":44}},{"start":{"line":8,"column":48},"end":{"line":8,"column":106}}],"line":8},"1":{"loc":{"start":{"line":33,"column":4},"end":{"line":33,"column":95}},"type":"if","locations":[{"start":{"line":33,"column":4},"end":{"line":33,"column":95}},{"start":{},"end":{}}],"line":33},"2":{"loc":{"start":{"line":41,"column":10},"end":{"line":41,"column":43}},"type":"cond-expr","locations":[{"start":{"line":41,"column":20},"end":{"line":41,"column":38}},{"start":{"line":41,"column":41},"end":{"line":41,"column":43}}],"line":41},"3":{"loc":{"start":{"line":44,"column":4},"end":{"line":51,"column":5}},"type":"if","locations":[{"start":{"line":44,"column":4},"end":{"line":51,"column":5}},{"start":{},"end":{}}],"line":44},"4":{"loc":{"start":{"line":45,"column":6},"end":{"line":50,"column":7}},"type":"switch","locations":[{"start":{"line":46,"column":8},"end":{"line":47,"column":52}},{"start":{"line":48,"column":8},"end":{"line":49,"column":36}}],"line":45},"5":{"loc":{"start":{"line":59,"column":10},"end":{"line":59,"column":45}},"type":"cond-expr","locations":[{"start":{"line":59,"column":20},"end":{"line":59,"column":40}},{"start":{"line":59,"column":43},"end":{"line":59,"column":45}}],"line":59},"6":{"loc":{"start":{"line":69,"column":10},"end":{"line":69,"column":47}},"type":"cond-expr","locations":[{"start":{"line":69,"column":20},"end":{"line":69,"column":42}},{"start":{"line":69,"column":45},"end":{"line":69,"column":47}}],"line":69},"7":{"loc":{"start":{"line":100,"column":2},"end":{"line":116,"column":3}},"type":"if","locations":[{"start":{"line":100,"column":2},"end":{"line":116,"column":3}},{"start":{"line":114,"column":9},"end":{"line":116,"column":3}}],"line":100},"8":{"loc":{"start":{"line":101,"column":4},"end":{"line":112,"column":5}},"type":"switch","locations":[{"start":{"line":102,"column":6},"end":{"line":103,"column":33}},{"start":{"line":104,"column":6},"end":{"line":105,"column":33}},{"start":{"line":106,"column":6},"end":{"line":107,"column":35}},{"start":{"line":108,"column":6},"end":{"line":109,"column":33}},{"start":{"line":110,"column":6},"end":{"line":111,"column":31}}],"line":101},"9":{"loc":{"start":{"line":195,"column":4},"end":{"line":242,"column":5}},"type":"switch","locations":[{"start":{"line":196,"column":6},"end":{"line":206,"column":7}},{"start":{"line":207,"column":6},"end":{"line":217,"column":7}},{"start":{"line":218,"column":6},"end":{"line":225,"column":7}},{"start":{"line":226,"column":6},"end":{"line":233,"column":7}},{"start":{"line":234,"column":6},"end":{"line":241,"column":7}}],"line":195}},"s":{"0":6,"1":6,"2":9,"3":9,"4":9,"5":9,"6":9,"7":9,"8":9,"9":0,"10":9,"11":9,"12":9,"13":0,"14":0,"15":0,"16":0,"17":9,"18":9,"19":8,"20":8,"21":8,"22":20,"23":43,"24":43,"25":10,"26":10,"27":10,"28":10,"29":3,"30":0,"31":0,"32":43,"33":43,"34":43,"35":43,"36":43,"37":82,"38":27,"39":27,"40":6,"41":6,"42":6,"43":6,"44":6,"45":6,"46":6,"47":6,"48":3,"49":3,"50":6,"51":6,"52":27,"53":22,"54":22,"55":22,"56":22,"57":54},"f":{"0":9,"1":9,"2":9,"3":0,"4":9,"5":9,"6":8,"7":8,"8":20,"9":43,"10":43,"11":82,"12":27,"13":22,"14":54},"b":{"0":[6,6],"1":[0,9],"2":[0,9],"3":[0,9],"4":[0,0],"5":[0,9],"6":[0,8],"7":[43,0],"8":[10,10,10,10,3],"9":[6,6,6,3,6]},"_coverageSchema":"1a1c01bbd47fc00a2c39e90264f33305004495a9","hash":"576001b10a722780c062f2622701c4dc29d0db1f"}
,"/Users/xh/monorepo/packages/local-environment/src/domain.ts": {"path":"/Users/xh/monorepo/packages/local-environment/src/domain.ts","statementMap":{"0":{"start":{"line":35,"column":4},"end":{"line":35,"column":32}},"1":{"start":{"line":36,"column":4},"end":{"line":36,"column":32}},"2":{"start":{"line":38,"column":4},"end":{"line":41,"column":30}},"3":{"start":{"line":39,"column":6},"end":{"line":39,"column":37}},"4":{"start":{"line":41,"column":9},"end":{"line":41,"column":30}},"5":{"start":{"line":43,"column":4},"end":{"line":46,"column":70}},"6":{"start":{"line":44,"column":6},"end":{"line":44,"column":75}},"7":{"start":{"line":46,"column":9},"end":{"line":46,"column":70}},"8":{"start":{"line":48,"column":4},"end":{"line":50,"column":5}},"9":{"start":{"line":49,"column":6},"end":{"line":49,"column":31}},"10":{"start":{"line":52,"column":19},"end":{"line":52,"column":50}},"11":{"start":{"line":54,"column":4},"end":{"line":58,"column":7}},"12":{"start":{"line":63,"column":4},"end":{"line":63,"column":22}},"13":{"start":{"line":67,"column":4},"end":{"line":67,"column":29}},"14":{"start":{"line":71,"column":4},"end":{"line":71,"column":79}},"15":{"start":{"line":71,"column":22},"end":{"line":71,"column":79}},"16":{"start":{"line":75,"column":4},"end":{"line":76,"column":37}},"17":{"start":{"line":76,"column":6},"end":{"line":76,"column":37}},"18":{"start":{"line":80,"column":4},"end":{"line":80,"column":40}},"19":{"start":{"line":92,"column":4},"end":{"line":92,"column":45}},"20":{"start":{"line":96,"column":4},"end":{"line":96,"column":29}},"21":{"start":{"line":100,"column":4},"end":{"line":100,"column":30}},"22":{"start":{"line":105,"column":4},"end":{"line":105,"column":58}},"23":{"start":{"line":109,"column":4},"end":{"line":109,"column":54}},"24":{"start":{"line":118,"column":4},"end":{"line":118,"column":64}},"25":{"start":{"line":118,"column":19},"end":{"line":118,"column":64}},"26":{"start":{"line":119,"column":4},"end":{"line":119,"column":64}},"27":{"start":{"line":119,"column":19},"end":{"line":119,"column":64}},"28":{"start":{"line":120,"column":4},"end":{"line":121,"column":67}},"29":{"start":{"line":121,"column":6},"end":{"line":121,"column":67}},"30":{"start":{"line":125,"column":4},"end":{"line":125,"column":61}},"31":{"start":{"line":125,"column":45},"end":{"line":125,"column":59}},"32":{"start":{"line":130,"column":4},"end":{"line":130,"column":65}},"33":{"start":{"line":134,"column":4},"end":{"line":134,"column":36}},"34":{"start":{"line":135,"column":4},"end":{"line":135,"column":28}},"35":{"start":{"line":139,"column":4},"end":{"line":139,"column":41}},"36":{"start":{"line":140,"column":4},"end":{"line":140,"column":40}},"37":{"start":{"line":144,"column":4},"end":{"line":144,"column":27}},"38":{"start":{"line":145,"column":4},"end":{"line":145,"column":48}},"39":{"start":{"line":149,"column":4},"end":{"line":152,"column":7}},"40":{"start":{"line":156,"column":4},"end":{"line":156,"column":40}},"41":{"start":{"line":160,"column":4},"end":{"line":160,"column":37}},"42":{"start":{"line":164,"column":4},"end":{"line":171,"column":6}},"43":{"start":{"line":175,"column":4},"end":{"line":185,"column":6}},"44":{"start":{"line":189,"column":4},"end":{"line":192,"column":6}},"45":{"start":{"line":196,"column":4},"end":{"line":198,"column":6}},"46":{"start":{"line":202,"column":4},"end":{"line":204,"column":6}},"47":{"start":{"line":208,"column":4},"end":{"line":210,"column":6}},"48":{"start":{"line":214,"column":4},"end":{"line":219,"column":5}},"49":{"start":{"line":215,"column":6},"end":{"line":215,"column":92}},"50":{"start":{"line":215,"column":84},"end":{"line":215,"column":90}},"51":{"start":{"line":218,"column":6},"end":{"line":218,"column":78}},"52":{"start":{"line":221,"column":4},"end":{"line":224,"column":6}},"53":{"start":{"line":228,"column":4},"end":{"line":230,"column":6}},"54":{"start":{"line":234,"column":4},"end":{"line":241,"column":6}},"55":{"start":{"line":245,"column":4},"end":{"line":255,"column":6}},"56":{"start":{"line":259,"column":4},"end":{"line":269,"column":6}},"57":{"start":{"line":273,"column":4},"end":{"line":307,"column":6}},"58":{"start":{"line":311,"column":4},"end":{"line":311,"column":34}}},"fnMap":{"0":{"name":"(anonymous_0)","decl":{"start":{"line":34,"column":2},"end":{"line":34,"column":3}},"loc":{"start":{"line":34,"column":104},"end":{"line":60,"column":3}},"line":34},"1":{"name":"(anonymous_1)","decl":{"start":{"line":62,"column":2},"end":{"line":62,"column":3}},"loc":{"start":{"line":62,"column":33},"end":{"line":64,"column":3}},"line":62},"2":{"name":"(anonymous_2)","decl":{"start":{"line":66,"column":2},"end":{"line":66,"column":3}},"loc":{"start":{"line":66,"column":21},"end":{"line":68,"column":3}},"line":66},"3":{"name":"(anonymous_3)","decl":{"start":{"line":70,"column":2},"end":{"line":70,"column":3}},"loc":{"start":{"line":70,"column":41},"end":{"line":72,"column":3}},"line":70},"4":{"name":"(anonymous_4)","decl":{"start":{"line":74,"column":2},"end":{"line":74,"column":3}},"loc":{"start":{"line":74,"column":39},"end":{"line":77,"column":3}},"line":74},"5":{"name":"(anonymous_5)","decl":{"start":{"line":79,"column":2},"end":{"line":79,"column":3}},"loc":{"start":{"line":79,"column":51},"end":{"line":81,"column":3}},"line":79},"6":{"name":"(anonymous_6)","decl":{"start":{"line":91,"column":2},"end":{"line":91,"column":3}},"loc":{"start":{"line":91,"column":61},"end":{"line":93,"column":3}},"line":91},"7":{"name":"(anonymous_7)","decl":{"start":{"line":95,"column":2},"end":{"line":95,"column":3}},"loc":{"start":{"line":95,"column":26},"end":{"line":97,"column":3}},"line":95},"8":{"name":"(anonymous_8)","decl":{"start":{"line":99,"column":2},"end":{"line":99,"column":3}},"loc":{"start":{"line":99,"column":23},"end":{"line":101,"column":3}},"line":99},"9":{"name":"(anonymous_9)","decl":{"start":{"line":104,"column":2},"end":{"line":104,"column":3}},"loc":{"start":{"line":104,"column":62},"end":{"line":106,"column":3}},"line":104},"10":{"name":"(anonymous_10)","decl":{"start":{"line":108,"column":2},"end":{"line":108,"column":3}},"loc":{"start":{"line":108,"column":59},"end":{"line":110,"column":3}},"line":108},"11":{"name":"(anonymous_11)","decl":{"start":{"line":113,"column":2},"end":{"line":113,"column":3}},"loc":{"start":{"line":117,"column":11},"end":{"line":122,"column":3}},"line":117},"12":{"name":"(anonymous_12)","decl":{"start":{"line":124,"column":2},"end":{"line":124,"column":3}},"loc":{"start":{"line":124,"column":26},"end":{"line":126,"column":3}},"line":124},"13":{"name":"(anonymous_13)","decl":{"start":{"line":125,"column":38},"end":{"line":125,"column":39}},"loc":{"start":{"line":125,"column":45},"end":{"line":125,"column":59}},"line":125},"14":{"name":"(anonymous_14)","decl":{"start":{"line":128,"column":2},"end":{"line":128,"column":3}},"loc":{"start":{"line":128,"column":29},"end":{"line":131,"column":3}},"line":128},"15":{"name":"(anonymous_15)","decl":{"start":{"line":133,"column":2},"end":{"line":133,"column":3}},"loc":{"start":{"line":133,"column":35},"end":{"line":136,"column":3}},"line":133},"16":{"name":"(anonymous_16)","decl":{"start":{"line":138,"column":2},"end":{"line":138,"column":3}},"loc":{"start":{"line":138,"column":74},"end":{"line":141,"column":3}},"line":138},"17":{"name":"(anonymous_17)","decl":{"start":{"line":143,"column":2},"end":{"line":143,"column":3}},"loc":{"start":{"line":143,"column":68},"end":{"line":146,"column":3}},"line":143},"18":{"name":"(anonymous_18)","decl":{"start":{"line":148,"column":2},"end":{"line":148,"column":3}},"loc":{"start":{"line":148,"column":50},"end":{"line":153,"column":3}},"line":148},"19":{"name":"(anonymous_19)","decl":{"start":{"line":155,"column":2},"end":{"line":155,"column":3}},"loc":{"start":{"line":155,"column":36},"end":{"line":157,"column":3}},"line":155},"20":{"name":"(anonymous_20)","decl":{"start":{"line":159,"column":2},"end":{"line":159,"column":3}},"loc":{"start":{"line":159,"column":37},"end":{"line":161,"column":3}},"line":159},"21":{"name":"(anonymous_21)","decl":{"start":{"line":163,"column":2},"end":{"line":163,"column":3}},"loc":{"start":{"line":163,"column":23},"end":{"line":172,"column":3}},"line":163},"22":{"name":"(anonymous_22)","decl":{"start":{"line":174,"column":2},"end":{"line":174,"column":3}},"loc":{"start":{"line":174,"column":33},"end":{"line":186,"column":3}},"line":174},"23":{"name":"(anonymous_23)","decl":{"start":{"line":188,"column":2},"end":{"line":188,"column":3}},"loc":{"start":{"line":188,"column":29},"end":{"line":193,"column":3}},"line":188},"24":{"name":"(anonymous_24)","decl":{"start":{"line":195,"column":2},"end":{"line":195,"column":3}},"loc":{"start":{"line":195,"column":39},"end":{"line":199,"column":3}},"line":195},"25":{"name":"(anonymous_25)","decl":{"start":{"line":201,"column":2},"end":{"line":201,"column":3}},"loc":{"start":{"line":201,"column":39},"end":{"line":205,"column":3}},"line":201},"26":{"name":"(anonymous_26)","decl":{"start":{"line":207,"column":2},"end":{"line":207,"column":3}},"loc":{"start":{"line":207,"column":39},"end":{"line":211,"column":3}},"line":207},"27":{"name":"(anonymous_27)","decl":{"start":{"line":213,"column":2},"end":{"line":213,"column":3}},"loc":{"start":{"line":213,"column":65},"end":{"line":225,"column":3}},"line":213},"28":{"name":"(anonymous_28)","decl":{"start":{"line":215,"column":79},"end":{"line":215,"column":80}},"loc":{"start":{"line":215,"column":84},"end":{"line":215,"column":90}},"line":215},"29":{"name":"(anonymous_29)","decl":{"start":{"line":227,"column":2},"end":{"line":227,"column":3}},"loc":{"start":{"line":227,"column":37},"end":{"line":231,"column":3}},"line":227},"30":{"name":"(anonymous_30)","decl":{"start":{"line":233,"column":2},"end":{"line":233,"column":3}},"loc":{"start":{"line":233,"column":42},"end":{"line":242,"column":3}},"line":233},"31":{"name":"(anonymous_31)","decl":{"start":{"line":244,"column":2},"end":{"line":244,"column":3}},"loc":{"start":{"line":244,"column":28},"end":{"line":256,"column":3}},"line":244},"32":{"name":"(anonymous_32)","decl":{"start":{"line":258,"column":2},"end":{"line":258,"column":3}},"loc":{"start":{"line":258,"column":31},"end":{"line":270,"column":3}},"line":258},"33":{"name":"(anonymous_33)","decl":{"start":{"line":272,"column":2},"end":{"line":272,"column":3}},"loc":{"start":{"line":272,"column":34},"end":{"line":308,"column":3}},"line":272},"34":{"name":"(anonymous_34)","decl":{"start":{"line":310,"column":2},"end":{"line":310,"column":3}},"loc":{"start":{"line":310,"column":23},"end":{"line":312,"column":3}},"line":310}},"branchMap":{"0":{"loc":{"start":{"line":38,"column":4},"end":{"line":41,"column":30}},"type":"if","locations":[{"start":{"line":38,"column":4},"end":{"line":41,"column":30}},{"start":{"line":41,"column":9},"end":{"line":41,"column":30}}],"line":38},"1":{"loc":{"start":{"line":43,"column":4},"end":{"line":46,"column":70}},"type":"if","locations":[{"start":{"line":43,"column":4},"end":{"line":46,"column":70}},{"start":{"line":46,"column":9},"end":{"line":46,"column":70}}],"line":43},"2":{"loc":{"start":{"line":48,"column":4},"end":{"line":50,"column":5}},"type":"if","locations":[{"start":{"line":48,"column":4},"end":{"line":50,"column":5}},{"start":{},"end":{}}],"line":48},"3":{"loc":{"start":{"line":70,"column":15},"end":{"line":70,"column":33}},"type":"default-arg","locations":[{"start":{"line":70,"column":29},"end":{"line":70,"column":33}}],"line":70},"4":{"loc":{"start":{"line":71,"column":4},"end":{"line":71,"column":79}},"type":"if","locations":[{"start":{"line":71,"column":4},"end":{"line":71,"column":79}},{"start":{},"end":{}}],"line":71},"5":{"loc":{"start":{"line":75,"column":4},"end":{"line":76,"column":37}},"type":"if","locations":[{"start":{"line":75,"column":4},"end":{"line":76,"column":37}},{"start":{},"end":{}}],"line":75},"6":{"loc":{"start":{"line":104,"column":35},"end":{"line":104,"column":52}},"type":"default-arg","locations":[{"start":{"line":104,"column":51},"end":{"line":104,"column":52}}],"line":104},"7":{"loc":{"start":{"line":108,"column":35},"end":{"line":108,"column":52}},"type":"default-arg","locations":[{"start":{"line":108,"column":51},"end":{"line":108,"column":52}}],"line":108},"8":{"loc":{"start":{"line":118,"column":4},"end":{"line":118,"column":64}},"type":"if","locations":[{"start":{"line":118,"column":4},"end":{"line":118,"column":64}},{"start":{},"end":{}}],"line":118},"9":{"loc":{"start":{"line":119,"column":4},"end":{"line":119,"column":64}},"type":"if","locations":[{"start":{"line":119,"column":4},"end":{"line":119,"column":64}},{"start":{},"end":{}}],"line":119},"10":{"loc":{"start":{"line":120,"column":4},"end":{"line":121,"column":67}},"type":"if","locations":[{"start":{"line":120,"column":4},"end":{"line":121,"column":67}},{"start":{},"end":{}}],"line":120},"11":{"loc":{"start":{"line":214,"column":4},"end":{"line":219,"column":5}},"type":"if","locations":[{"start":{"line":214,"column":4},"end":{"line":219,"column":5}},{"start":{"line":217,"column":9},"end":{"line":219,"column":5}}],"line":214},"12":{"loc":{"start":{"line":214,"column":8},"end":{"line":214,"column":42}},"type":"binary-expr","locations":[{"start":{"line":214,"column":8},"end":{"line":214,"column":25}},{"start":{"line":214,"column":29},"end":{"line":214,"column":42}}],"line":214},"13":{"loc":{"start":{"line":215,"column":26},"end":{"line":215,"column":91}},"type":"binary-expr","locations":[{"start":{"line":215,"column":26},"end":{"line":215,"column":43}},{"start":{"line":215,"column":47},"end":{"line":215,"column":91}}],"line":215},"14":{"loc":{"start":{"line":235,"column":6},"end":{"line":240,"column":7}},"type":"binary-expr","locations":[{"start":{"line":235,"column":6},"end":{"line":235,"column":31}},{"start":{"line":235,"column":35},"end":{"line":240,"column":7}}],"line":235},"15":{"loc":{"start":{"line":246,"column":6},"end":{"line":254,"column":7}},"type":"binary-expr","locations":[{"start":{"line":246,"column":6},"end":{"line":246,"column":24}},{"start":{"line":246,"column":28},"end":{"line":254,"column":7}}],"line":246},"16":{"loc":{"start":{"line":260,"column":6},"end":{"line":268,"column":7}},"type":"binary-expr","locations":[{"start":{"line":260,"column":6},"end":{"line":260,"column":25}},{"start":{"line":260,"column":29},"end":{"line":268,"column":7}}],"line":260}},"s":{"0":10,"1":10,"2":10,"3":10,"4":0,"5":10,"6":0,"7":10,"8":10,"9":0,"10":10,"11":10,"12":7,"13":24,"14":8,"15":8,"16":6,"17":6,"18":8,"19":0,"20":0,"21":0,"22":0,"23":39,"24":10,"25":10,"26":10,"27":10,"28":10,"29":10,"30":17,"31":9,"32":8,"33":8,"34":8,"35":8,"36":8,"37":0,"38":0,"39":6,"40":8,"41":8,"42":11,"43":8,"44":8,"45":8,"46":8,"47":8,"48":8,"49":8,"50":16,"51":0,"52":8,"53":8,"54":11,"55":11,"56":11,"57":8,"58":8},"f":{"0":10,"1":7,"2":24,"3":8,"4":6,"5":8,"6":0,"7":0,"8":0,"9":0,"10":39,"11":10,"12":17,"13":9,"14":8,"15":8,"16":8,"17":0,"18":6,"19":8,"20":8,"21":11,"22":8,"23":8,"24":8,"25":8,"26":8,"27":8,"28":16,"29":8,"30":11,"31":11,"32":11,"33":8,"34":8},"b":{"0":[10,0],"1":[0,10],"2":[0,10],"3":[0],"4":[8,0],"5":[6,0],"6":[0],"7":[39],"8":[10,0],"9":[10,0],"10":[10,0],"11":[8,0],"12":[8,8],"13":[8,8],"14":[11,0],"15":[11,0],"16":[11,0]},"_coverageSchema":"1a1c01bbd47fc00a2c39e90264f33305004495a9","hash":"bc90ca8fb925658d48d9334097ae60800985295e"}
,"/Users/xh/monorepo/packages/local-environment/src/network.ts": {"path":"/Users/xh/monorepo/packages/local-environment/src/network.ts","statementMap":{"0":{"start":{"line":74,"column":4},"end":{"line":74,"column":21}},"1":{"start":{"line":75,"column":4},"end":{"line":75,"column":37}},"2":{"start":{"line":76,"column":4},"end":{"line":76,"column":27}},"3":{"start":{"line":77,"column":4},"end":{"line":77,"column":50}},"4":{"start":{"line":78,"column":4},"end":{"line":78,"column":22}},"5":{"start":{"line":79,"column":4},"end":{"line":79,"column":22}},"6":{"start":{"line":80,"column":4},"end":{"line":80,"column":30}},"7":{"start":{"line":81,"column":4},"end":{"line":81,"column":19}},"8":{"start":{"line":82,"column":4},"end":{"line":82,"column":27}},"9":{"start":{"line":83,"column":4},"end":{"line":83,"column":25}},"10":{"start":{"line":84,"column":4},"end":{"line":86,"column":5}},"11":{"start":{"line":85,"column":6},"end":{"line":85,"column":27}},"12":{"start":{"line":87,"column":4},"end":{"line":87,"column":18}},"13":{"start":{"line":91,"column":4},"end":{"line":91,"column":58}},"14":{"start":{"line":95,"column":12},"end":{"line":95,"column":16}},"15":{"start":{"line":103,"column":4},"end":{"line":103,"column":35}},"16":{"start":{"line":104,"column":4},"end":{"line":104,"column":24}},"17":{"start":{"line":105,"column":4},"end":{"line":105,"column":30}},"18":{"start":{"line":106,"column":4},"end":{"line":106,"column":19}},"19":{"start":{"line":114,"column":4},"end":{"line":114,"column":28}},"20":{"start":{"line":118,"column":17},"end":{"line":118,"column":37}},"21":{"start":{"line":120,"column":4},"end":{"line":143,"column":7}},"22":{"start":{"line":126,"column":10},"end":{"line":126,"column":55}},"23":{"start":{"line":147,"column":4},"end":{"line":155,"column":5}},"24":{"start":{"line":148,"column":6},"end":{"line":152,"column":7}},"25":{"start":{"line":149,"column":8},"end":{"line":149,"column":43}},"26":{"start":{"line":151,"column":8},"end":{"line":151,"column":43}},"27":{"start":{"line":154,"column":6},"end":{"line":154,"column":46}},"28":{"start":{"line":196,"column":4},"end":{"line":196,"column":40}},"29":{"start":{"line":197,"column":4},"end":{"line":197,"column":65}},"30":{"start":{"line":198,"column":4},"end":{"line":198,"column":24}},"31":{"start":{"line":199,"column":4},"end":{"line":199,"column":28}},"32":{"start":{"line":200,"column":4},"end":{"line":200,"column":36}},"33":{"start":{"line":201,"column":4},"end":{"line":201,"column":25}},"34":{"start":{"line":202,"column":4},"end":{"line":202,"column":57}},"35":{"start":{"line":233,"column":4},"end":{"line":233,"column":32}},"36":{"start":{"line":234,"column":4},"end":{"line":234,"column":26}},"37":{"start":{"line":238,"column":4},"end":{"line":238,"column":20}},"38":{"start":{"line":242,"column":4},"end":{"line":250,"column":6}},"39":{"start":{"line":254,"column":4},"end":{"line":262,"column":6}},"40":{"start":{"line":266,"column":4},"end":{"line":266,"column":28}},"41":{"start":{"line":267,"column":4},"end":{"line":267,"column":21}},"42":{"start":{"line":271,"column":4},"end":{"line":276,"column":6}},"43":{"start":{"line":281,"column":28},"end":{"line":283,"column":5}},"44":{"start":{"line":284,"column":18},"end":{"line":284,"column":45}},"45":{"start":{"line":285,"column":20},"end":{"line":285,"column":2743}},"46":{"start":{"line":287,"column":6},"end":{"line":287,"column":7016}},"47":{"start":{"line":288,"column":24},"end":{"line":292,"column":5}},"48":{"start":{"line":293,"column":17},"end":{"line":293,"column":43}},"49":{"start":{"line":294,"column":4},"end":{"line":294,"column":24}},"50":{"start":{"line":303,"column":4},"end":{"line":307,"column":5}},"51":{"start":{"line":304,"column":6},"end":{"line":304,"column":43}},"52":{"start":{"line":306,"column":6},"end":{"line":306,"column":20}},"53":{"start":{"line":309,"column":4},"end":{"line":309,"column":54}},"54":{"start":{"line":311,"column":21},"end":{"line":311,"column":58}},"55":{"start":{"line":313,"column":4},"end":{"line":313,"column":30}},"56":{"start":{"line":314,"column":4},"end":{"line":314,"column":20}},"57":{"start":{"line":320,"column":21},"end":{"line":320,"column":46}},"58":{"start":{"line":321,"column":4},"end":{"line":321,"column":46}},"59":{"start":{"line":325,"column":4},"end":{"line":327,"column":6}},"60":{"start":{"line":331,"column":4},"end":{"line":331,"column":51}},"61":{"start":{"line":335,"column":4},"end":{"line":335,"column":36}},"62":{"start":{"line":339,"column":4},"end":{"line":339,"column":78}},"63":{"start":{"line":339,"column":71},"end":{"line":339,"column":78}},"64":{"start":{"line":340,"column":4},"end":{"line":340,"column":31}},"65":{"start":{"line":342,"column":4},"end":{"line":345,"column":5}},"66":{"start":{"line":343,"column":6},"end":{"line":343,"column":26}},"67":{"start":{"line":344,"column":6},"end":{"line":344,"column":30}},"68":{"start":{"line":349,"column":4},"end":{"line":349,"column":30}},"69":{"start":{"line":353,"column":4},"end":{"line":353,"column":38}},"70":{"start":{"line":357,"column":4},"end":{"line":357,"column":25}},"71":{"start":{"line":358,"column":4},"end":{"line":358,"column":23}},"72":{"start":{"line":362,"column":4},"end":{"line":362,"column":25}},"73":{"start":{"line":364,"column":4},"end":{"line":364,"column":22}},"74":{"start":{"line":365,"column":4},"end":{"line":365,"column":28}},"75":{"start":{"line":377,"column":4},"end":{"line":377,"column":40}},"76":{"start":{"line":378,"column":4},"end":{"line":381,"column":28}},"77":{"start":{"line":379,"column":6},"end":{"line":379,"column":33}},"78":{"start":{"line":381,"column":9},"end":{"line":381,"column":28}},"79":{"start":{"line":382,"column":4},"end":{"line":382,"column":25}},"80":{"start":{"line":383,"column":4},"end":{"line":383,"column":65}},"81":{"start":{"line":384,"column":4},"end":{"line":388,"column":5}},"82":{"start":{"line":385,"column":6},"end":{"line":385,"column":41}},"83":{"start":{"line":387,"column":6},"end":{"line":387,"column":50}},"84":{"start":{"line":389,"column":4},"end":{"line":389,"column":36}},"85":{"start":{"line":390,"column":4},"end":{"line":390,"column":28}},"86":{"start":{"line":391,"column":4},"end":{"line":391,"column":25}},"87":{"start":{"line":422,"column":4},"end":{"line":422,"column":26}},"88":{"start":{"line":426,"column":4},"end":{"line":426,"column":20}},"89":{"start":{"line":430,"column":4},"end":{"line":438,"column":6}},"90":{"start":{"line":442,"column":4},"end":{"line":450,"column":6}},"91":{"start":{"line":454,"column":4},"end":{"line":454,"column":28}},"92":{"start":{"line":455,"column":4},"end":{"line":455,"column":21}},"93":{"start":{"line":459,"column":4},"end":{"line":464,"column":6}},"94":{"start":{"line":469,"column":28},"end":{"line":471,"column":5}},"95":{"start":{"line":472,"column":18},"end":{"line":472,"column":45}},"96":{"start":{"line":473,"column":20},"end":{"line":473,"column":2743}},"97":{"start":{"line":475,"column":6},"end":{"line":475,"column":7016}},"98":{"start":{"line":476,"column":24},"end":{"line":480,"column":5}},"99":{"start":{"line":481,"column":17},"end":{"line":481,"column":43}},"100":{"start":{"line":482,"column":4},"end":{"line":482,"column":24}},"101":{"start":{"line":491,"column":4},"end":{"line":495,"column":5}},"102":{"start":{"line":492,"column":6},"end":{"line":492,"column":43}},"103":{"start":{"line":494,"column":6},"end":{"line":494,"column":20}},"104":{"start":{"line":497,"column":4},"end":{"line":497,"column":54}},"105":{"start":{"line":499,"column":21},"end":{"line":499,"column":58}},"106":{"start":{"line":501,"column":4},"end":{"line":501,"column":30}},"107":{"start":{"line":502,"column":4},"end":{"line":502,"column":20}},"108":{"start":{"line":508,"column":21},"end":{"line":508,"column":46}},"109":{"start":{"line":509,"column":4},"end":{"line":509,"column":46}},"110":{"start":{"line":513,"column":4},"end":{"line":515,"column":6}},"111":{"start":{"line":519,"column":4},"end":{"line":519,"column":38}},"112":{"start":{"line":523,"column":4},"end":{"line":523,"column":25}},"113":{"start":{"line":524,"column":4},"end":{"line":524,"column":23}},"114":{"start":{"line":528,"column":4},"end":{"line":528,"column":25}},"115":{"start":{"line":530,"column":4},"end":{"line":530,"column":22}},"116":{"start":{"line":531,"column":4},"end":{"line":531,"column":28}},"117":{"start":{"line":535,"column":4},"end":{"line":535,"column":51}},"118":{"start":{"line":539,"column":4},"end":{"line":539,"column":36}},"119":{"start":{"line":543,"column":4},"end":{"line":543,"column":78}},"120":{"start":{"line":543,"column":71},"end":{"line":543,"column":78}},"121":{"start":{"line":544,"column":4},"end":{"line":544,"column":31}},"122":{"start":{"line":546,"column":4},"end":{"line":549,"column":5}},"123":{"start":{"line":547,"column":6},"end":{"line":547,"column":26}},"124":{"start":{"line":548,"column":6},"end":{"line":548,"column":30}},"125":{"start":{"line":553,"column":4},"end":{"line":553,"column":30}}},"fnMap":{"0":{"name":"(anonymous_0)","decl":{"start":{"line":67,"column":2},"end":{"line":67,"column":3}},"loc":{"start":{"line":73,"column":4},"end":{"line":88,"column":3}},"line":73},"1":{"name":"(anonymous_1)","decl":{"start":{"line":90,"column":2},"end":{"line":90,"column":3}},"loc":{"start":{"line":90,"column":28},"end":{"line":92,"column":3}},"line":90},"2":{"name":"(anonymous_2)","decl":{"start":{"line":102,"column":2},"end":{"line":102,"column":3}},"loc":{"start":{"line":102,"column":47},"end":{"line":107,"column":3}},"line":102},"3":{"name":"(anonymous_3)","decl":{"start":{"line":109,"column":2},"end":{"line":109,"column":3}},"loc":{"start":{"line":109,"column":32},"end":{"line":115,"column":3}},"line":109},"4":{"name":"(anonymous_4)","decl":{"start":{"line":117,"column":2},"end":{"line":117,"column":3}},"loc":{"start":{"line":117,"column":56},"end":{"line":144,"column":3}},"line":117},"5":{"name":"(anonymous_5)","decl":{"start":{"line":125,"column":25},"end":{"line":125,"column":26}},"loc":{"start":{"line":125,"column":35},"end":{"line":127,"column":9}},"line":125},"6":{"name":"(anonymous_6)","decl":{"start":{"line":146,"column":2},"end":{"line":146,"column":3}},"loc":{"start":{"line":146,"column":47},"end":{"line":156,"column":3}},"line":146},"7":{"name":"(anonymous_7)","decl":{"start":{"line":195,"column":2},"end":{"line":195,"column":3}},"loc":{"start":{"line":195,"column":96},"end":{"line":203,"column":3}},"line":195},"8":{"name":"(anonymous_8)","decl":{"start":{"line":232,"column":2},"end":{"line":232,"column":3}},"loc":{"start":{"line":232,"column":30},"end":{"line":235,"column":3}},"line":232},"9":{"name":"(anonymous_9)","decl":{"start":{"line":237,"column":2},"end":{"line":237,"column":3}},"loc":{"start":{"line":237,"column":23},"end":{"line":239,"column":3}},"line":237},"10":{"name":"(anonymous_10)","decl":{"start":{"line":241,"column":2},"end":{"line":241,"column":3}},"loc":{"start":{"line":241,"column":28},"end":{"line":251,"column":3}},"line":241},"11":{"name":"(anonymous_11)","decl":{"start":{"line":253,"column":2},"end":{"line":253,"column":3}},"loc":{"start":{"line":253,"column":31},"end":{"line":263,"column":3}},"line":253},"12":{"name":"(anonymous_12)","decl":{"start":{"line":265,"column":2},"end":{"line":265,"column":3}},"loc":{"start":{"line":265,"column":39},"end":{"line":268,"column":3}},"line":265},"13":{"name":"(anonymous_13)","decl":{"start":{"line":270,"column":2},"end":{"line":270,"column":3}},"loc":{"start":{"line":270,"column":42},"end":{"line":277,"column":3}},"line":270},"14":{"name":"(anonymous_14)","decl":{"start":{"line":280,"column":2},"end":{"line":280,"column":3}},"loc":{"start":{"line":280,"column":38},"end":{"line":295,"column":3}},"line":280},"15":{"name":"(anonymous_15)","decl":{"start":{"line":297,"column":2},"end":{"line":297,"column":3}},"loc":{"start":{"line":301,"column":30},"end":{"line":315,"column":3}},"line":301},"16":{"name":"(anonymous_16)","decl":{"start":{"line":317,"column":2},"end":{"line":317,"column":3}},"loc":{"start":{"line":319,"column":36},"end":{"line":322,"column":3}},"line":319},"17":{"name":"(anonymous_17)","decl":{"start":{"line":324,"column":2},"end":{"line":324,"column":3}},"loc":{"start":{"line":324,"column":57},"end":{"line":328,"column":3}},"line":324},"18":{"name":"(anonymous_18)","decl":{"start":{"line":330,"column":2},"end":{"line":330,"column":3}},"loc":{"start":{"line":330,"column":26},"end":{"line":332,"column":3}},"line":330},"19":{"name":"(anonymous_19)","decl":{"start":{"line":334,"column":2},"end":{"line":334,"column":3}},"loc":{"start":{"line":334,"column":29},"end":{"line":336,"column":3}},"line":334},"20":{"name":"(anonymous_20)","decl":{"start":{"line":338,"column":2},"end":{"line":338,"column":3}},"loc":{"start":{"line":338,"column":24},"end":{"line":346,"column":3}},"line":338},"21":{"name":"(anonymous_21)","decl":{"start":{"line":348,"column":2},"end":{"line":348,"column":3}},"loc":{"start":{"line":348,"column":23},"end":{"line":350,"column":3}},"line":348},"22":{"name":"(anonymous_22)","decl":{"start":{"line":352,"column":2},"end":{"line":352,"column":3}},"loc":{"start":{"line":352,"column":40},"end":{"line":354,"column":3}},"line":352},"23":{"name":"(anonymous_23)","decl":{"start":{"line":356,"column":2},"end":{"line":356,"column":3}},"loc":{"start":{"line":356,"column":28},"end":{"line":359,"column":3}},"line":356},"24":{"name":"(anonymous_24)","decl":{"start":{"line":361,"column":2},"end":{"line":361,"column":3}},"loc":{"start":{"line":361,"column":30},"end":{"line":366,"column":3}},"line":361},"25":{"name":"(anonymous_25)","decl":{"start":{"line":376,"column":2},"end":{"line":376,"column":3}},"loc":{"start":{"line":376,"column":157},"end":{"line":392,"column":3}},"line":376},"26":{"name":"(anonymous_26)","decl":{"start":{"line":421,"column":2},"end":{"line":421,"column":3}},"loc":{"start":{"line":421,"column":30},"end":{"line":423,"column":3}},"line":421},"27":{"name":"(anonymous_27)","decl":{"start":{"line":425,"column":2},"end":{"line":425,"column":3}},"loc":{"start":{"line":425,"column":23},"end":{"line":427,"column":3}},"line":425},"28":{"name":"(anonymous_28)","decl":{"start":{"line":429,"column":2},"end":{"line":429,"column":3}},"loc":{"start":{"line":429,"column":28},"end":{"line":439,"column":3}},"line":429},"29":{"name":"(anonymous_29)","decl":{"start":{"line":441,"column":2},"end":{"line":441,"column":3}},"loc":{"start":{"line":441,"column":31},"end":{"line":451,"column":3}},"line":441},"30":{"name":"(anonymous_30)","decl":{"start":{"line":453,"column":2},"end":{"line":453,"column":3}},"loc":{"start":{"line":453,"column":39},"end":{"line":456,"column":3}},"line":453},"31":{"name":"(anonymous_31)","decl":{"start":{"line":458,"column":2},"end":{"line":458,"column":3}},"loc":{"start":{"line":458,"column":42},"end":{"line":465,"column":3}},"line":458},"32":{"name":"(anonymous_32)","decl":{"start":{"line":468,"column":2},"end":{"line":468,"column":3}},"loc":{"start":{"line":468,"column":38},"end":{"line":483,"column":3}},"line":468},"33":{"name":"(anonymous_33)","decl":{"start":{"line":485,"column":2},"end":{"line":485,"column":3}},"loc":{"start":{"line":489,"column":30},"end":{"line":503,"column":3}},"line":489},"34":{"name":"(anonymous_34)","decl":{"start":{"line":505,"column":2},"end":{"line":505,"column":3}},"loc":{"start":{"line":507,"column":36},"end":{"line":510,"column":3}},"line":507},"35":{"name":"(anonymous_35)","decl":{"start":{"line":512,"column":2},"end":{"line":512,"column":3}},"loc":{"start":{"line":512,"column":57},"end":{"line":516,"column":3}},"line":512},"36":{"name":"(anonymous_36)","decl":{"start":{"line":518,"column":2},"end":{"line":518,"column":3}},"loc":{"start":{"line":518,"column":40},"end":{"line":520,"column":3}},"line":518},"37":{"name":"(anonymous_37)","decl":{"start":{"line":522,"column":2},"end":{"line":522,"column":3}},"loc":{"start":{"line":522,"column":28},"end":{"line":525,"column":3}},"line":522},"38":{"name":"(anonymous_38)","decl":{"start":{"line":527,"column":2},"end":{"line":527,"column":3}},"loc":{"start":{"line":527,"column":30},"end":{"line":532,"column":3}},"line":527},"39":{"name":"(anonymous_39)","decl":{"start":{"line":534,"column":2},"end":{"line":534,"column":3}},"loc":{"start":{"line":534,"column":26},"end":{"line":536,"column":3}},"line":534},"40":{"name":"(anonymous_40)","decl":{"start":{"line":538,"column":2},"end":{"line":538,"column":3}},"loc":{"start":{"line":538,"column":29},"end":{"line":540,"column":3}},"line":538},"41":{"name":"(anonymous_41)","decl":{"start":{"line":542,"column":2},"end":{"line":542,"column":3}},"loc":{"start":{"line":542,"column":24},"end":{"line":550,"column":3}},"line":542},"42":{"name":"(anonymous_42)","decl":{"start":{"line":552,"column":2},"end":{"line":552,"column":3}},"loc":{"start":{"line":552,"column":23},"end":{"line":554,"column":3}},"line":552}},"branchMap":{"0":{"loc":{"start":{"line":84,"column":4},"end":{"line":86,"column":5}},"type":"if","locations":[{"start":{"line":84,"column":4},"end":{"line":86,"column":5}},{"start":{},"end":{}}],"line":84},"1":{"loc":{"start":{"line":91,"column":11},"end":{"line":91,"column":57}},"type":"binary-expr","locations":[{"start":{"line":91,"column":11},"end":{"line":91,"column":31}},{"start":{"line":91,"column":35},"end":{"line":91,"column":57}}],"line":91},"2":{"loc":{"start":{"line":147,"column":4},"end":{"line":155,"column":5}},"type":"if","locations":[{"start":{"line":147,"column":4},"end":{"line":155,"column":5}},{"start":{"line":153,"column":11},"end":{"line":155,"column":5}}],"line":147},"3":{"loc":{"start":{"line":148,"column":6},"end":{"line":152,"column":7}},"type":"if","locations":[{"start":{"line":148,"column":6},"end":{"line":152,"column":7}},{"start":{"line":150,"column":13},"end":{"line":152,"column":7}}],"line":148},"4":{"loc":{"start":{"line":200,"column":16},"end":{"line":200,"column":35}},"type":"binary-expr","locations":[{"start":{"line":200,"column":16},"end":{"line":200,"column":29}},{"start":{"line":200,"column":33},"end":{"line":200,"column":35}}],"line":200},"5":{"loc":{"start":{"line":303,"column":4},"end":{"line":307,"column":5}},"type":"if","locations":[{"start":{"line":303,"column":4},"end":{"line":307,"column":5}},{"start":{"line":305,"column":11},"end":{"line":307,"column":5}}],"line":303},"6":{"loc":{"start":{"line":339,"column":4},"end":{"line":339,"column":78}},"type":"if","locations":[{"start":{"line":339,"column":4},"end":{"line":339,"column":78}},{"start":{},"end":{}}],"line":339},"7":{"loc":{"start":{"line":342,"column":4},"end":{"line":345,"column":5}},"type":"if","locations":[{"start":{"line":342,"column":4},"end":{"line":345,"column":5}},{"start":{},"end":{}}],"line":342},"8":{"loc":{"start":{"line":378,"column":4},"end":{"line":381,"column":28}},"type":"if","locations":[{"start":{"line":378,"column":4},"end":{"line":381,"column":28}},{"start":{"line":381,"column":9},"end":{"line":381,"column":28}}],"line":378},"9":{"loc":{"start":{"line":384,"column":4},"end":{"line":388,"column":5}},"type":"if","locations":[{"start":{"line":384,"column":4},"end":{"line":388,"column":5}},{"start":{"line":386,"column":11},"end":{"line":388,"column":5}}],"line":384},"10":{"loc":{"start":{"line":389,"column":16},"end":{"line":389,"column":35}},"type":"binary-expr","locations":[{"start":{"line":389,"column":16},"end":{"line":389,"column":29}},{"start":{"line":389,"column":33},"end":{"line":389,"column":35}}],"line":389},"11":{"loc":{"start":{"line":491,"column":4},"end":{"line":495,"column":5}},"type":"if","locations":[{"start":{"line":491,"column":4},"end":{"line":495,"column":5}},{"start":{"line":493,"column":11},"end":{"line":495,"column":5}}],"line":491},"12":{"loc":{"start":{"line":543,"column":4},"end":{"line":543,"column":78}},"type":"if","locations":[{"start":{"line":543,"column":4},"end":{"line":543,"column":78}},{"start":{},"end":{}}],"line":543},"13":{"loc":{"start":{"line":546,"column":4},"end":{"line":549,"column":5}},"type":"if","locations":[{"start":{"line":546,"column":4},"end":{"line":549,"column":5}},{"start":{},"end":{}}],"line":546}},"s":{"0":10,"1":10,"2":10,"3":10,"4":10,"5":10,"6":10,"7":10,"8":10,"9":10,"10":10,"11":0,"12":10,"13":24,"14":6,"15":10,"16":10,"17":10,"18":10,"19":10,"20":6,"21":6,"22":24,"23":8,"24":8,"25":4,"26":4,"27":0,"28":10,"29":10,"30":10,"31":10,"32":10,"33":10,"34":10,"35":10,"36":10,"37":8,"38":11,"39":11,"40":4,"41":4,"42":11,"43":4,"44":4,"45":4,"46":4,"47":4,"48":4,"49":4,"50":0,"51":0,"52":0,"53":0,"54":0,"55":0,"56":0,"57":0,"58":0,"59":0,"60":16,"61":6,"62":8,"63":4,"64":4,"65":4,"66":4,"67":4,"68":6,"69":6,"70":8,"71":8,"72":8,"73":6,"74":6,"75":0,"76":0,"77":0,"78":0,"79":0,"80":0,"81":0,"82":0,"83":0,"84":0,"85":0,"86":0,"87":0,"88":0,"89":0,"90":0,"91":0,"92":0,"93":0,"94":0,"95":0,"96":0,"97":0,"98":0,"99":0,"100":0,"101":0,"102":0,"103":0,"104":0,"105":0,"106":0,"107":0,"108":0,"109":0,"110":0,"111":0,"112":0,"113":0,"114":0,"115":0,"116":0,"117":0,"118":0,"119":0,"120":0,"121":0,"122":0,"123":0,"124":0,"125":0},"f":{"0":10,"1":24,"2":10,"3":10,"4":6,"5":24,"6":8,"7":10,"8":10,"9":8,"10":11,"11":11,"12":4,"13":11,"14":4,"15":0,"16":0,"17":0,"18":16,"19":6,"20":8,"21":6,"22":6,"23":8,"24":8,"25":0,"26":0,"27":0,"28":0,"29":0,"30":0,"31":0,"32":0,"33":0,"34":0,"35":0,"36":0,"37":0,"38":0,"39":0,"40":0,"41":0,"42":0},"b":{"0":[0,10],"1":[24,0],"2":[8,0],"3":[4,4],"4":[10,10],"5":[0,0],"6":[4,4],"7":[4,0],"8":[0,0],"9":[0,0],"10":[0,0],"11":[0,0],"12":[0,0],"13":[0,0]},"_coverageSchema":"1a1c01bbd47fc00a2c39e90264f33305004495a9","hash":"7588bf16346b1b83d80c0d34a248544e8dcb8df3"}
,"/Users/xh/monorepo/packages/local-environment/src/nomadenv.ts": {"path":"/Users/xh/monorepo/packages/local-environment/src/nomadenv.ts","statementMap":{"0":{"start":{"line":12,"column":0},"end":{"line":14,"column":21}},"1":{"start":{"line":13,"column":2},"end":{"line":13,"column":58}},"2":{"start":{"line":14,"column":5},"end":{"line":14,"column":21}},"3":{"start":{"line":22,"column":8},"end":{"line":22,"column":49}},"4":{"start":{"line":25,"column":4},"end":{"line":25,"column":22}},"5":{"start":{"line":26,"column":4},"end":{"line":26,"column":29}},"6":{"start":{"line":27,"column":4},"end":{"line":27,"column":57}},"7":{"start":{"line":28,"column":4},"end":{"line":28,"column":54}},"8":{"start":{"line":32,"column":4},"end":{"line":32,"column":47}},"9":{"start":{"line":33,"column":4},"end":{"line":33,"column":44}},"10":{"start":{"line":34,"column":4},"end":{"line":34,"column":26}},"11":{"start":{"line":39,"column":14},"end":{"line":39,"column":58}},"12":{"start":{"line":40,"column":4},"end":{"line":40,"column":56}},"13":{"start":{"line":40,"column":35},"end":{"line":40,"column":56}},"14":{"start":{"line":41,"column":4},"end":{"line":41,"column":24}},"15":{"start":{"line":46,"column":14},"end":{"line":48,"column":5}},"16":{"start":{"line":47,"column":13},"end":{"line":47,"column":60}},"17":{"start":{"line":49,"column":4},"end":{"line":56,"column":8}},"18":{"start":{"line":50,"column":6},"end":{"line":56,"column":8}},"19":{"start":{"line":54,"column":22},"end":{"line":54,"column":44}},"20":{"start":{"line":57,"column":4},"end":{"line":57,"column":13}},"21":{"start":{"line":61,"column":4},"end":{"line":61,"column":54}},"22":{"start":{"line":61,"column":23},"end":{"line":61,"column":54}},"23":{"start":{"line":62,"column":4},"end":{"line":62,"column":24}},"24":{"start":{"line":66,"column":4},"end":{"line":66,"column":58}},"25":{"start":{"line":66,"column":25},"end":{"line":66,"column":58}},"26":{"start":{"line":67,"column":4},"end":{"line":67,"column":26}},"27":{"start":{"line":71,"column":4},"end":{"line":71,"column":32}},"28":{"start":{"line":73,"column":26},"end":{"line":73,"column":49}},"29":{"start":{"line":75,"column":22},"end":{"line":75,"column":32}},"30":{"start":{"line":76,"column":28},"end":{"line":76,"column":69}},"31":{"start":{"line":77,"column":4},"end":{"line":77,"column":59}},"32":{"start":{"line":79,"column":4},"end":{"line":79,"column":42}},"33":{"start":{"line":80,"column":4},"end":{"line":80,"column":40}},"34":{"start":{"line":82,"column":4},"end":{"line":82,"column":63}},"35":{"start":{"line":83,"column":4},"end":{"line":83,"column":57}},"36":{"start":{"line":85,"column":4},"end":{"line":85,"column":25}},"37":{"start":{"line":90,"column":4},"end":{"line":100,"column":5}},"38":{"start":{"line":92,"column":6},"end":{"line":92,"column":37}},"39":{"start":{"line":94,"column":6},"end":{"line":99,"column":7}},"40":{"start":{"line":95,"column":8},"end":{"line":95,"column":43}},"41":{"start":{"line":97,"column":8},"end":{"line":97,"column":25}},"42":{"start":{"line":98,"column":8},"end":{"line":98,"column":16}},"43":{"start":{"line":101,"column":4},"end":{"line":101,"column":34}},"44":{"start":{"line":111,"column":4},"end":{"line":111,"column":19}},"45":{"start":{"line":116,"column":4},"end":{"line":116,"column":49}},"46":{"start":{"line":117,"column":4},"end":{"line":120,"column":6}},"47":{"start":{"line":122,"column":25},"end":{"line":122,"column":71}},"48":{"start":{"line":123,"column":4},"end":{"line":129,"column":5}},"49":{"start":{"line":125,"column":6},"end":{"line":128,"column":8}},"50":{"start":{"line":133,"column":28},"end":{"line":133,"column":51}},"51":{"start":{"line":134,"column":4},"end":{"line":141,"column":5}},"52":{"start":{"line":136,"column":6},"end":{"line":136,"column":36}},"53":{"start":{"line":137,"column":6},"end":{"line":140,"column":8}},"54":{"start":{"line":145,"column":4},"end":{"line":145,"column":47}},"55":{"start":{"line":150,"column":4},"end":{"line":150,"column":17}},"56":{"start":{"line":154,"column":4},"end":{"line":155,"column":83}},"57":{"start":{"line":155,"column":6},"end":{"line":155,"column":83}},"58":{"start":{"line":159,"column":4},"end":{"line":159,"column":27}},"59":{"start":{"line":163,"column":4},"end":{"line":163,"column":27}},"60":{"start":{"line":167,"column":24},"end":{"line":167,"column":57}},"61":{"start":{"line":168,"column":4},"end":{"line":170,"column":5}},"62":{"start":{"line":169,"column":6},"end":{"line":169,"column":58}},"63":{"start":{"line":171,"column":4},"end":{"line":171,"column":23}},"64":{"start":{"line":175,"column":4},"end":{"line":175,"column":45}},"65":{"start":{"line":180,"column":4},"end":{"line":180,"column":36}},"66":{"start":{"line":181,"column":26},"end":{"line":181,"column":61}},"67":{"start":{"line":183,"column":4},"end":{"line":190,"column":5}},"68":{"start":{"line":184,"column":19},"end":{"line":184,"column":38}},"69":{"start":{"line":185,"column":23},"end":{"line":185,"column":58}},"70":{"start":{"line":186,"column":21},"end":{"line":186,"column":66}},"71":{"start":{"line":187,"column":21},"end":{"line":187,"column":45}},"72":{"start":{"line":188,"column":6},"end":{"line":188,"column":49}},"73":{"start":{"line":189,"column":6},"end":{"line":189,"column":72}},"74":{"start":{"line":191,"column":4},"end":{"line":191,"column":25}},"75":{"start":{"line":195,"column":4},"end":{"line":195,"column":30}},"76":{"start":{"line":199,"column":4},"end":{"line":233,"column":6}},"77":{"start":{"line":202,"column":40},"end":{"line":202,"column":54}},"78":{"start":{"line":204,"column":32},"end":{"line":204,"column":56}},"79":{"start":{"line":207,"column":32},"end":{"line":207,"column":63}},"80":{"start":{"line":212,"column":34},"end":{"line":212,"column":60}},"81":{"start":{"line":217,"column":25},"end":{"line":217,"column":45}},"82":{"start":{"line":218,"column":22},"end":{"line":218,"column":64}},"83":{"start":{"line":222,"column":25},"end":{"line":222,"column":45}},"84":{"start":{"line":223,"column":22},"end":{"line":223,"column":66}},"85":{"start":{"line":227,"column":25},"end":{"line":227,"column":45}},"86":{"start":{"line":228,"column":22},"end":{"line":228,"column":60}},"87":{"start":{"line":231,"column":32},"end":{"line":231,"column":62}},"88":{"start":{"line":238,"column":20},"end":{"line":238,"column":24}},"89":{"start":{"line":239,"column":4},"end":{"line":239,"column":74}},"90":{"start":{"line":239,"column":49},"end":{"line":239,"column":71}},"91":{"start":{"line":243,"column":4},"end":{"line":243,"column":57}},"92":{"start":{"line":243,"column":46},"end":{"line":243,"column":54}},"93":{"start":{"line":248,"column":20},"end":{"line":248,"column":24}},"94":{"start":{"line":249,"column":4},"end":{"line":249,"column":80}},"95":{"start":{"line":249,"column":49},"end":{"line":249,"column":77}},"96":{"start":{"line":253,"column":4},"end":{"line":253,"column":57}},"97":{"start":{"line":253,"column":46},"end":{"line":253,"column":54}},"98":{"start":{"line":258,"column":4},"end":{"line":258,"column":62}},"99":{"start":{"line":258,"column":46},"end":{"line":258,"column":59}},"100":{"start":{"line":264,"column":14},"end":{"line":264,"column":55}},"101":{"start":{"line":266,"column":22},"end":{"line":266,"column":23}},"102":{"start":{"line":267,"column":22},"end":{"line":267,"column":23}},"103":{"start":{"line":269,"column":2},"end":{"line":271,"column":3}},"104":{"start":{"line":270,"column":4},"end":{"line":270,"column":56}},"105":{"start":{"line":272,"column":2},"end":{"line":274,"column":3}},"106":{"start":{"line":273,"column":4},"end":{"line":273,"column":56}},"107":{"start":{"line":276,"column":13},"end":{"line":279,"column":4}},"108":{"start":{"line":281,"column":2},"end":{"line":281,"column":49}},"109":{"start":{"line":282,"column":2},"end":{"line":282,"column":51}},"110":{"start":{"line":284,"column":2},"end":{"line":284,"column":34}},"111":{"start":{"line":286,"column":2},"end":{"line":286,"column":49}},"112":{"start":{"line":288,"column":2},"end":{"line":288,"column":24}},"113":{"start":{"line":291,"column":2},"end":{"line":297,"column":3}},"114":{"start":{"line":292,"column":4},"end":{"line":296,"column":5}},"115":{"start":{"line":293,"column":6},"end":{"line":295,"column":7}},"116":{"start":{"line":294,"column":8},"end":{"line":294,"column":42}},"117":{"start":{"line":302,"column":2},"end":{"line":304,"column":3}},"118":{"start":{"line":303,"column":4},"end":{"line":303,"column":83}},"119":{"start":{"line":306,"column":2},"end":{"line":306,"column":60}},"120":{"start":{"line":308,"column":2},"end":{"line":308,"column":22}},"121":{"start":{"line":310,"column":2},"end":{"line":310,"column":24}},"122":{"start":{"line":312,"column":2},"end":{"line":312,"column":30}},"123":{"start":{"line":316,"column":2},"end":{"line":316,"column":12}}},"fnMap":{"0":{"name":"(anonymous_0)","decl":{"start":{"line":24,"column":2},"end":{"line":24,"column":3}},"loc":{"start":{"line":24,"column":38},"end":{"line":29,"column":3}},"line":24},"1":{"name":"(anonymous_1)","decl":{"start":{"line":31,"column":2},"end":{"line":31,"column":3}},"loc":{"start":{"line":31,"column":49},"end":{"line":35,"column":3}},"line":31},"2":{"name":"(anonymous_2)","decl":{"start":{"line":38,"column":2},"end":{"line":38,"column":3}},"loc":{"start":{"line":38,"column":72},"end":{"line":42,"column":3}},"line":38},"3":{"name":"(anonymous_3)","decl":{"start":{"line":45,"column":2},"end":{"line":45,"column":3}},"loc":{"start":{"line":45,"column":32},"end":{"line":58,"column":3}},"line":45},"4":{"name":"(anonymous_4)","decl":{"start":{"line":47,"column":6},"end":{"line":47,"column":7}},"loc":{"start":{"line":47,"column":13},"end":{"line":47,"column":60}},"line":47},"5":{"name":"(anonymous_5)","decl":{"start":{"line":54,"column":15},"end":{"line":54,"column":16}},"loc":{"start":{"line":54,"column":22},"end":{"line":54,"column":44}},"line":54},"6":{"name":"(anonymous_6)","decl":{"start":{"line":60,"column":2},"end":{"line":60,"column":3}},"loc":{"start":{"line":60,"column":29},"end":{"line":63,"column":3}},"line":60},"7":{"name":"(anonymous_7)","decl":{"start":{"line":65,"column":2},"end":{"line":65,"column":3}},"loc":{"start":{"line":65,"column":32},"end":{"line":68,"column":3}},"line":65},"8":{"name":"(anonymous_8)","decl":{"start":{"line":70,"column":2},"end":{"line":70,"column":3}},"loc":{"start":{"line":70,"column":46},"end":{"line":86,"column":3}},"line":70},"9":{"name":"(anonymous_9)","decl":{"start":{"line":88,"column":2},"end":{"line":88,"column":3}},"loc":{"start":{"line":88,"column":41},"end":{"line":112,"column":3}},"line":88},"10":{"name":"(anonymous_10)","decl":{"start":{"line":114,"column":2},"end":{"line":114,"column":3}},"loc":{"start":{"line":114,"column":85},"end":{"line":130,"column":3}},"line":114},"11":{"name":"(anonymous_11)","decl":{"start":{"line":132,"column":2},"end":{"line":132,"column":3}},"loc":{"start":{"line":132,"column":88},"end":{"line":142,"column":3}},"line":132},"12":{"name":"(anonymous_12)","decl":{"start":{"line":144,"column":2},"end":{"line":144,"column":3}},"loc":{"start":{"line":144,"column":31},"end":{"line":146,"column":3}},"line":144},"13":{"name":"(anonymous_13)","decl":{"start":{"line":149,"column":2},"end":{"line":149,"column":3}},"loc":{"start":{"line":149,"column":26},"end":{"line":151,"column":3}},"line":149},"14":{"name":"(anonymous_14)","decl":{"start":{"line":153,"column":2},"end":{"line":153,"column":3}},"loc":{"start":{"line":153,"column":36},"end":{"line":156,"column":3}},"line":153},"15":{"name":"(anonymous_15)","decl":{"start":{"line":158,"column":2},"end":{"line":158,"column":3}},"loc":{"start":{"line":158,"column":41},"end":{"line":160,"column":3}},"line":158},"16":{"name":"(anonymous_16)","decl":{"start":{"line":162,"column":2},"end":{"line":162,"column":3}},"loc":{"start":{"line":162,"column":41},"end":{"line":164,"column":3}},"line":162},"17":{"name":"(anonymous_17)","decl":{"start":{"line":166,"column":2},"end":{"line":166,"column":3}},"loc":{"start":{"line":166,"column":28},"end":{"line":172,"column":3}},"line":166},"18":{"name":"(anonymous_18)","decl":{"start":{"line":174,"column":2},"end":{"line":174,"column":3}},"loc":{"start":{"line":174,"column":30},"end":{"line":176,"column":3}},"line":174},"19":{"name":"(anonymous_19)","decl":{"start":{"line":178,"column":2},"end":{"line":178,"column":3}},"loc":{"start":{"line":178,"column":36},"end":{"line":192,"column":3}},"line":178},"20":{"name":"(anonymous_20)","decl":{"start":{"line":194,"column":2},"end":{"line":194,"column":3}},"loc":{"start":{"line":194,"column":37},"end":{"line":196,"column":3}},"line":194},"21":{"name":"(anonymous_21)","decl":{"start":{"line":198,"column":2},"end":{"line":198,"column":3}},"loc":{"start":{"line":198,"column":33},"end":{"line":234,"column":3}},"line":198},"22":{"name":"(anonymous_22)","decl":{"start":{"line":202,"column":33},"end":{"line":202,"column":34}},"loc":{"start":{"line":202,"column":40},"end":{"line":202,"column":54}},"line":202},"23":{"name":"(anonymous_23)","decl":{"start":{"line":204,"column":25},"end":{"line":204,"column":26}},"loc":{"start":{"line":204,"column":32},"end":{"line":204,"column":56}},"line":204},"24":{"name":"(anonymous_24)","decl":{"start":{"line":207,"column":25},"end":{"line":207,"column":26}},"loc":{"start":{"line":207,"column":32},"end":{"line":207,"column":63}},"line":207},"25":{"name":"(anonymous_25)","decl":{"start":{"line":212,"column":27},"end":{"line":212,"column":28}},"loc":{"start":{"line":212,"column":34},"end":{"line":212,"column":60}},"line":212},"26":{"name":"(anonymous_26)","decl":{"start":{"line":217,"column":18},"end":{"line":217,"column":19}},"loc":{"start":{"line":217,"column":25},"end":{"line":217,"column":45}},"line":217},"27":{"name":"(anonymous_27)","decl":{"start":{"line":218,"column":15},"end":{"line":218,"column":16}},"loc":{"start":{"line":218,"column":22},"end":{"line":218,"column":64}},"line":218},"28":{"name":"(anonymous_28)","decl":{"start":{"line":222,"column":18},"end":{"line":222,"column":19}},"loc":{"start":{"line":222,"column":25},"end":{"line":222,"column":45}},"line":222},"29":{"name":"(anonymous_29)","decl":{"start":{"line":223,"column":15},"end":{"line":223,"column":16}},"loc":{"start":{"line":223,"column":22},"end":{"line":223,"column":66}},"line":223},"30":{"name":"(anonymous_30)","decl":{"start":{"line":227,"column":18},"end":{"line":227,"column":19}},"loc":{"start":{"line":227,"column":25},"end":{"line":227,"column":45}},"line":227},"31":{"name":"(anonymous_31)","decl":{"start":{"line":228,"column":15},"end":{"line":228,"column":16}},"loc":{"start":{"line":228,"column":22},"end":{"line":228,"column":60}},"line":228},"32":{"name":"(anonymous_32)","decl":{"start":{"line":231,"column":25},"end":{"line":231,"column":26}},"loc":{"start":{"line":231,"column":32},"end":{"line":231,"column":62}},"line":231},"33":{"name":"(anonymous_33)","decl":{"start":{"line":237,"column":2},"end":{"line":237,"column":3}},"loc":{"start":{"line":237,"column":28},"end":{"line":240,"column":3}},"line":237},"34":{"name":"(anonymous_34)","decl":{"start":{"line":239,"column":39},"end":{"line":239,"column":40}},"loc":{"start":{"line":239,"column":49},"end":{"line":239,"column":71}},"line":239},"35":{"name":"(anonymous_35)","decl":{"start":{"line":242,"column":2},"end":{"line":242,"column":3}},"loc":{"start":{"line":242,"column":30},"end":{"line":244,"column":3}},"line":242},"36":{"name":"(anonymous_36)","decl":{"start":{"line":243,"column":39},"end":{"line":243,"column":40}},"loc":{"start":{"line":243,"column":46},"end":{"line
[...]
s":[{"start":{"line":35,"column":29},"end":{"line":35,"column":44}},{"start":{"line":35,"column":48},"end":{"line":35,"column":74}}],"line":35},"5":{"loc":{"start":{"line":36,"column":20},"end":{"line":38,"column":5}},"type":"binary-expr","locations":[{"start":{"line":36,"column":20},"end":{"line":36,"column":57}},{"start":{"line":36,"column":61},"end":{"line":38,"column":5}}],"line":36},"6":{"loc":{"start":{"line":67,"column":43},"end":{"line":67,"column":60}},"type":"default-arg","locations":[{"start":{"line":67,"column":59},"end":{"line":67,"column":60}}],"line":67},"7":{"loc":{"start":{"line":68,"column":4},"end":{"line":68,"column":34}},"type":"if","locations":[{"start":{"line":68,"column":4},"end":{"line":68,"column":34}},{"start":{},"end":{}}],"line":68},"8":{"loc":{"start":{"line":69,"column":4},"end":{"line":88,"column":5}},"type":"switch","locations":[{"start":{"line":70,"column":6},"end":{"line":71,"column":28}},{"start":{"line":72,"column":6},"end":{"line":73,"column":28}},{"start":{"line":75,"column":6},"end":{"line":76,"column":30}},{"start":{"line":78,"column":6},"end":{"line":81,"column":44}},{"start":{"line":83,"column":6},"end":{"line":84,"column":26}},{"start":{"line":86,"column":6},"end":{"line":87,"column":27}}],"line":69},"9":{"loc":{"start":{"line":79,"column":8},"end":{"line":80,"column":72}},"type":"if","locations":[{"start":{"line":79,"column":8},"end":{"line":80,"column":72}},{"start":{},"end":{}}],"line":79},"10":{"loc":{"start":{"line":91,"column":46},"end":{"line":91,"column":63}},"type":"default-arg","locations":[{"start":{"line":91,"column":62},"end":{"line":91,"column":63}}],"line":91}},"s":{"0":10,"1":10,"2":10,"3":10,"4":10,"5":10,"6":0,"7":8,"8":0,"9":0,"10":0,"11":49,"12":12,"13":37,"14":6,"15":6,"16":6,"17":6,"18":0,"19":6,"20":3,"21":10,"22":0},"f":{"0":10,"1":0,"2":8,"3":0,"4":0,"5":0,"6":49,"7":0},"b":{"0":[10,10],"1":[10,10],"2":[10,10],"3":[10,10],"4":[10,10],"5":[10,10],"6":[10],"7":[12,37],"8":[6,6,6,6,3,10],"9":[0,6],"10":[0]},"_coverageSchema":"1a1c01bbd47fc00a2c39e90264f33305004495a9","hash":"ab33189388c7f1cc633cde89e0644d9a3763dcdb"}
,"/Users/xh/monorepo/packages/local-environment/src/keys/key.ts": {"path":"/Users/xh/monorepo/packages/local-environment/src/keys/key.ts","statementMap":{"0":{"start":{"line":3,"column":46},"end":{"line":3,"column":66}},"1":{"start":{"line":4,"column":25},"end":{"line":4,"column":42}},"2":{"start":{"line":10,"column":4},"end":{"line":18,"column":5}},"3":{"start":{"line":11,"column":6},"end":{"line":15,"column":7}},"4":{"start":{"line":12,"column":8},"end":{"line":12,"column":27}},"5":{"start":{"line":14,"column":8},"end":{"line":14,"column":47}},"6":{"start":{"line":17,"column":6},"end":{"line":17,"column":42}},"7":{"start":{"line":22,"column":4},"end":{"line":22,"column":38}},"8":{"start":{"line":26,"column":4},"end":{"line":26,"column":43}},"9":{"start":{"line":30,"column":4},"end":{"line":30,"column":39}},"10":{"start":{"line":38,"column":2},"end":{"line":42,"column":3}},"11":{"start":{"line":39,"column":4},"end":{"line":41,"column":6}},"12":{"start":{"line":44,"column":23},"end":{"line":44,"column":60}},"13":{"start":{"line":45,"column":17},"end":{"line":45,"column":65}},"14":{"start":{"line":46,"column":21},"end":{"line":48,"column":18}},"15":{"start":{"line":49,"column":24},"end":{"line":49,"column":28}},"16":{"start":{"line":51,"column":2},"end":{"line":56,"column":3}},"17":{"start":{"line":51,"column":15},"end":{"line":51,"column":16}},"18":{"start":{"line":52,"column":4},"end":{"line":55,"column":26}},"19":{"start":{"line":58,"column":2},"end":{"line":58,"column":25}},"20":{"start":{"line":62,"column":2},"end":{"line":62,"column":61}},"21":{"start":{"line":66,"column":2},"end":{"line":69,"column":3}},"22":{"start":{"line":67,"column":4},"end":{"line":67,"column":80}},"23":{"start":{"line":68,"column":4},"end":{"line":68,"column":46}},"24":{"start":{"line":71,"column":2},"end":{"line":71,"column":71}},"25":{"start":{"line":72,"column":15},"end":{"line":72,"column":71}},"26":{"start":{"line":73,"column":2},"end":{"line":73,"column":60}},"27":{"start":{"line":77,"column":2},"end":{"line":81,"column":3}},"28":{"start":{"line":78,"column":4},"end":{"line":79,"column":73}},"29":{"start":{"line":80,"column":4},"end":{"line":80,"column":48}},"30":{"start":{"line":83,"column":2},"end":{"line":83,"column":57}},"31":{"start":{"line":87,"column":2},"end":{"line":91,"column":3}},"32":{"start":{"line":88,"column":4},"end":{"line":89,"column":73}},"33":{"start":{"line":90,"column":4},"end":{"line":90,"column":48}},"34":{"start":{"line":93,"column":2},"end":{"line":93,"column":63}}},"fnMap":{"0":{"name":"(anonymous_0)","decl":{"start":{"line":9,"column":2},"end":{"line":9,"column":3}},"loc":{"start":{"line":9,"column":39},"end":{"line":19,"column":3}},"line":9},"1":{"name":"(anonymous_1)","decl":{"start":{"line":21,"column":2},"end":{"line":21,"column":3}},"loc":{"start":{"line":21,"column":21},"end":{"line":23,"column":3}},"line":21},"2":{"name":"(anonymous_2)","decl":{"start":{"line":25,"column":2},"end":{"line":25,"column":3}},"loc":{"start":{"line":25,"column":22},"end":{"line":27,"column":3}},"line":25},"3":{"name":"(anonymous_3)","decl":{"start":{"line":29,"column":2},"end":{"line":29,"column":3}},"loc":{"start":{"line":29,"column":21},"end":{"line":31,"column":3}},"line":29},"4":{"name":"toChecksumAddress","decl":{"start":{"line":34,"column":9},"end":{"line":34,"column":26}},"loc":{"start":{"line":37,"column":10},"end":{"line":59,"column":1}},"line":37},"5":{"name":"stripHexPrefix","decl":{"start":{"line":61,"column":9},"end":{"line":61,"column":23}},"loc":{"start":{"line":61,"column":47},"end":{"line":63,"column":1}},"line":61},"6":{"name":"publicKeyToAddress","decl":{"start":{"line":65,"column":9},"end":{"line":65,"column":27}},"loc":{"start":{"line":65,"column":64},"end":{"line":74,"column":1}},"line":65},"7":{"name":"privateKeyToPublicKey","decl":{"start":{"line":76,"column":9},"end":{"line":76,"column":30}},"loc":{"start":{"line":76,"column":68},"end":{"line":84,"column":1}},"line":76},"8":{"name":"privateKeyToAddress","decl":{"start":{"line":86,"column":9},"end":{"line":86,"column":28}},"loc":{"start":{"line":86,"column":66},"end":{"line":94,"column":1}},"line":86}},"branchMap":{"0":{"loc":{"start":{"line":10,"column":4},"end":{"line":18,"column":5}},"type":"if","locations":[{"start":{"line":10,"column":4},"end":{"line":18,"column":5}},{"start":{"line":16,"column":11},"end":{"line":18,"column":5}}],"line":10},"1":{"loc":{"start":{"line":11,"column":6},"end":{"line":15,"column":7}},"type":"if","locations":[{"start":{"line":11,"column":6},"end":{"line":15,"column":7}},{"start":{"line":13,"column":13},"end":{"line":15,"column":7}}],"line":11},"2":{"loc":{"start":{"line":36,"column":2},"end":{"line":36,"column":31}},"type":"default-arg","locations":[{"start":{"line":36,"column":27},"end":{"line":36,"column":31}}],"line":36},"3":{"loc":{"start":{"line":38,"column":2},"end":{"line":42,"column":3}},"type":"if","locations":[{"start":{"line":38,"column":2},"end":{"line":42,"column":3}},{"start":{},"end":{}}],"line":38},"4":{"loc":{"start":{"line":45,"column":17},"end":{"line":45,"column":65}},"type":"cond-expr","locations":[{"start":{"line":45,"column":35},"end":{"line":45,"column":60}},{"start":{"line":45,"column":63},"end":{"line":45,"column":65}}],"line":45},"5":{"loc":{"start":{"line":53,"column":6},"end":{"line":55,"column":25}},"type":"cond-expr","locations":[{"start":{"line":54,"column":10},"end":{"line":54,"column":39}},{"start":{"line":55,"column":10},"end":{"line":55,"column":25}}],"line":53},"6":{"loc":{"start":{"line":62,"column":9},"end":{"line":62,"column":60}},"type":"cond-expr","locations":[{"start":{"line":62,"column":38},"end":{"line":62,"column":52}},{"start":{"line":62,"column":55},"end":{"line":62,"column":60}}],"line":62},"7":{"loc":{"start":{"line":66,"column":2},"end":{"line":69,"column":3}},"type":"if","locations":[{"start":{"line":66,"column":2},"end":{"line":69,"column":3}},{"start":{},"end":{}}],"line":66},"8":{"loc":{"start":{"line":67,"column":16},"end":{"line":67,"column":79}},"type":"cond-expr","locations":[{"start":{"line":67,"column":49},"end":{"line":67,"column":67}},{"start":{"line":67,"column":70},"end":{"line":67,"column":79}}],"line":67},"9":{"loc":{"start":{"line":77,"column":2},"end":{"line":81,"column":3}},"type":"if","locations":[{"start":{"line":77,"column":2},"end":{"line":81,"column":3}},{"start":{},"end":{}}],"line":77},"10":{"loc":{"start":{"line":79,"column":6},"end":{"line":79,"column":72}},"type":"cond-expr","locations":[{"start":{"line":79,"column":40},"end":{"line":79,"column":59}},{"start":{"line":79,"column":62},"end":{"line":79,"column":72}}],"line":79},"11":{"loc":{"start":{"line":87,"column":2},"end":{"line":91,"column":3}},"type":"if","locations":[{"start":{"line":87,"column":2},"end":{"line":91,"column":3}},{"start":{},"end":{}}],"line":87},"12":{"loc":{"start":{"line":89,"column":6},"end":{"line":89,"column":72}},"type":"cond-expr","locations":[{"start":{"line":89,"column":40},"end":{"line":89,"column":59}},{"start":{"line":89,"column":62},"end":{"line":89,"column":72}}],"line":89}},"s":{"0":6,"1":6,"2":62,"3":60,"4":0,"5":60,"6":2,"7":70,"8":30,"9":0,"10":30,"11":0,"12":30,"13":30,"14":30,"15":30,"16":30,"17":30,"18":1200,"19":30,"20":30,"21":30,"22":0,"23":0,"24":30,"25":30,"26":30,"27":30,"28":0,"29":0,"30":30,"31":30,"32":0,"33":0,"34":30},"f":{"0":62,"1":70,"2":30,"3":0,"4":30,"5":30,"6":30,"7":30,"8":30},"b":{"0":[60,2],"1":[0,60],"2":[30],"3":[0,30],"4":[0,30],"5":[690,510],"6":[0,30],"7":[0,30],"8":[0,0],"9":[0,30],"10":[0,0],"11":[0,30],"12":[0,0]},"_coverageSchema":"1a1c01bbd47fc00a2c39e90264f33305004495a9","hash":"6fae8c6ab3319e39a61e4024186970f5cd17fa23"}
,"/Users/xh/monorepo/packages/local-environment/tests/common.ts": {"path":"/Users/xh/monorepo/packages/local-environment/tests/common.ts","statementMap":{"0":{"start":{"line":37,"column":14},"end":{"line":37,"column":30}},"1":{"start":{"line":39,"column":20},"end":{"line":39,"column":44}},"2":{"start":{"line":41,"column":32},"end":{"line":41,"column":34}},"3":{"start":{"line":43,"column":2},"end":{"line":95,"column":3}},"4":{"start":{"line":44,"column":19},"end":{"line":44,"column":43}},"5":{"start":{"line":45,"column":4},"end":{"line":45,"column":82}},"6":{"start":{"line":47,"column":15},"end":{"line":57,"column":5}},"7":{"start":{"line":59,"column":4},"end":{"line":59,"column":16}},"8":{"start":{"line":61,"column":4},"end":{"line":61,"column":20}},"9":{"start":{"line":65,"column":24},"end":{"line":65,"column":53}},"10":{"start":{"line":67,"column":4},"end":{"line":67,"column":96}},"11":{"start":{"line":68,"column":4},"end":{"line":68,"column":61}},"12":{"start":{"line":70,"column":4},"end":{"line":70,"column":42}},"13":{"start":{"line":73,"column":20},"end":{"line":73,"column":84}},"14":{"start":{"line":74,"column":4},"end":{"line":90,"column":5}},"15":{"start":{"line":75,"column":6},"end":{"line":75,"column":59}},"16":{"start":{"line":76,"column":6},"end":{"line":85,"column":9}},"17":{"start":{"line":77,"column":8},"end":{"line":79,"column":11}},"18":{"start":{"line":78,"column":10},"end":{"line":78,"column":111}},"19":{"start":{"line":81,"column":8},"end":{"line":84,"column":11}},"20":{"start":{"line":82,"column":10},"end":{"line":82,"column":90}},"21":{"start":{"line":83,"column":10},"end":{"line":83,"column":24}},"22":{"start":{"line":86,"column":6},"end":{"line":86,"column":41}},"23":{"start":{"line":88,"column":6},"end":{"line":88,"column":30}},"24":{"start":{"line":89,"column":6},"end":{"line":89,"column":37}},"25":{"start":{"line":92,"column":4},"end":{"line":94,"column":6}},"26":{"start":{"line":98,"column":16},"end":{"line":98,"column":55}},"27":{"start":{"line":99,"column":2},"end":{"line":99,"column":109}},"28":{"start":{"line":101,"column":17},"end":{"line":117,"column":5}},"29":{"start":{"line":102,"column":19},"end":{"line":115,"column":23}},"30":{"start":{"line":103,"column":28},"end":{"line":103,"column":56}},"31":{"start":{"line":105,"column":6},"end":{"line":114,"column":7}},"32":{"start":{"line":108,"column":8},"end":{"line":112,"column":10}},"33":{"start":{"line":113,"column":8},"end":{"line":113,"column":29}},"34":{"start":{"line":116,"column":4},"end":{"line":116,"column":25}},"35":{"start":{"line":120,"column":24},"end":{"line":120,"column":33}},"36":{"start":{"line":121,"column":2},"end":{"line":121,"column":88}},"37":{"start":{"line":121,"column":30},"end":{"line":121,"column":88}},"38":{"start":{"line":123,"column":2},"end":{"line":123,"column":59}},"39":{"start":{"line":123,"column":22},"end":{"line":123,"column":59}},"40":{"start":{"line":125,"column":19},"end":{"line":125,"column":60}},"41":{"start":{"line":128,"column":18},"end":{"line":144,"column":3}},"42":{"start":{"line":130,"column":6},"end":{"line":140,"column":7}},"43":{"start":{"line":131,"column":8},"end":{"line":131,"column":20}},"44":{"start":{"line":133,"column":8},"end":{"line":133,"column":63}},"45":{"start":{"line":134,"column":8},"end":{"line":139,"column":10}},"46":{"start":{"line":146,"column":18},"end":{"line":146,"column":38}},"47":{"start":{"line":148,"column":2},"end":{"line":148,"column":138}},"48":{"start":{"line":150,"column":2},"end":{"line":151,"column":78}},"49":{"start":{"line":151,"column":4},"end":{"line":151,"column":78}},"50":{"start":{"line":152,"column":2},"end":{"line":153,"column":64}},"51":{"start":{"line":153,"column":4},"end":{"line":153,"column":64}},"52":{"start":{"line":155,"column":2},"end":{"line":155,"column":24}},"53":{"start":{"line":161,"column":18},"end":{"line":161,"column":43}},"54":{"start":{"line":162,"column":18},"end":{"line":162,"column":45}},"55":{"start":{"line":164,"column":17},"end":{"line":164,"column":26}},"56":{"start":{"line":165,"column":19},"end":{"line":165,"column":28}},"57":{"start":{"line":167,"column":2},"end":{"line":167,"column":34}},"58":{"start":{"line":168,"column":2},"end":{"line":168,"column":36}},"59":{"start":{"line":170,"column":13},"end":{"line":170,"column":91}},"60":{"start":{"line":172,"column":2},"end":{"line":172,"column":24}},"61":{"start":{"line":173,"column":2},"end":{"line":173,"column":24}},"62":{"start":{"line":174,"column":2},"end":{"line":174,"column":34}},"63":{"start":{"line":176,"column":2},"end":{"line":176,"column":34}},"64":{"start":{"line":177,"column":2},"end":{"line":177,"column":34}},"65":{"start":{"line":178,"column":2},"end":{"line":178,"column":38}},"66":{"start":{"line":180,"column":2},"end":{"line":180,"column":24}},"67":{"start":{"line":181,"column":2},"end":{"line":181,"column":34}},"68":{"start":{"line":186,"column":2},"end":{"line":189,"column":5}},"69":{"start":{"line":191,"column":2},"end":{"line":191,"column":30}},"70":{"start":{"line":193,"column":2},"end":{"line":195,"column":4}}},"fnMap":{"0":{"name":"sendTokensAndConfirm","decl":{"start":{"line":28,"column":22},"end":{"line":28,"column":42}},"loc":{"start":{"line":36,"column":24},"end":{"line":156,"column":1}},"line":36},"1":{"name":"(anonymous_1)","decl":{"start":{"line":76,"column":24},"end":{"line":76,"column":25}},"loc":{"start":{"line":76,"column":45},"end":{"line":85,"column":7}},"line":76},"2":{"name":"(anonymous_2)","decl":{"start":{"line":77,"column":69},"end":{"line":77,"column":70}},"loc":{"start":{"line":77,"column":115},"end":{"line":79,"column":9}},"line":77},"3":{"name":"(anonymous_3)","decl":{"start":{"line":81,"column":64},"end":{"line":81,"column":65}},"loc":{"start":{"line":81,"column":103},"end":{"line":84,"column":9}},"line":81},"4":{"name":"(anonymous_4)","decl":{"start":{"line":101,"column":42},"end":{"line":101,"column":43}},"loc":{"start":{"line":101,"column":47},"end":{"line":117,"column":3}},"line":101},"5":{"name":"(anonymous_5)","decl":{"start":{"line":102,"column":30},"end":{"line":102,"column":31}},"loc":{"start":{"line":102,"column":42},"end":{"line":115,"column":5}},"line":102},"6":{"name":"(anonymous_6)","decl":{"start":{"line":129,"column":4},"end":{"line":129,"column":5}},"loc":{"start":{"line":129,"column":16},"end":{"line":141,"column":5}},"line":129},"7":{"name":"setupTwo","decl":{"start":{"line":158,"column":22},"end":{"line":158,"column":30}},"loc":{"start":{"line":158,"column":71},"end":{"line":196,"column":1}},"line":158}},"branchMap":{"0":{"loc":{"start":{"line":74,"column":4},"end":{"line":90,"column":5}},"type":"if","locations":[{"start":{"line":74,"column":4},"end":{"line":90,"column":5}},{"start":{"line":87,"column":11},"end":{"line":90,"column":5}}],"line":74},"1":{"loc":{"start":{"line":105,"column":6},"end":{"line":114,"column":7}},"type":"if","locations":[{"start":{"line":105,"column":6},"end":{"line":114,"column":7}},{"start":{},"end":{}}],"line":105},"2":{"loc":{"start":{"line":121,"column":2},"end":{"line":121,"column":88}},"type":"if","locations":[{"start":{"line":121,"column":2},"end":{"line":121,"column":88}},{"start":{},"end":{}}],"line":121},"3":{"loc":{"start":{"line":123,"column":2},"end":{"line":123,"column":59}},"type":"if","locations":[{"start":{"line":123,"column":2},"end":{"line":123,"column":59}},{"start":{},"end":{}}],"line":123},"4":{"loc":{"start":{"line":130,"column":6},"end":{"line":140,"column":7}},"type":"if","locations":[{"start":{"line":130,"column":6},"end":{"line":140,"column":7}},{"start":{"line":132,"column":13},"end":{"line":140,"column":7}}],"line":130},"5":{"loc":{"start":{"line":150,"column":2},"end":{"line":151,"column":78}},"type":"if","locations":[{"start":{"line":150,"column":2},"end":{"line":151,"column":78}},{"start":{},"end":{}}],"line":150},"6":{"loc":{"start":{"line":152,"column":2},"end":{"line":153,"column":64}},"type":"if","locations":[{"start":{"line":152,"column":2},"end":{"line":153,"column":64}},{"start":{},"end":{}}],"line":152}},"s":{"0":0,"1":0,"2":0,"3":0,"4":0,"5":0,"6":0,"7":0,"8":0,"9":0,"10":0,"11":0,"12":0,"13":0,"14":0,"15":0,"16":0,"17":0,"18":0,"19":0,"20":0,"21":0,"22":0,"23":0,"24":0,"25":0,"26":0,"27":0,"28":0,"29":0,"30":0,"31":0,"32":0,"33":0,"34":0,"35":0,"36":0,"37":0,"38":0,"39":0,"40":0,"41":0,"42":0,"43":0,"44":0,"45":0,"46":0,"47":0,"48":0,"49":0,"50":0,"51":0,"52":0,"53":0,"54":0,"55":0,"56":0,"57":0,"58":0,"59":0,"60":0,"61":0,"62":0,"63":0,"64":0,"65":0,"66":0,"67":0,"68":0,"69":0,"70":0},"f":{"0":0,"1":0,"2":0,"3":0,"4":0,"5":0,"6":0,"7":0},"b":{"0":[0,0],"1":[0,0],"2":[0,0],"3":[0,0],"4":[0,0],"5":[0,0],"6":[0,0]},"_coverageSchema":"1a1c01bbd47fc00a2c39e90264f33305004495a9","hash":"ac53db61c95bed6c91e479b7f220d24b98a3dd7e"}
,"/Users/xh/monorepo/packages/local-environment/tests/utils/token/deployERC20.ts": {"path":"/Users/xh/monorepo/packages/local-environment/tests/utils/token/deployERC20.ts","statementMap":{"0":{"start":{"line":3,"column":13},"end":{"line":3,"column":28}},"1":{"start":{"line":6,"column":22},"end":{"line":6,"column":33}},"2":{"start":{"line":7,"column":22},"end":{"line":7,"column":45}},"3":{"start":{"line":9,"column":18},"end":{"line":19,"column":3}},"4":{"start":{"line":11,"column":22},"end":{"line":11,"column":50}},"5":{"start":{"line":12,"column":6},"end":{"line":17,"column":8}},"6":{"start":{"line":21,"column":16},"end":{"line":31,"column":3}},"7":{"start":{"line":32,"column":19},"end":{"line":32,"column":66}},"8":{"start":{"line":38,"column":6},"end":{"line":38,"column":46}},"9":{"start":{"line":40,"column":2},"end":{"line":40,"column":51}}},"fnMap":{"0":{"name":"getCustomToken","decl":{"start":{"line":5,"column":16},"end":{"line":5,"column":30}},"loc":{"start":{"line":5,"column":33},"end":{"line":48,"column":1}},"line":5},"1":{"name":"(anonymous_1)","decl":{"start":{"line":10,"column":36},"end":{"line":10,"column":37}},"loc":{"start":{"line":10,"column":50},"end":{"line":18,"column":5}},"line":10}},"branchMap":{},"s":{"0":1,"1":0,"2":0,"3":0,"4":0,"5":0,"6":0,"7":0,"8":0,"9":0},"f":{"0":0,"1":0},"b":{},"_coverageSchema":"1a1c01bbd47fc00a2c39e90264f33305004495a9","hash":"ce40f9ef3b9b5351bdfb0daba55e7141dbf62b16"}
}
