{"/Users/imti/Nomad/monorepo/packages/deploy/src/Contracts.ts": {"path":"/Users/imti/Nomad/monorepo/packages/deploy/src/Contracts.ts","statementMap":{"0":{"start":{"line":10,"column":4},"end":{"line":10,"column":28}},"1":{"start":{"line":11,"column":4},"end":{"line":11,"column":27}},"2":{"start":{"line":12,"column":4},"end":{"line":12,"column":25}},"3":{"start":{"line":16,"column":4},"end":{"line":16,"column":22}},"4":{"start":{"line":22,"column":4},"end":{"line":26,"column":null}},"5":{"start":{"line":23,"column":6},"end":{"line":25,"column":null}},"6":{"start":{"line":24,"column":8},"end":{"line":24,"column":57}},"7":{"start":{"line":30,"column":4},"end":{"line":30,"column":28}},"8":{"start":{"line":31,"column":4},"end":{"line":31,"column":26}},"9":{"start":{"line":36,"column":4},"end":{"line":36,"column":27}},"10":{"start":{"line":40,"column":4},"end":{"line":40,"column":43}},"11":{"start":{"line":44,"column":4},"end":{"line":44,"column":52}},"12":{"start":{"line":3,"column":0},"end":{"line":3,"column":30}}},"fnMap":{"0":{"name":"(anonymous_0)","decl":{"start":{"line":9,"column":2},"end":{"line":9,"column":14}},"loc":{"start":{"line":9,"column":62},"end":{"line":13,"column":3}}},"1":{"name":"(anonymous_1)","decl":{"start":{"line":15,"column":2},"end":{"line":15,"column":6}},"loc":{"start":{"line":15,"column":10},"end":{"line":17,"column":3}}},"2":{"name":"(anonymous_2)","decl":{"start":{"line":21,"column":2},"end":{"line":21,"column":18}},"loc":{"start":{"line":21,"column":18},"end":{"line":27,"column":3}}},"3":{"name":"(anonymous_3)","decl":{"start":{"line":29,"column":2},"end":{"line":29,"column":10}},"loc":{"start":{"line":29,"column":10},"end":{"line":32,"column":3}}},"4":{"name":"(anonymous_4)","decl":{"start":{"line":35,"column":2},"end":{"line":35,"column":10}},"loc":{"start":{"line":35,"column":10},"end":{"line":37,"column":3}}},"5":{"name":"(anonymous_5)","decl":{"start":{"line":39,"column":2},"end":{"line":39,"column":8}},"loc":{"start":{"line":39,"column":8},"end":{"line":41,"column":3}}},"6":{"name":"(anonymous_6)","decl":{"start":{"line":43,"column":2},"end":{"line":43,"column":14}},"loc":{"start":{"line":43,"column":14},"end":{"line":45,"column":3}}}},"branchMap":{"0":{"loc":{"start":{"line":10,"column":17},"end":{"line":10,"column":27}},"type":"cond-expr","locations":[{"start":{"line":10,"column":17},"end":{"line":10,"column":21}},{"start":{"line":10,"column":25},"end":{"line":10,"column":27}}]},"1":{"loc":{"start":{"line":10,"column":17},"end":{"line":10,"column":25}},"type":"binary-expr","locations":[{"start":{"line":10,"column":17},"end":{"line":10,"column":25}},{"start":{"line":10,"column":17},"end":{"line":10,"column":25}}]},"2":{"loc":{"start":{"line":23,"column":6},"end":{"line":25,"column":null}},"type":"if","locations":[{"start":{"line":23,"column":6},"end":{"line":25,"column":null}}]}},"s":{"0":0,"1":0,"2":0,"3":0,"4":0,"5":0,"6":0,"7":0,"8":0,"9":0,"10":0,"11":0,"12":1},"f":{"0":0,"1":0,"2":0,"3":0,"4":0,"5":0,"6":0},"b":{"0":[0,0],"1":[0,0],"2":[0]}}
,"/Users/imti/Nomad/monorepo/packages/deploy/src/DeployContext.ts": {"path":"/Users/imti/Nomad/monorepo/packages/deploy/src/DeployContext.ts","statementMap":{"0":{"start":{"line":1,"column":0},"end":{"line":1,"column":51}},"1":{"start":{"line":2,"column":0},"end":{"line":2,"column":65}},"2":{"start":{"line":3,"column":0},"end":{"line":3,"column":46}},"3":{"start":{"line":4,"column":0},"end":{"line":4,"column":50}},"4":{"start":{"line":5,"column":0},"end":{"line":5,"column":30}},"5":{"start":{"line":8,"column":0},"end":{"line":8,"column":55}},"6":{"start":{"line":9,"column":0},"end":{"line":9,"column":49}},"7":{"start":{"line":10,"column":0},"end":{"line":10,"column":20}},"8":{"start":{"line":29,"column":4},"end":{"line":29,"column":12}},"9":{"start":{"line":31,"column":4},"end":{"line":31,"column":22}},"10":{"start":{"line":32,"column":4},"end":{"line":32,"column":31}},"11":{"start":{"line":33,"column":4},"end":{"line":33,"column":35}},"12":{"start":{"line":34,"column":4},"end":{"line":34,"column":32}},"13":{"start":{"line":35,"column":4},"end":{"line":35,"column":38}},"14":{"start":{"line":37,"column":4},"end":{"line":42,"column":null}},"15":{"start":{"line":38,"column":6},"end":{"line":38,"column":64}},"16":{"start":{"line":39,"column":6},"end":{"line":41,"column":null}},"17":{"start":{"line":40,"column":8},"end":{"line":40,"column":70}},"18":{"start":{"line":45,"column":4},"end":{"line":45,"column":65}},"19":{"start":{"line":49,"column":16},"end":{"line":49,"column":43}},"20":{"start":{"line":50,"column":4},"end":{"line":52,"column":null}},"21":{"start":{"line":51,"column":6},"end":{"line":51,"column":45}},"22":{"start":{"line":53,"column":4},"end":{"line":53,"column":15}},"23":{"start":{"line":57,"column":4},"end":{"line":57,"column":30}},"24":{"start":{"line":61,"column":4},"end":{"line":61,"column":30}},"25":{"start":{"line":65,"column":4},"end":{"line":65,"column":26}},"26":{"start":{"line":69,"column":4},"end":{"line":69,"column":28}},"27":{"start":{"line":73,"column":4},"end":{"line":73,"column":22}},"28":{"start":{"line":77,"column":4},"end":{"line":77,"column":27}},"29":{"start":{"line":81,"column":4},"end":{"line":81,"column":32}},"30":{"start":{"line":85,"column":4},"end":{"line":85,"column":30}},"31":{"start":{"line":89,"column":4},"end":{"line":89,"column":27}},"32":{"start":{"line":93,"column":4},"end":{"line":93,"column":37}},"33":{"start":{"line":97,"column":4},"end":{"line":97,"column":44}},"34":{"start":{"line":101,"column":17},"end":{"line":101,"column":53}},"35":{"start":{"line":102,"column":4},"end":{"line":102,"column":45}},"36":{"start":{"line":106,"column":21},"end":{"line":106,"column":55}},"37":{"start":{"line":107,"column":4},"end":{"line":108,"column":78}},"38":{"start":{"line":108,"column":6},"end":{"line":108,"column":78}},"39":{"start":{"line":109,"column":4},"end":{"line":109,"column":20}},"40":{"start":{"line":113,"column":17},"end":{"line":113,"column":53}},"41":{"start":{"line":114,"column":4},"end":{"line":114,"column":48}},"42":{"start":{"line":114,"column":31},"end":{"line":114,"column":48}},"43":{"start":{"line":115,"column":4},"end":{"line":115,"column":63}},"44":{"start":{"line":119,"column":17},"end":{"line":119,"column":43}},"45":{"start":{"line":120,"column":4},"end":{"line":120,"column":79}},"46":{"start":{"line":120,"column":15},"end":{"line":120,"column":79}},"47":{"start":{"line":121,"column":4},"end":{"line":121,"column":16}},"48":{"start":{"line":125,"column":17},"end":{"line":125,"column":53}},"49":{"start":{"line":126,"column":4},"end":{"line":126,"column":50}},"50":{"start":{"line":126,"column":33},"end":{"line":126,"column":50}},"51":{"start":{"line":127,"column":4},"end":{"line":127,"column":67}},"52":{"start":{"line":131,"column":19},"end":{"line":131,"column":47}},"53":{"start":{"line":132,"column":4},"end":{"line":133,"column":72}},"54":{"start":{"line":133,"column":6},"end":{"line":133,"column":72}},"55":{"start":{"line":134,"column":4},"end":{"line":134,"column":18}},"56":{"start":{"line":138,"column":4},"end":{"line":138,"column":54}},"57":{"start":{"line":142,"column":4},"end":{"line":142,"column":55}},"58":{"start":{"line":143,"column":4},"end":{"line":143,"column":18}},"59":{"start":{"line":147,"column":4},"end":{"line":147,"column":59}},"60":{"start":{"line":148,"column":4},"end":{"line":148,"column":18}},"61":{"start":{"line":155,"column":17},"end":{"line":155,"column":53}},"62":{"start":{"line":156,"column":4},"end":{"line":156,"column":70}},"63":{"start":{"line":156,"column":38},"end":{"line":156,"column":70}},"64":{"start":{"line":158,"column":16},"end":{"line":158,"column":44}},"65":{"start":{"line":159,"column":4},"end":{"line":159,"column":36}},"66":{"start":{"line":159,"column":13},"end":{"line":159,"column":36}},"67":{"start":{"line":163,"column":19},"end":{"line":163,"column":55}},"68":{"start":{"line":164,"column":25},"end":{"line":164,"column":54}},"69":{"start":{"line":165,"column":4},"end":{"line":168,"column":8}},"70":{"start":{"line":166,"column":6},"end":{"line":168,"column":8}},"71":{"start":{"line":170,"column":4},"end":{"line":170,"column":24}},"72":{"start":{"line":175,"column":4},"end":{"line":175,"column":54}},"73":{"start":{"line":176,"column":4},"end":{"line":179,"column":6}},"74":{"start":{"line":181,"column":25},"end":{"line":181,"column":62}},"75":{"start":{"line":182,"column":4},"end":{"line":190,"column":null}},"76":{"start":{"line":186,"column":6},"end":{"line":189,"column":8}},"77":{"start":{"line":194,"column":28},"end":{"line":194,"column":42}},"78":{"start":{"line":195,"column":4},"end":{"line":202,"column":null}},"79":{"start":{"line":197,"column":6},"end":{"line":197,"column":36}},"80":{"start":{"line":198,"column":6},"end":{"line":201,"column":8}},"81":{"start":{"line":206,"column":4},"end":{"line":206,"column":27}},"82":{"start":{"line":208,"column":17},"end":{"line":208,"column":53}},"83":{"start":{"line":209,"column":4},"end":{"line":209,"column":34}},"84":{"start":{"line":211,"column":4},"end":{"line":215,"column":7}},"85":{"start":{"line":217,"column":4},"end":{"line":217,"column":28}},"86":{"start":{"line":218,"column":4},"end":{"line":218,"column":40}},"87":{"start":{"line":221,"column":21},"end":{"line":221,"column":36}},"88":{"start":{"line":222,"column":4},"end":{"line":222,"column":40}},"89":{"start":{"line":226,"column":4},"end":{"line":226,"column":38}},"90":{"start":{"line":228,"column":19},"end":{"line":228,"column":50}},"91":{"start":{"line":229,"column":4},"end":{"line":229,"column":36}},"92":{"start":{"line":231,"column":4},"end":{"line":231,"column":44}},"93":{"start":{"line":232,"column":4},"end":{"line":232,"column":39}},"94":{"start":{"line":233,"column":4},"end":{"line":233,"column":38}},"95":{"start":{"line":234,"column":4},"end":{"line":234,"column":35}},"96":{"start":{"line":236,"column":4},"end":{"line":236,"column":44}},"97":{"start":{"line":241,"column":29},"end":{"line":241,"column":76}},"98":{"start":{"line":241,"column":59},"end":{"line":241,"column":75}},"99":{"start":{"line":242,"column":4},"end":{"line":246,"column":6}},"100":{"start":{"line":244,"column":8},"end":{"line":244,"column":54}},"101":{"start":{"line":254,"column":4},"end":{"line":254,"column":29}},"102":{"start":{"line":256,"column":4},"end":{"line":281,"column":6}},"103":{"start":{"line":257,"column":57},"end":{"line":280,"column":8}},"104":{"start":{"line":258,"column":21},"end":{"line":258,"column":46}},"105":{"start":{"line":259,"column":21},"end":{"line":259,"column":52}},"106":{"start":{"line":260,"column":30},"end":{"line":260,"column":76}},"107":{"start":{"line":262,"column":8},"end":{"line":262,"column":63}},"108":{"start":{"line":262,"column":28},"end":{"line":262,"column":63}},"109":{"start":{"line":263,"column":8},"end":{"line":263,"column":46}},"110":{"start":{"line":263,"column":39},"end":{"line":263,"column":46}},"111":{"start":{"line":265,"column":46},"end":{"line":265,"column":59}},"112":{"start":{"line":268,"column":33},"end":{"line":268,"column":69}},"113":{"start":{"line":269,"column":8},"end":{"line":269,"column":22}},"114":{"start":{"line":270,"column":8},"end":{"line":270,"column":49}},"115":{"start":{"line":273,"column":8},"end":{"line":279,"column":10}},"116":{"start":{"line":274,"column":43},"end":{"line":278,"column":12}},"117":{"start":{"line":275,"column":26},"end":{"line":275,"column":57}},"118":{"start":{"line":276,"column":12},"end":{"line":276,"column":26}},"119":{"start":{"line":277,"column":12},"end":{"line":277,"column":53}},"120":{"start":{"line":277,"column":23},"end":{"line":277,"column":53}},"121":{"start":{"line":286,"column":21},"end":{"line":286,"column":70}},"122":{"start":{"line":286,"column":51},"end":{"line":286,"column":69}},"123":{"start":{"line":287,"column":4},"end":{"line":287,"column":69}},"124":{"start":{"line":287,"column":44},"end":{"line":287,"column":66}},"125":{"start":{"line":292,"column":4},"end":{"line":292,"column":31}},"126":{"start":{"line":295,"column":4},"end":{"line":313,"column":6}},"127":{"start":{"line":296,"column":57},"end":{"line":312,"column":8}},"128":{"start":{"line":297,"column":23},"end":{"line":297,"column":50}},"129":{"start":{"line":298,"column":21},"end":{"line":298,"column":52}},"130":{"start":{"line":299,"column":30},"end":{"line":299,"column":76}},"131":{"start":{"line":301,"column":8},"end":{"line":301,"column":63}},"132":{"start":{"line":301,"column":28},"end":{"line":301,"column":63}},"133":{"start":{"line":302,"column":8},"end":{"line":307,"column":10}},"134":{"start":{"line":303,"column":45},"end":{"line":306,"column":12}},"135":{"start":{"line":304,"column":26},"end":{"line":304,"column":65}},"136":{"start":{"line":305,"column":12},"end":{"line":305,"column":53}},"137":{"start":{"line":305,"column":23},"end":{"line":305,"column":53}},"138":{"start":{"line":310,"column":24},"end":{"line":310,"column":57}},"139":{"start":{"line":311,"column":8},"end":{"line":311,"column":53}},"140":{"start":{"line":311,"column":21},"end":{"line":311,"column":53}},"141":{"start":{"line":318,"column":4},"end":{"line":323,"column":7}},"142":{"start":{"line":319,"column":40},"end":{"line":319,"column":78}},"143":{"start":{"line":321,"column":8},"end":{"line":321,"column":48}},"144":{"start":{"line":329,"column":4},"end":{"line":329,"column":20}},"145":{"start":{"line":338,"column":4},"end":{"line":338,"column":39}},"146":{"start":{"line":339,"column":4},"end":{"line":339,"column":41}},"147":{"start":{"line":342,"column":4},"end":{"line":342,"column":37}},"148":{"start":{"line":345,"column":4},"end":{"line":349,"column":6}},"149":{"start":{"line":347,"column":8},"end":{"line":347,"column":51}},"150":{"start":{"line":353,"column":4},"end":{"line":353,"column":34}},"151":{"start":{"line":358,"column":4},"end":{"line":358,"column":28}},"152":{"start":{"line":359,"column":4},"end":{"line":359,"column":30}},"153":{"start":{"line":363,"column":4},"end":{"line":377,"column":6}},"154":{"start":{"line":364,"column":38},"end":{"line":376,"column":8}},"155":{"start":{"line":365,"column":27},"end":{"line":365,"column":46}},"156":{"start":{"line":366,"column":8},"end":{"line":367,"column":67}},"157":{"start":{"line":367,"column":10},"end":{"line":367,"column":67}},"158":{"start":{"line":368,"column":21},"end":{"line":368,"column":61}},"159":{"start":{"line":370,"column":29},"end":{"line":370,"column":58}},"160":{"start":{"line":372,"column":8},"end":{"line":375,"column":10}},"161":{"start":{"line":381,"column":4},"end":{"line":389,"column":6}},"162":{"start":{"line":382,"column":38},"end":{"line":388,"column":8}},"163":{"start":{"line":383,"column":29},"end":{"line":383,"column":50}},"164":{"start":{"line":384,"column":8},"end":{"line":385,"column":69}},"165":{"start":{"line":385,"column":10},"end":{"line":385,"column":69}},"166":{"start":{"line":386,"column":23},"end":{"line":386,"column":67}},"167":{"start":{"line":387,"column":8},"end":{"line":387,"column":79}},"168":{"start":{"line":397,"column":25},"end":{"line":397,"column":63}},"169":{"start":{"line":399,"column":4},"end":{"line":402,"column":8}},"170":{"start":{"line":400,"column":6},"end":{"line":402,"column":8}},"171":{"start":{"line":403,"column":22},"end":{"line":405,"column":16}},"172":{"start":{"line":404,"column":20},"end":{"line":404,"column":41}},"173":{"start":{"line":406,"column":4},"end":{"line":406,"column":44}},"174":{"start":{"line":20,"column":0},"end":{"line":20,"column":13}}},"fnMap":{"0":{"name":"(anonymous_14)","decl":{"start":{"line":28,"column":2},"end":{"line":28,"column":14}},"loc":{"start":{"line":28,"column":62},"end":{"line":46,"column":3}}},"1":{"name":"(anonymous_15)","decl":{"start":{"line":48,"column":2},"end":{"line":48,"column":6}},"loc":{"start":{"line":48,"column":20},"end":{"line":54,"column":3}}},"2":{"name":"(anonymous_16)","decl":{"start":{"line":56,"column":2},"end":{"line":56,"column":6}},"loc":{"start":{"line":56,"column":14},"end":{"line":58,"column":3}}},"3":{"name":"(anonymous_17)","decl":{"start":{"line":60,"column":2},"end":{"line":60,"column":6}},"loc":{"start":{"line":60,"column":14},"end":{"line":62,"column":3}}},"4":{"name":"(anonymous_18)","decl":{"start":{"line":64,"column":2},"end":{"line":64,"column":6}},"loc":{"start":{"line":64,"column":11},"end":{"line":66,"column":3}}},"5":{"name":"(anonymous_19)","decl":{"start":{"line":68,"column":2},"end":{"line":68,"column":6}},"loc":{"start":{"line":68,"column":13},"end":{"line":70,"column":3}}},"6":{"name":"(anonymous_20)","decl":{"start":{"line":72,"column":2},"end":{"line":72,"column":6}},"loc":{"start":{"line":72,"column":10},"end":{"line":74,"column":3}}},"7":{"name":"(anonymous_21)","decl":{"start":{"line":76,"column":2},"end":{"line":76,"column":6}},"loc":{"start":{"line":76,"column":15},"end":{"line":78,"column":3}}},"8":{"name":"(anonymous_22)","decl":{"start":{"line":80,"column":2},"end":{"line":80,"column":6}},"loc":{"start":{"line":80,"column":20},"end":{"line":82,"column":3}}},"9":{"name":"(anonymous_23)","decl":{"start":{"line":84,"column":2},"end":{"line":84,"column":6}},"loc":{"start":{"line":84,"column":18},"end":{"line":86,"column":3}}},"10":{"name":"(anonymous_24)","decl":{"start":{"line":88,"column":2},"end":{"line":88,"column":6}},"loc":{"start":{"line":88,"column":15},"end":{"line":90,"column":3}}},"11":{"name":"(anonymous_25)","decl":{"start":{"line":92,"column":2},"end":{"line":92,"column":10}},"loc":{"start":{"line":92,"column":10},"end":{"line":94,"column":3}}},"12":{"name":"(anonymous_26)","decl":{"start":{"line":96,"column":2},"end":{"line":96,"column":13}},"loc":{"start":{"line":96,"column":43},"end":{"line":98,"column":3}}},"13":{"name":"(anonymous_27)","decl":{"start":{"line":100,"column":2},"end":{"line":100,"column":17}},"loc":{"start":{"line":100,"column":47},"end":{"line":103,"column":3}}},"14":{"name":"(anonymous_28)","decl":{"start":{"line":105,"column":2},"end":{"line":105,"column":21}},"loc":{"start":{"line":105,"column":51},"end":{"line":110,"column":3}}},"15":{"name":"(anonymous_29)","decl":{"start":{"line":112,"column":2},"end":{"line":112,"column":9}},"loc":{"start":{"line":112,"column":39},"end":{"line":116,"column":3}}},"16":{"name":"(anonymous_30)","decl":{"start":{"line":118,"column":2},"end":{"line":118,"column":13}},"loc":{"start":{"line":118,"column":43},"end":{"line":122,"column":3}}},"17":{"name":"(anonymous_31)","decl":{"start":{"line":124,"column":2},"end":{"line":124,"column":11}},"loc":{"start":{"line":124,"column":41},"end":{"line":128,"column":3}}},"18":{"name":"(anonymous_32)","decl":{"start":{"line":130,"column":2},"end":{"line":130,"column":15}},"loc":{"start":{"line":130,"column":45},"end":{"line":135,"column":3}}},"19":{"name":"(anonymous_33)","decl":{"start":{"line":137,"column":2},"end":{"line":137,"column":11}},"loc":{"start":{"line":137,"column":33},"end":{"line":139,"column":3}}},"20":{"name":"(anonymous_34)","decl":{"start":{"line":141,"column":12},"end":{"line":141,"column":19}},"loc":{"start":{"line":141,"column":63},"end":{"line":144,"column":3}}},"21":{"name":"(anonymous_35)","decl":{"start":{"line":146,"column":12},"end":{"line":146,"column":21}},"loc":{"start":{"line":146,"column":69},"end":{"line":149,"column":3}}},"22":{"name":"(anonymous_36)","decl":{"start":{"line":151,"column":2},"end":{"line":151,"column":18}},"loc":{"start":{"line":153,"column":30},"end":{"line":160,"column":3}}},"23":{"name":"(anonymous_37)","decl":{"start":{"line":162,"column":2},"end":{"line":162,"column":21}},"loc":{"start":{"line":162,"column":51},"end":{"line":171,"column":3}}},"24":{"name":"(anonymous_38)","decl":{"start":{"line":173,"column":2},"end":{"line":173,"column":8}},"loc":{"start":{"line":173,"column":8},"end":{"line":191,"column":3}}},"25":{"name":"(anonymous_39)","decl":{"start":{"line":193,"column":8},"end":{"line":193,"column":24}},"loc":{"start":{"line":193,"column":24},"end":{"line":203,"column":null}}},"26":{"name":"(anonymous_41)","decl":{"start":{"line":205,"column":18},"end":{"line":205,"column":28}},"loc":{"start":{"line":205,"column":50},"end":{"line":223,"column":null}}},"27":{"name":"(anonymous_43)","decl":{"start":{"line":225,"column":18},"end":{"line":225,"column":30}},"loc":{"start":{"line":225,"column":43},"end":{"line":237,"column":null}}},"28":{"name":"(anonymous_45)","decl":{"start":{"line":240,"column":8},"end":{"line":240,"column":19}},"loc":{"start":{"line":240,"column":19},"end":{"line":247,"column":null}}},"29":{"name":"(anonymous_47)","decl":{"start":{"line":241,"column":50},"end":{"line":241,"column":51}},"loc":{"start":{"line":241,"column":59},"end":{"line":241,"column":75}}},"30":{"name":"(anonymous_48)","decl":{"start":{"line":243,"column":27},"end":{"line":243,"column":28}},"loc":{"start":{"line":244,"column":8},"end":{"line":244,"column":54}}},"31":{"name":"(anonymous_49)","decl":{"start":{"line":252,"column":8},"end":{"line":252,"column":29}},"loc":{"start":{"line":252,"column":29},"end":{"line":282,"column":null}}},"32":{"name":"(anonymous_51)","decl":{"start":{"line":257,"column":24},"end":{"line":257,"column":31}},"loc":{"start":{"line":257,"column":57},"end":{"line":280,"column":8}}},"33":{"name":"(anonymous_52)","decl":{"start":{"line":257,"column":57},"end":{"line":257,"column":null}},"loc":{"start":{"line":257,"column":57},"end":{"line":280,"column":7}}},"34":{"name":"(anonymous_53)","decl":{"start":{"line":274,"column":26},"end":{"line":274,"column":33}},"loc":{"start":{"line":274,"column":43},"end":{"line":278,"column":12}}},"35":{"name":"(anonymous_54)","decl":{"start":{"line":274,"column":43},"end":{"line":274,"column":null}},"loc":{"start":{"line":274,"column":43},"end":{"line":278,"column":11}}},"36":{"name":"(anonymous_55)","decl":{"start":{"line":285,"column":8},"end":{"line":285,"column":21}},"loc":{"start":{"line":285,"column":21},"end":{"line":288,"column":null}}},"37":{"name":"(anonymous_57)","decl":{"start":{"line":286,"column":42},"end":{"line":286,"column":43}},"loc":{"start":{"line":286,"column":51},"end":{"line":286,"column":69}}},"38":{"name":"(anonymous_58)","decl":{"start":{"line":287,"column":35},"end":{"line":287,"column":36}},"loc":{"start":{"line":287,"column":44},"end":{"line":287,"column":66}}},"39":{"name":"(anonymous_59)","decl":{"start":{"line":290,"column":8},"end":{"line":290,"column":31}},"loc":{"start":{"line":290,"column":31},"end":{"line":314,"column":null}}},"40":{"name":"(anonymous_61)","decl":{"start":{"line":296,"column":24},"end":{"line":296,"column":31}},"loc":{"start":{"line":296,"column":57},"end":{"line":312,"column":8}}},"41":{"name":"(anonymous_62)","decl":{"start":{"line":296,"column":57},"end":{"line":296,"column":null}},"loc":{"start":{"line":296,"column":57},"end":{"line":312,"column":7}}},"42":{"name":"(anonymous_63)","decl":{"start":{"line":303,"column":28},"end":{"line":303,"column":35}},"loc":{"start":{"line":303,"column":45},"end":{"line":306,"column":12}}},"43":{"name":"(anonymous_64)","decl":{"start":{"line":303,"column":45},"end":{"line":303,"column":null}},"loc":{"start":{"line":303,"column":45},"end":{"line":306,"column":11}}},"44":{"name":"(anonymous_65)","decl":{"start":{"line":316,"column":8},"end":{"line":316,"column":27}},"loc":{"start":{"line":316,"column":27},"end":{"line":324,"column":null}}},"45":{"name":"(anonymous_67)","decl":{"start":{"line":319,"column":27},"end":{"line":319,"column":28}},"loc":{"start":{"line":319,"column":40},"end":{"line":319,"column":78}}},"46":{"name":"(anonymous_68)","decl":{"start":{"line":320,"column":27},"end":{"line":320,"column":28}},"loc":{"start":{"line":321,"column":8},"end":{"line":321,"column":48}}},"47":{"name":"(anonymous_69)","decl":{"start":{"line":327,"column":8},"end":{"line":327,"column":27}},"loc":{"start":{"line":327,"column":27},"end":{"line":354,"column":null}}},"48":{"name":"(anonymous_71)","decl":{"start":{"line":346,"column":24},"end":{"line":346,"column":25}},"loc":{"start":{"line":347,"column":8},"end":{"line":347,"column":51}}},"49":{"name":"(anonymous_72)","decl":{"start":{"line":357,"column":8},"end":{"line":357,"column":23}},"loc":{"start":{"line":357,"column":23},"end":{"line":360,"column":null}}},"50":{"name":"(anonymous_74)","decl":{"start":{"line":362,"column":8},"end":{"line":362,"column":18}},"loc":{"start":{"line":362,"column":18},"end":{"line":378,"column":null}}},"51":{"name":"(anonymous_76)","decl":{"start":{"line":364,"column":24},"end":{"line":364,"column":31}},"loc":{"start":{"line":364,"column":38},"end":{"line":376,"column":8}}},"52":{"name":"(anonymous_77)","decl":{"start":{"line":364,"column":38},"end":{"line":364,"column":null}},"loc":{"start":{"line":364,"column":38},"end":{"line":376,"column":7}}},"53":{"name":"(anonymous_78)","decl":{"start":{"line":380,"column":8},"end":{"line":380,"column":20}},"loc":{"start":{"line":380,"column":20},"end":{"line":390,"column":null}}},"54":{"name":"(anonymous_80)","decl":{"start":{"line":382,"column":24},"end":{"line":382,"column":31}},"loc":{"start":{"line":382,"column":38},"end":{"line":388,"column":8}}},"55":{"name":"(anonymous_81)","decl":{"start":{"line":382,"column":38},"end":{"line":382,"column":null}},"loc":{"start":{"line":382,"column":38},"end":{"line":388,"column":7}}},"56":{"name":"(anonymous_82)","decl":{"start":{"line":392,"column":2},"end":{"line":392,"column":24}},"loc":{"start":{"line":395,"column":16},"end":{"line":407,"column":3}}},"57":{"name":"(anonymous_83)","decl":{"start":{"line":404,"column":6},"end":{"line":404,"column":7}},"loc":{"start":{"line":404,"column":20},"end":{"line":404,"column":41}}}},"branchMap":{"0":{"loc":{"start":{"line":28,"column":40},"end":{"line":28,"column":62}},"type":"default-arg","locations":[{"start":{"line":28,"column":52},"end":{"line":28,"column":62}}]},"1":{"loc":{"start":{"line":39,"column":6},"end":{"line":41,"column":null}},"type":"if","locations":[{"start":{"line":39,"column":6},"end":{"line":41,"column":null}}]},"2":{"loc":{"start":{"line":39,"column":10},"end":{"line":39,"column":71}},"type":"binary-expr","locations":[{"start":{"line":39,"column":10},"end":{"line":39,"column":33}},{"start":{"line":39,"column":37},"end":{"line":39,"column":71}}]},"3":{"loc":{"start":{"line":107,"column":4},"end":{"line":108,"column":78}},"type":"if","locations":[{"start":{"line":107,"column":4},"end":{"line":108,"column":78}}]},"4":{"loc":{"start":{"line":114,"column":4},"end":{"line":114,"column":48}},"type":"if","locations":[{"start":{"line":114,"column":4},"end":{"line":114,"column":48}}]},"5":{"loc":{"start":{"line":120,"column":4},"end":{"line":120,"column":79}},"type":"if","locations":[{"start":{"line":120,"column":4},"end":{"line":120,"column":79}}]},"6":{"loc":{"start":{"line":126,"column":4},"end":{"line":126,"column":50}},"type":"if","locations":[{"start":{"line":126,"column":4},"end":{"line":126,"column":50}}]},"7":{"loc":{"start":{"line":132,"column":4},"end":{"line":133,"column":72}},"type":"if","locations":[{"start":{"line":132,"column":4},"end":{"line":133,"column":72}}]},"8":{"loc":{"start":{"line":156,"column":4},"end":{"line":156,"column":70}},"type":"if","locations":[{"start":{"line":156,"column":4},"end":{"line":156,"column":70}}]},"9":{"loc":{"start":{"line":159,"column":4},"end":{"line":159,"column":36}},"type":"if","locations":[{"start":{"line":159,"column":4},"end":{"line":159,"column":36}}]},"10":{"loc":{"start":{"line":165,"column":4},"end":{"line":168,"column":8}},"type":"if","locations":[{"start":{"line":165,"column":4},"end":{"line":168,"column":8}}]},"11":{"loc":{"start":{"line":182,"column":4},"end":{"line":190,"column":null}},"type":"if","locations":[{"start":{"line":182,"column":4},"end":{"line":190,"column":null}}]},"12":{"loc":{"start":{"line":195,"column":4},"end":{"line":202,"column":null}},"type":"if","locations":[{"start":{"line":195,"column":4},"end":{"line":202,"column":null}}]},"13":{"loc":{"start":{"line":260,"column":30},"end":{"line":260,"column":76}},"type":"cond-expr","locations":[{"start":{"line":260,"column":63},"end":{"line":260,"column":65}},{"start":{"line":260,"column":63},"end":{"line":260,"column":76}}]},"14":{"loc":{"start":{"line":260,"column":30},"end":{"line":260,"column":65}},"type":"binary-expr","locations":[{"start":{"line":260,"column":30},"end":{"line":260,"column":65}},{"start":{"line":260,"column":63},"end":{"line":260,"column":65}}]},"15":{"loc":{"start":{"line":262,"column":8},"end":{"line":262,"column":63}},"type":"if","locations":[{"start":{"line":262,"column":8},"end":{"line":262,"column":63}}]},"16":{"loc":{"start":{"line":263,"column":8},"end":{"line":263,"column":46}},"type":"if","locations":[{"start":{"line":263,"column":8},"end":{"line":263,"column":46}}]},"17":{"loc":{"start":{"line":277,"column":12},"end":{"line":277,"column":53}},"type":"if","locations":[{"start":{"line":277,"column":12},"end":{"line":277,"column":53}}]},"18":{"loc":{"start":{"line":299,"column":30},"end":{"line":299,"column":76}},"type":"cond-expr","locations":[{"start":{"line":299,"column":63},"end":{"line":299,"column":65}},{"start":{"line":299,"column":63},"end":{"line":299,"column":76}}]},"19":{"loc":{"start":{"line":299,"column":30},"end":{"line":299,"column":65}},"type":"binary-expr","locations":[{"start":{"line":299,"column":30},"end":{"line":299,"column":65}},{"start":{"line":299,"column":63},"end":{"line":299,"column":65}}]},"20":{"loc":{"start":{"line":301,"column":8},"end":{"line":301,"column":63}},"type":"if","locations":[{"start":{"line":301,"column":8},"end":{"line":301,"column":63}}]},"21":{"loc":{"start":{"line":305,"column":12},"end":{"line":305,"column":53}},"type":"if","locations":[{"start":{"line":305,"column":12},"end":{"line":305,"column":53}}]},"22":{"loc":{"start":{"line":311,"column":8},"end":{"line":311,"column":53}},"type":"if","locations":[{"start":{"line":311,"column":8},"end":{"line":311,"column":53}}]},"23":{"loc":{"start":{"line":366,"column":8},"end":{"line":367,"column":67}},"type":"if","locations":[{"start":{"line":366,"column":8},"end":{"line":367,"column":67}}]},"24":{"loc":{"start":{"line":384,"column":8},"end":{"line":385,"column":69}},"type":"if","locations":[{"start":{"line":384,"column":8},"end":{"line":385,"column":69}}]},"25":{"loc":{"start":{"line":399,"column":4},"end":{"line":402,"column":8}},"type":"if","locations":[{"start":{"line":399,"column":4},"end":{"line":402,"column":8}}]}},"s":{"0":1,"1":1,"2":1,"3":1,"4":1,"5":1,"6":1,"7":1,"8":1,"9":1,"10":1,"11":1,"12":1,"13":1,"14":1,"15":5,"16":5,"17":5,"18":1,"19":2,"20":2,"21":10,"22":2,"23":0,"24":0,"25":0,"26":0,"27":23,"28":0,"29":0,"30":0,"31":0,"32":0,"33":0,"34":0,"35":0,"36":0,"37":0,"38":0,"39":0,"40":0,"41":0,"42":0,"43":0,"44":0,"45":0,"46":0,"47":0,"48":0,"49":0,"50":0,"51":0,"52":0,"53":0,"54":0,"55":0,"56":0,"57":0,"58":0,"59":0,"60":0,"61":0,"62":0,"63":0,"64":0,"65":0,"66":0,"67":0,"68":0,"69":0,"70":0,"71":0,"72":0,"73":0,"74":0,"75":0,"76":0,"77":0,"78":0,"79":0,"80":0,"81":0,"82":0,"83":0,"84":0,"85":0,"86":0,"87":0,"88":0,"89":0,"90":0,"91":0,"92":0,"93":0,"94":0,"95":0,"96":0,"97":0,"98":0,"99":0,"100":0,"101":0,"102":0,"103":0,"104":0,"105":0,"106":0,"107":0,"108":0,"109":0,"110":0,"111":0,"112":0,"113":0,"114":0,"115":0,"116":0,"117":0,"118":0,"119":0,"120":0,"121":0,"122":0,"123":0,"124":0,"125":0,"126":0,"127":0,"128":0,"129":0,"130":0,"131":0,"132":0,"133":0,"134":0,"135":0,"136":0,"137":0,"138":0,"139":0,"140":0,"141":0,"142":0,"143":0,"144":0,"145":0,"146":0,"147":0,"148":0,"149":0,"150":0,"151":0,"152":0,"153":0,"154":0,"155":0,"156":0,"157":0,"158":0,"159":0,"160":0,"161":0,"162":0,"163":0,"164":0,"165":0,"166":0,"167":0,"168":0,"169":0,"170":0,"171":0,"172":0,"173":0,"174":1},"f":{"0":1,"1":2,"2":0,"3":0,"4":0,"5":0,"6":23,"7":0,"8":0,"9":0,"10":0,"11":0,"12":0,"13":0,"14":0,"15":0,"16":0,"17":0,"18":0,"19":0,"20":0,"21":0,"22":0,"23":0,"24":0,"25":0,"26":0,"27":0,"28":0,"29":0,"30":0,"31":0,"32":0,"33":0,"34":0,"35":0,"36":0,"37":0,"38":0,"39":0,"40":0,"41":0,"42":0,"43":0,"44":0,"45":0,"46":0,"47":0,"48":0,"49":0,"50":0,"51":0,"52":0,"53":0,"54":0,"55":0,"56":0,"57":0},"b":{"0":[1],"1":[5],"2":[5,5],"3":[0],"4":[0],"5":[0],"6":[0],"7":[0],"8":[0],"9":[0],"10":[0],"11":[0],"12":[0],"13":[0,0],"14":[0,0],"15":[0],"16":[0],"17":[0],"18":[0,0],"19":[0,0],"20":[0],"21":[0],"22":[0],"23":[0],"24":[0],"25":[0]}}
,"/Users/imti/Nomad/monorepo/packages/deploy/src/index.ts": {"path":"/Users/imti/Nomad/monorepo/packages/deploy/src/index.ts","statementMap":{"0":{"start":{"line":1,"column":0},"end":{"line":1,"column":28}},"1":{"start":{"line":2,"column":0},"end":{"line":2,"column":25}},"2":{"start":{"line":3,"column":0},"end":{"line":3,"column":23}},"3":{"start":{"line":4,"column":0},"end":{"line":4,"column":24}},"4":{"start":{"line":6,"column":0},"end":{"line":6,"column":9}},"5":{"start":{"line":6,"column":9},"end":{"line":6,"column":24}},"6":{"start":{"line":6,"column":24},"end":{"line":6,"column":62}}},"fnMap":{"0":{"name":"(anonymous_4)","decl":{"start":{"line":6,"column":9},"end":{"line":6,"column":22}},"loc":{"start":{"line":6,"column":9},"end":{"line":6,"column":24}}},"1":{"name":"(anonymous_5)","decl":{"start":{"line":6,"column":24},"end":{"line":6,"column":36}},"loc":{"start":{"line":6,"column":24},"end":{"line":6,"column":62}}}},"branchMap":{},"s":{"0":1,"1":1,"2":1,"3":1,"4":1,"5":2,"6":1},"f":{"0":1,"1":0},"b":{}}
,"/Users/imti/Nomad/monorepo/packages/deploy/src/utils.ts": {"path":"/Users/imti/Nomad/monorepo/packages/deploy/src/utils.ts","statementMap":{"0":{"start":{"line":2,"column":0},"end":{"line":2,"column":30}},"1":{"start":{"line":4,"column":0},"end":{"line":4,"column":50}},"2":{"start":{"line":9,"column":2},"end":{"line":9,"column":19}},"3":{"start":{"line":8,"column":0},"end":{"line":8,"column":16}},"4":{"start":{"line":13,"column":2},"end":{"line":13,"column":33}},"5":{"start":{"line":12,"column":0},"end":{"line":12,"column":16}},"6":{"start":{"line":20,"column":2},"end":{"line":20,"column":58}},"7":{"start":{"line":21,"column":2},"end":{"line":21,"column":57}},"8":{"start":{"line":22,"column":2},"end":{"line":22,"column":66}},"9":{"start":{"line":16,"column":0},"end":{"line":16,"column":16}},"10":{"start":{"line":29,"column":4},"end":{"line":29,"column":17}},"11":{"start":{"line":30,"column":4},"end":{"line":30,"column":20}},"12":{"start":{"line":34,"column":4},"end":{"line":39,"column":null}},"13":{"start":{"line":35,"column":6},"end":{"line":35,"column":10}},"14":{"start":{"line":36,"column":6},"end":{"line":36,"column":28}},"15":{"start":{"line":38,"column":6},"end":{"line":38,"column":36}},"16":{"start":{"line":43,"column":4},"end":{"line":43,"column":63}},"17":{"start":{"line":43,"column":21},"end":{"line":43,"column":52}},"18":{"start":{"line":47,"column":4},"end":{"line":55,"column":null}},"19":{"start":{"line":48,"column":6},"end":{"line":48,"column":71}},"20":{"start":{"line":50,"column":6},"end":{"line":54,"column":null}},"21":{"start":{"line":51,"column":8},"end":{"line":51,"column":49}},"22":{"start":{"line":53,"column":8},"end":{"line":53,"column":75}},"23":{"start":{"line":64,"column":4},"end":{"line":76,"column":null}},"24":{"start":{"line":65,"column":6},"end":{"line":65,"column":71}},"25":{"start":{"line":67,"column":6},"end":{"line":75,"column":null}},"26":{"start":{"line":68,"column":8},"end":{"line":68,"column":49}},"27":{"start":{"line":70,"column":8},"end":{"line":74,"column":null}},"28":{"start":{"line":71,"column":10},"end":{"line":71,"column":32}},"29":{"start":{"line":73,"column":10},"end":{"line":73,"column":77}},"30":{"start":{"line":85,"column":4},"end":{"line":99,"column":null}},"31":{"start":{"line":86,"column":6},"end":{"line":86,"column":28}},"32":{"start":{"line":88,"column":6},"end":{"line":98,"column":null}},"33":{"start":{"line":89,"column":8},"end":{"line":89,"column":53}},"34":{"start":{"line":91,"column":8},"end":{"line":95,"column":null}},"35":{"start":{"line":92,"column":10},"end":{"line":92,"column":57}},"36":{"start":{"line":94,"column":10},"end":{"line":94,"column":32}},"37":{"start":{"line":97,"column":8},"end":{"line":97,"column":38}},"38":{"start":{"line":106,"column":4},"end":{"line":132,"column":null}},"39":{"start":{"line":107,"column":6},"end":{"line":110,"column":8}},"40":{"start":{"line":108,"column":14},"end":{"line":108,"column":69}},"41":{"start":{"line":111,"column":6},"end":{"line":114,"column":8}},"42":{"start":{"line":112,"column":14},"end":{"line":112,"column":68}},"43":{"start":{"line":115,"column":6},"end":{"line":118,"column":8}},"44":{"start":{"line":116,"column":14},"end":{"line":116,"column":77}},"45":{"start":{"line":120,"column":6},"end":{"line":123,"column":9}},"46":{"start":{"line":124,"column":6},"end":{"line":127,"column":9}},"47":{"start":{"line":128,"column":6},"end":{"line":131,"column":9}},"48":{"start":{"line":136,"column":4},"end":{"line":136,"column":33}},"49":{"start":{"line":25,"column":0},"end":{"line":25,"column":13}}},"fnMap":{"0":{"name":"log","decl":{"start":{"line":8,"column":16},"end":{"line":8,"column":19}},"loc":{"start":{"line":8,"column":31},"end":{"line":10,"column":1}}},"1":{"name":"_unreachable","decl":{"start":{"line":12,"column":16},"end":{"line":12,"column":28}},"loc":{"start":{"line":12,"column":28},"end":{"line":14,"column":1}}},"2":{"name":"assertBeaconProxy","decl":{"start":{"line":16,"column":16},"end":{"line":16,"column":33}},"loc":{"start":{"line":18,"column":18},"end":{"line":23,"column":1}}},"3":{"name":"(anonymous_3)","decl":{"start":{"line":28,"column":2},"end":{"line":28,"column":null}},"loc":{"start":{"line":28,"column":2},"end":{"line":31,"column":3}}},"4":{"name":"(anonymous_4)","decl":{"start":{"line":33,"column":2},"end":{"line":33,"column":7}},"loc":{"start":{"line":33,"column":38},"end":{"line":40,"column":3}}},"5":{"name":"(anonymous_5)","decl":{"start":{"line":42,"column":2},"end":{"line":42,"column":8}},"loc":{"start":{"line":42,"column":37},"end":{"line":44,"column":3}}},"6":{"name":"(anonymous_6)","decl":{"start":{"line":43,"column":15},"end":{"line":43,"column":18}},"loc":{"start":{"line":43,"column":21},"end":{"line":43,"column":52}}},"7":{"name":"(anonymous_7)","decl":{"start":{"line":46,"column":2},"end":{"line":46,"column":8}},"loc":{"start":{"line":46,"column":58},"end":{"line":56,"column":3}}},"8":{"name":"(anonymous_8)","decl":{"start":{"line":59,"column":2},"end":{"line":59,"column":10}},"loc":{"start":{"line":62,"column":19},"end":{"line":77,"column":3}}},"9":{"name":"(anonymous_9)","decl":{"start":{"line":80,"column":2},"end":{"line":80,"column":13}},"loc":{"start":{"line":83,"column":19},"end":{"line":100,"column":3}}},"10":{"name":"(anonymous_10)","decl":{"start":{"line":102,"column":2},"end":{"line":102,"column":19}},"loc":{"start":{"line":104,"column":20},"end":{"line":133,"column":3}}},"11":{"name":"(anonymous_11)","decl":{"start":{"line":108,"column":8},"end":{"line":108,"column":11}},"loc":{"start":{"line":108,"column":14},"end":{"line":108,"column":69}}},"12":{"name":"(anonymous_12)","decl":{"start":{"line":112,"column":8},"end":{"line":112,"column":11}},"loc":{"start":{"line":112,"column":14},"end":{"line":112,"column":68}}},"13":{"name":"(anonymous_13)","decl":{"start":{"line":116,"column":8},"end":{"line":116,"column":11}},"loc":{"start":{"line":116,"column":14},"end":{"line":116,"column":77}}},"14":{"name":"(anonymous_14)","decl":{"start":{"line":135,"column":2},"end":{"line":135,"column":11}},"loc":{"start":{"line":135,"column":11},"end":{"line":137,"column":3}}}},"branchMap":{"0":{"loc":{"start":{"line":47,"column":4},"end":{"line":55,"column":null}},"type":"if","locations":[{"start":{"line":47,"column":4},"end":{"line":55,"column":null}},{"start":{"line":49,"column":11},"end":{"line":55,"column":null}}]},"1":{"loc":{"start":{"line":64,"column":4},"end":{"line":76,"column":null}},"type":"if","locations":[{"start":{"line":64,"column":4},"end":{"line":76,"column":null}},{"start":{"line":66,"column":11},"end":{"line":76,"column":null}}]},"2":{"loc":{"start":{"line":70,"column":8},"end":{"line":74,"column":null}},"type":"if","locations":[{"start":{"line":70,"column":8},"end":{"line":74,"column":null}},{"start":{"line":72,"column":15},"end":{"line":74,"column":null}}]},"3":{"loc":{"start":{"line":85,"column":4},"end":{"line":99,"column":null}},"type":"if","locations":[{"start":{"line":85,"column":4},"end":{"line":99,"column":null}},{"start":{"line":87,"column":11},"end":{"line":99,"column":null}}]},"4":{"loc":{"start":{"line":91,"column":8},"end":{"line":95,"column":null}},"type":"if","locations":[{"start":{"line":91,"column":8},"end":{"line":95,"column":null}},{"start":{"line":93,"column":15},"end":{"line":95,"column":null}}]},"5":{"loc":{"start":{"line":106,"column":4},"end":{"line":132,"column":null}},"type":"if","locations":[{"start":{"line":106,"column":4},"end":{"line":132,"column":null}},{"start":{"line":119,"column":11},"end":{"line":132,"column":null}}]}},"s":{"0":1,"1":1,"2":0,"3":1,"4":0,"5":1,"6":0,"7":0,"8":0,"9":1,"10":0,"11":0,"12":0,"13":0,"14":0,"15":0,"16":0,"17":0,"18":0,"19":0,"20":0,"21":0,"22":0,"23":0,"24":0,"25":0,"26":0,"27":0,"28":0,"29":0,"30":0,"31":0,"32":0,"33":0,"34":0,"35":0,"36":0,"37":0,"38":0,"39":0,"40":0,"41":0,"42":0,"43":0,"44":0,"45":0,"46":0,"47":0,"48":0,"49":1},"f":{"0":0,"1":0,"2":0,"3":0,"4":0,"5":0,"6":0,"7":0,"8":0,"9":0,"10":0,"11":0,"12":0,"13":0,"14":0},"b":{"0":[0,0],"1":[0,0],"2":[0,0],"3":[0,0],"4":[0,0],"5":[0,0]}}
,"/Users/imti/Nomad/monorepo/packages/deploy/src/bridge/BridgeContracts.ts": {"path":"/Users/imti/Nomad/monorepo/packages/deploy/src/bridge/BridgeContracts.ts","statementMap":{"0":{"start":{"line":1,"column":0},"end":{"line":1,"column":57}},"1":{"start":{"line":2,"column":0},"end":{"line":2,"column":null}},"2":{"start":{"line":10,"column":0},"end":{"line":10,"column":32}},"3":{"start":{"line":11,"column":0},"end":{"line":11,"column":50}},"4":{"start":{"line":14,"column":0},"end":{"line":14,"column":37}},"5":{"start":{"line":16,"column":0},"end":{"line":16,"column":42}},"6":{"start":{"line":17,"column":0},"end":{"line":17,"column":56}},"7":{"start":{"line":19,"column":0},"end":{"line":19,"column":22}},"8":{"start":{"line":36,"column":4},"end":{"line":36,"column":33}},"9":{"start":{"line":24,"column":12},"end":{"line":29,"column":4}},"10":{"start":{"line":40,"column":4},"end":{"line":40,"column":52}},"11":{"start":{"line":40,"column":28},"end":{"line":40,"column":52}},"12":{"start":{"line":41,"column":4},"end":{"line":41,"column":29}},"13":{"start":{"line":45,"column":4},"end":{"line":45,"column":51}},"14":{"start":{"line":49,"column":4},"end":{"line":49,"column":49}},"15":{"start":{"line":53,"column":4},"end":{"line":53,"column":55}},"16":{"start":{"line":57,"column":4},"end":{"line":57,"column":51}},"17":{"start":{"line":61,"column":30},"end":{"line":63,"column":11}},"18":{"start":{"line":64,"column":4},"end":{"line":64,"column":41}},"19":{"start":{"line":68,"column":4},"end":{"line":70,"column":null}},"20":{"start":{"line":69,"column":6},"end":{"line":69,"column":54}},"21":{"start":{"line":71,"column":4},"end":{"line":74,"column":6}},"22":{"start":{"line":78,"column":4},"end":{"line":78,"column":36}},"23":{"start":{"line":82,"column":4},"end":{"line":84,"column":null}},"24":{"start":{"line":83,"column":6},"end":{"line":83,"column":55}},"25":{"start":{"line":85,"column":4},"end":{"line":88,"column":6}},"26":{"start":{"line":92,"column":4},"end":{"line":92,"column":37}},"27":{"start":{"line":96,"column":4},"end":{"line":96,"column":47}},"28":{"start":{"line":96,"column":30},"end":{"line":96,"column":47}},"29":{"start":{"line":98,"column":4},"end":{"line":101,"column":6}},"30":{"start":{"line":105,"column":4},"end":{"line":105,"column":35}},"31":{"start":{"line":109,"column":4},"end":{"line":109,"column":71}},"32":{"start":{"line":109,"column":64},"end":{"line":109,"column":71}},"33":{"start":{"line":110,"column":21},"end":{"line":110,"column":62}},"34":{"start":{"line":111,"column":4},"end":{"line":111,"column":62}},"35":{"start":{"line":117,"column":17},"end":{"line":117,"column":60}},"36":{"start":{"line":120,"column":4},"end":{"line":120,"column":54}},"37":{"start":{"line":120,"column":47},"end":{"line":120,"column":54}},"38":{"start":{"line":122,"column":20},"end":{"line":122,"column":69}},"39":{"start":{"line":123,"column":17},"end":{"line":123,"column":53}},"40":{"start":{"line":124,"column":4},"end":{"line":124,"column":58}},"41":{"start":{"line":126,"column":4},"end":{"line":130,"column":7}},"42":{"start":{"line":132,"column":4},"end":{"line":134,"column":6}},"43":{"start":{"line":142,"column":17},"end":{"line":142,"column":60}},"44":{"start":{"line":143,"column":19},"end":{"line":143,"column":31}},"45":{"start":{"line":144,"column":4},"end":{"line":144,"column":73}},"46":{"start":{"line":144,"column":17},"end":{"line":144,"column":73}},"47":{"start":{"line":145,"column":4},"end":{"line":145,"column":28}},"48":{"start":{"line":145,"column":21},"end":{"line":145,"column":28}},"49":{"start":{"line":146,"column":4},"end":{"line":146,"column":37}},"50":{"start":{"line":148,"column":20},"end":{"line":149,"column":null}},"51":{"start":{"line":152,"column":33},"end":{"line":152,"column":51}},"52":{"start":{"line":153,"column":16},"end":{"line":156,"column":null}},"53":{"start":{"line":158,"column":4},"end":{"line":158,"column":30}},"54":{"start":{"line":159,"column":4},"end":{"line":159,"column":57}},"55":{"start":{"line":161,"column":4},"end":{"line":170,"column":7}},"56":{"start":{"line":174,"column":17},"end":{"line":174,"column":60}},"57":{"start":{"line":175,"column":17},"end":{"line":175,"column":54}},"58":{"start":{"line":176,"column":27},"end":{"line":176,"column":47}},"59":{"start":{"line":177,"column":4},"end":{"line":178,"column":79}},"60":{"start":{"line":178,"column":6},"end":{"line":178,"column":79}},"61":{"start":{"line":180,"column":4},"end":{"line":180,"column":29}},"62":{"start":{"line":180,"column":22},"end":{"line":180,"column":29}},"63":{"start":{"line":181,"column":4},"end":{"line":181,"column":38}},"64":{"start":{"line":183,"column":16},"end":{"line":183,"column":52}},"65":{"start":{"line":184,"column":4},"end":{"line":184,"column":65}},"66":{"start":{"line":184,"column":14},"end":{"line":184,"column":65}},"67":{"start":{"line":185,"column":20},"end":{"line":185,"column":78}},"68":{"start":{"line":187,"column":33},"end":{"line":187,"column":54}},"69":{"start":{"line":188,"column":19},"end":{"line":191,"column":null}},"70":{"start":{"line":193,"column":4},"end":{"line":193,"column":34}},"71":{"start":{"line":194,"column":4},"end":{"line":194,"column":60}},"72":{"start":{"line":196,"column":4},"end":{"line":205,"column":7}},"73":{"start":{"line":212,"column":18},"end":{"line":212,"column":36}},"74":{"start":{"line":214,"column":4},"end":{"line":214,"column":35}},"75":{"start":{"line":215,"column":4},"end":{"line":215,"column":44}},"76":{"start":{"line":217,"column":4},"end":{"line":217,"column":33}},"77":{"start":{"line":221,"column":17},"end":{"line":221,"column":60}},"78":{"start":{"line":226,"column":6},"end":{"line":226,"column":71}},"79":{"start":{"line":227,"column":4},"end":{"line":227,"column":51}},"80":{"start":{"line":227,"column":16},"end":{"line":227,"column":51}},"81":{"start":{"line":229,"column":24},"end":{"line":229,"column":45}},"82":{"start":{"line":230,"column":4},"end":{"line":230,"column":57}},"83":{"start":{"line":230,"column":22},"end":{"line":230,"column":57}},"84":{"start":{"line":233,"column":4},"end":{"line":233,"column":30}},"85":{"start":{"line":233,"column":23},"end":{"line":233,"column":30}},"86":{"start":{"line":234,"column":4},"end":{"line":234,"column":45}},"87":{"start":{"line":236,"column":4},"end":{"line":236,"column":35}},"88":{"start":{"line":237,"column":4},"end":{"line":237,"column":47}},"89":{"start":{"line":238,"column":4},"end":{"line":238,"column":51}},"90":{"start":{"line":242,"column":17},"end":{"line":242,"column":60}},"91":{"start":{"line":243,"column":17},"end":{"line":243,"column":54}},"92":{"start":{"line":245,"column":4},"end":{"line":245,"column":40}},"93":{"start":{"line":245,"column":33},"end":{"line":245,"column":40}},"94":{"start":{"line":246,"column":4},"end":{"line":246,"column":43}},"95":{"start":{"line":249,"column":4},"end":{"line":250,"column":74}},"96":{"start":{"line":250,"column":6},"end":{"line":250,"column":74}},"97":{"start":{"line":251,"column":4},"end":{"line":252,"column":72}},"98":{"start":{"line":252,"column":6},"end":{"line":252,"column":72}},"99":{"start":{"line":255,"column":6},"end":{"line":257,"column":null}},"100":{"start":{"line":260,"column":20},"end":{"line":260,"column":71}},"101":{"start":{"line":261,"column":27},"end":{"line":261,"column":63}},"102":{"start":{"line":262,"column":4},"end":{"line":262,"column":68}},"103":{"start":{"line":264,"column":4},"end":{"line":267,"column":6}},"104":{"start":{"line":268,"column":4},"end":{"line":272,"column":7}},"105":{"start":{"line":276,"column":17},"end":{"line":276,"column":60}},"106":{"start":{"line":277,"column":17},"end":{"line":277,"column":54}},"107":{"start":{"line":279,"column":4},"end":{"line":280,"column":62}},"108":{"start":{"line":280,"column":6},"end":{"line":280,"column":62}},"109":{"start":{"line":283,"column":4},"end":{"line":283,"column":39}},"110":{"start":{"line":283,"column":32},"end":{"line":283,"column":39}},"111":{"start":{"line":284,"column":4},"end":{"line":284,"column":42}},"112":{"start":{"line":287,"column":6},"end":{"line":289,"column":null}},"113":{"start":{"line":292,"column":20},"end":{"line":292,"column":70}},"114":{"start":{"line":293,"column":27},"end":{"line":293,"column":63}},"115":{"start":{"line":294,"column":4},"end":{"line":294,"column":68}},"116":{"start":{"line":296,"column":4},"end":{"line":299,"column":6}},"117":{"start":{"line":300,"column":4},"end":{"line":304,"column":7}},"118":{"start":{"line":308,"column":17},"end":{"line":308,"column":60}},"119":{"start":{"line":309,"column":19},"end":{"line":309,"column":64}},"120":{"start":{"line":312,"column":4},"end":{"line":312,"column":49}},"121":{"start":{"line":312,"column":42},"end":{"line":312,"column":49}},"122":{"start":{"line":314,"column":4},"end":{"line":314,"column":36}},"123":{"start":{"line":314,"column":29},"end":{"line":314,"column":36}},"124":{"start":{"line":316,"column":4},"end":{"line":317,"column":70}},"125":{"start":{"line":317,"column":6},"end":{"line":317,"column":70}},"126":{"start":{"line":318,"column":4},"end":{"line":318,"column":39}},"127":{"start":{"line":320,"column":20},"end":{"line":320,"column":67}},"128":{"start":{"line":322,"column":33},"end":{"line":325,"column":6}},"129":{"start":{"line":326,"column":19},"end":{"line":329,"column":null}},"130":{"start":{"line":331,"column":4},"end":{"line":331,"column":60}},"131":{"start":{"line":333,"column":4},"end":{"line":333,"column":42}},"132":{"start":{"line":334,"column":4},"end":{"line":343,"column":7}},"133":{"start":{"line":349,"column":25},"end":{"line":349,"column":59}},"134":{"start":{"line":350,"column":25},"end":{"line":350,"column":59}},"135":{"start":{"line":351,"column":25},"end":{"line":351,"column":65}},"136":{"start":{"line":352,"column":23},"end":{"line":352,"column":61}},"137":{"start":{"line":353,"column":18},"end":{"line":353,"column":61}},"138":{"start":{"line":355,"column":25},"end":{"line":355,"column":62}},"139":{"start":{"line":356,"column":4},"end":{"line":357,"column":67}},"140":{"start":{"line":357,"column":6},"end":{"line":357,"column":67}},"141":{"start":{"line":360,"column":27},"end":{"line":361,"column":null}},"142":{"start":{"line":363,"column":4},"end":{"line":363,"column":90}},"143":{"start":{"line":363,"column":83},"end":{"line":363,"column":90}},"144":{"start":{"line":364,"column":4},"end":{"line":364,"column":61}},"145":{"start":{"line":367,"column":18},"end":{"line":367,"column":57}},"146":{"start":{"line":368,"column":21},"end":{"line":368,"column":78}},"147":{"start":{"line":371,"column":4},"end":{"line":381,"column":null}},"148":{"start":{"line":372,"column":20},"end":{"line":372,"column":70}},"149":{"start":{"line":374,"column":8},"end":{"line":376,"column":null}},"150":{"start":{"line":379,"column":6},"end":{"line":379,"column":48}},"151":{"start":{"line":380,"column":6},"end":{"line":380,"column":19}},"152":{"start":{"line":383,"column":15},"end":{"line":386,"column":null}},"153":{"start":{"line":388,"column":4},"end":{"line":388,"column":38}},"154":{"start":{"line":389,"column":4},"end":{"line":389,"column":11}},"155":{"start":{"line":393,"column":19},"end":{"line":393,"column":64}},"156":{"start":{"line":394,"column":17},"end":{"line":394,"column":60}},"157":{"start":{"line":397,"column":20},"end":{"line":397,"column":54}},"158":{"start":{"line":398,"column":4},"end":{"line":398,"column":25}},"159":{"start":{"line":398,"column":18},"end":{"line":398,"column":25}},"160":{"start":{"line":400,"column":4},"end":{"line":400,"column":52}},"161":{"start":{"line":400,"column":28},"end":{"line":400,"column":52}},"162":{"start":{"line":402,"column":27},"end":{"line":402,"column":64}},"163":{"start":{"line":403,"column":19},"end":{"line":403,"column":48}},"164":{"start":{"line":404,"column":17},"end":{"line":404,"column":54}},"165":{"start":{"line":405,"column":4},"end":{"line":406,"column":65}},"166":{"start":{"line":406,"column":6},"end":{"line":406,"column":65}},"167":{"start":{"line":407,"column":4},"end":{"line":407,"column":78}},"168":{"start":{"line":407,"column":17},"end":{"line":407,"column":78}},"169":{"start":{"line":409,"column":23},"end":{"line":409,"column":74}},"170":{"start":{"line":410,"column":26},"end":{"line":410,"column":67}},"171":{"start":{"line":411,"column":25},"end":{"line":411,"column":71}},"172":{"start":{"line":413,"column":22},"end":{"line":512,"column":null}},"173":{"start":{"line":414,"column":75},"end":{"line":512,"column":8}},"174":{"start":{"line":417,"column":31},"end":{"line":420,"column":null}},"175":{"start":{"line":419,"column":12},"end":{"line":420,"column":62}},"176":{"start":{"line":422,"column":8},"end":{"line":422,"column":38}},"177":{"start":{"line":422,"column":28},"end":{"line":422,"column":38}},"178":{"start":{"line":423,"column":8},"end":{"line":423,"column":61}},"179":{"start":{"line":426,"column":27},"end":{"line":426,"column":66}},"180":{"start":{"line":427,"column":8},"end":{"line":427,"column":68}},"181":{"start":{"line":430,"column":23},"end":{"line":433,"column":null}},"182":{"start":{"line":435,"column":8},"end":{"line":435,"column":64}},"183":{"start":{"line":438,"column":22},"end":{"line":441,"column":null}},"184":{"start":{"line":443,"column":8},"end":{"line":443,"column":63}},"185":{"start":{"line":446,"column":27},"end":{"line":448,"column":null}},"186":{"start":{"line":450,"column":8},"end":{"line":450,"column":50}},"187":{"start":{"line":452,"column":27},"end":{"line":454,"column":null}},"188":{"start":{"line":458,"column":23},"end":{"line":458,"column":66}},"189":{"start":{"line":459,"column":8},"end":{"line":459,"column":46}},"190":{"start":{"line":462,"column":8},"end":{"line":468,"column":35}},"191":{"start":{"line":471,"column":8},"end":{"line":473,"column":35}},"192":{"start":{"line":476,"column":8},"end":{"line":484,"column":11}},"193":{"start":{"line":488,"column":22},"end":{"line":488,"column":62}},"194":{"start":{"line":489,"column":25},"end":{"line":490,"column":null}},"195":{"start":{"line":494,"column":8},"end":{"line":502,"column":null}},"196":{"start":{"line":495,"column":10},"end":{"line":501,"column":12}},"197":{"start":{"line":504,"column":23},"end":{"line":508,"column":null}},"198":{"start":{"line":510,"column":8},"end":{"line":510,"column":46}},"199":{"start":{"line":511,"column":8},"end":{"line":511,"column":18}},"200":{"start":{"line":514,"column":18},"end":{"line":514,"column":68}},"201":{"start":{"line":516,"column":4},"end":{"line":516,"column":75}},"202":{"start":{"line":516,"column":30},"end":{"line":516,"column":73}},"203":{"start":{"line":517,"column":4},"end":{"line":517,"column":17}},"204":{"start":{"line":521,"column":17},"end":{"line":521,"column":60}},"205":{"start":{"line":522,"column":17},"end":{"line":522,"column":54}},"206":{"start":{"line":523,"column":23},"end":{"line":523,"column":52}},"207":{"start":{"line":525,"column":21},"end":{"line":525,"column":53}},"208":{"start":{"line":528,"column":26},"end":{"line":528,"column":66}},"209":{"start":{"line":529,"column":4},"end":{"line":536,"column":null}},"210":{"start":{"line":530,"column":6},"end":{"line":530,"column":58}},"211":{"start":{"line":531,"column":17},"end":{"line":533,"column":null}},"212":{"start":{"line":535,"column":6},"end":{"line":535,"column":40}},"213":{"start":{"line":539,"column":24},"end":{"line":539,"column":63}},"214":{"start":{"line":540,"column":4},"end":{"line":547,"column":null}},"215":{"start":{"line":541,"column":6},"end":{"line":541,"column":57}},"216":{"start":{"line":542,"column":17},"end":{"line":544,"column":null}},"217":{"start":{"line":546,"column":6},"end":{"line":546,"column":40}},"218":{"start":{"line":551,"column":22},"end":{"line":551,"column":37}},"219":{"start":{"line":553,"column":4},"end":{"line":556,"column":6}},"220":{"start":{"line":557,"column":4},"end":{"line":560,"column":6}},"221":{"start":{"line":561,"column":4},"end":{"line":564,"column":6}},"222":{"start":{"line":566,"column":4},"end":{"line":566,"column":76}},"223":{"start":{"line":567,"column":4},"end":{"line":567,"column":78}},"224":{"start":{"line":568,"column":4},"end":{"line":568,"column":74}},"225":{"start":{"line":583,"column":17},"end":{"line":583,"column":54}},"226":{"start":{"line":588,"column":30},"end":{"line":588,"column":69}},"227":{"start":{"line":589,"column":4},"end":{"line":593,"column":6}},"228":{"start":{"line":596,"column":4},"end":{"line":603,"column":null}},"229":{"start":{"line":597,"column":28},"end":{"line":597,"column":75}},"230":{"start":{"line":598,"column":6},"end":{"line":602,"column":8}},"231":{"start":{"line":606,"column":17},"end":{"line":606,"column":72}},"232":{"start":{"line":607,"column":4},"end":{"line":611,"column":6}},"233":{"start":{"line":613,"column":4},"end":{"line":623,"column":null}},"234":{"start":{"line":614,"column":33},"end":{"line":614,"column":74}},"235":{"start":{"line":615,"column":27},"end":{"line":616,"column":null}},"236":{"start":{"line":618,"column":6},"end":{"line":622,"column":8}},"237":{"start":{"line":628,"column":31},"end":{"line":628,"column":71}},"238":{"start":{"line":629,"column":4},"end":{"line":633,"column":6}},"239":{"start":{"line":637,"column":6},"end":{"line":637,"column":62}},"240":{"start":{"line":638,"column":4},"end":{"line":642,"column":6}},"241":{"start":{"line":644,"column":4},"end":{"line":651,"column":null}},"242":{"start":{"line":645,"column":26},"end":{"line":645,"column":72}},"243":{"start":{"line":646,"column":6},"end":{"line":650,"column":8}},"244":{"start":{"line":654,"column":17},"end":{"line":655,"column":31}},"245":{"start":{"line":656,"column":4},"end":{"line":664,"column":null}},"246":{"start":{"line":657,"column":6},"end":{"line":657,"column":64}},"247":{"start":{"line":659,"column":6},"end":{"line":663,"column":8}},"248":{"start":{"line":668,"column":4},"end":{"line":724,"column":null}},"249":{"start":{"line":669,"column":6},"end":{"line":723,"column":null}},"250":{"start":{"line":670,"column":26},"end":{"line":670,"column":42}},"251":{"start":{"line":671,"column":8},"end":{"line":671,"column":63}},"252":{"start":{"line":673,"column":8},"end":{"line":684,"column":null}},"253":{"start":{"line":674,"column":10},"end":{"line":678,"column":12}},"254":{"start":{"line":679,"column":10},"end":{"line":683,"column":12}},"255":{"start":{"line":686,"column":8},"end":{"line":690,"column":10}},"256":{"start":{"line":692,"column":30},"end":{"line":694,"column":null}},"257":{"start":{"line":697,"column":21},"end":{"line":697,"column":47}},"258":{"start":{"line":698,"column":23},"end":{"line":698,"column":51}},"259":{"start":{"line":699,"column":25},"end":{"line":699,"column":55}},"260":{"start":{"line":700,"column":22},"end":{"line":700,"column":49}},"261":{"start":{"line":702,"column":8},"end":{"line":706,"column":10}},"262":{"start":{"line":708,"column":8},"end":{"line":708,"column":65}},"263":{"start":{"line":709,"column":8},"end":{"line":709,"column":71}},"264":{"start":{"line":710,"column":8},"end":{"line":710,"column":77}},"265":{"start":{"line":713,"column":10},"end":{"line":714,"column":null}},"266":{"start":{"line":716,"column":8},"end":{"line":720,"column":10}},"267":{"start":{"line":722,"column":8},"end":{"line":722,"column":80}},"268":{"start":{"line":726,"column":4},"end":{"line":728,"column":null}},"269":{"start":{"line":727,"column":6},"end":{"line":727,"column":22}},"270":{"start":{"line":729,"column":4},"end":{"line":729,"column":21}},"271":{"start":{"line":733,"column":4},"end":{"line":733,"column":65}},"272":{"start":{"line":23,"column":0},"end":{"line":23,"column":21}}},"fnMap":{"0":{"name":"(anonymous_14)","decl":{"start":{"line":31,"column":2},"end":{"line":31,"column":null}},"loc":{"start":{"line":34,"column":36},"end":{"line":37,"column":3}}},"1":{"name":"(anonymous_15)","decl":{"start":{"line":39,"column":2},"end":{"line":39,"column":18}},"loc":{"start":{"line":39,"column":18},"end":{"line":42,"column":3}}},"2":{"name":"(anonymous_16)","decl":{"start":{"line":44,"column":2},"end":{"line":44,"column":6}},"loc":{"start":{"line":44,"column":18},"end":{"line":46,"column":3}}},"3":{"name":"(anonymous_17)","decl":{"start":{"line":48,"column":2},"end":{"line":48,"column":6}},"loc":{"start":{"line":48,"column":14},"end":{"line":50,"column":3}}},"4":{"name":"(anonymous_18)","decl":{"start":{"line":52,"column":2},"end":{"line":52,"column":6}},"loc":{"start":{"line":52,"column":16},"end":{"line":54,"column":3}}},"5":{"name":"(anonymous_19)","decl":{"start":{"line":56,"column":2},"end":{"line":56,"column":6}},"loc":{"start":{"line":56,"column":15},"end":{"line":58,"column":3}}},"6":{"name":"(anonymous_20)","decl":{"start":{"line":60,"column":2},"end":{"line":60,"column":6}},"loc":{"start":{"line":60,"column":19},"end":{"line":65,"column":3}}},"7":{"name":"(anonymous_21)","decl":{"start":{"line":67,"column":2},"end":{"line":67,"column":6}},"loc":{"start":{"line":67,"column":26},"end":{"line":75,"column":3}}},"8":{"name":"(anonymous_22)","decl":{"start":{"line":77,"column":2},"end":{"line":77,"column":6}},"loc":{"start":{"line":77,"column":38},"end":{"line":79,"column":3}}},"9":{"name":"(anonymous_23)","decl":{"start":{"line":81,"column":2},"end":{"line":81,"column":6}},"loc":{"start":{"line":81,"column":27},"end":{"line":89,"column":3}}},"10":{"name":"(anonymous_24)","decl":{"start":{"line":91,"column":2},"end":{"line":91,"column":6}},"loc":{"start":{"line":91,"column":39},"end":{"line":93,"column":3}}},"11":{"name":"(anonymous_25)","decl":{"start":{"line":95,"column":2},"end":{"line":95,"column":6}},"loc":{"start":{"line":95,"column":23},"end":{"line":102,"column":3}}},"12":{"name":"(anonymous_26)","decl":{"start":{"line":104,"column":2},"end":{"line":104,"column":6}},"loc":{"start":{"line":104,"column":31},"end":{"line":106,"column":3}}},"13":{"name":"(anonymous_27)","decl":{"start":{"line":108,"column":8},"end":{"line":108,"column":24}},"loc":{"start":{"line":108,"column":24},"end":{"line":112,"column":null}}},"14":{"name":"(anonymous_29)","decl":{"start":{"line":114,"column":16},"end":{"line":114,"column":41}},"loc":{"start":{"line":114,"column":41},"end":{"line":135,"column":null}}},"15":{"name":"(anonymous_31)","decl":{"start":{"line":138,"column":16},"end":{"line":138,"column":27}},"loc":{"start":{"line":140,"column":32},"end":{"line":171,"column":null}}},"16":{"name":"(anonymous_33)","decl":{"start":{"line":173,"column":16},"end":{"line":173,"column":28}},"loc":{"start":{"line":173,"column":57},"end":{"line":206,"column":null}}},"17":{"name":"(anonymous_35)","decl":{"start":{"line":208,"column":8},"end":{"line":208,"column":16}},"loc":{"start":{"line":210,"column":30},"end":{"line":218,"column":null}}},"18":{"name":"(anonymous_37)","decl":{"start":{"line":220,"column":8},"end":{"line":220,"column":32}},"loc":{"start":{"line":220,"column":32},"end":{"line":239,"column":null}}},"19":{"name":"(anonymous_39)","decl":{"start":{"line":241,"column":8},"end":{"line":241,"column":27}},"loc":{"start":{"line":241,"column":27},"end":{"line":273,"column":null}}},"20":{"name":"(anonymous_41)","decl":{"start":{"line":275,"column":8},"end":{"line":275,"column":26}},"loc":{"start":{"line":275,"column":26},"end":{"line":305,"column":null}}},"21":{"name":"(anonymous_43)","decl":{"start":{"line":307,"column":8},"end":{"line":307,"column":23}},"loc":{"start":{"line":307,"column":23},"end":{"line":344,"column":null}}},"22":{"name":"(anonymous_45)","decl":{"start":{"line":346,"column":8},"end":{"line":346,"column":26}},"loc":{"start":{"line":347,"column":27},"end":{"line":390,"column":null}}},"23":{"name":"(anonymous_47)","decl":{"start":{"line":392,"column":8},"end":{"line":392,"column":26}},"loc":{"start":{"line":392,"column":26},"end":{"line":518,"column":null}}},"24":{"name":"(anonymous_49)","decl":{"start":{"line":414,"column":18},"end":{"line":414,"column":25}},"loc":{"start":{"line":414,"column":75},"end":{"line":512,"column":8}}},"25":{"name":"(anonymous_50)","decl":{"start":{"line":414,"column":75},"end":{"line":414,"column":null}},"loc":{"start":{"line":414,"column":75},"end":{"line":512,"column":7}}},"26":{"name":"(anonymous_51)","decl":{"start":{"line":418,"column":10},"end":{"line":418,"column":11}},"loc":{"start":{"line":419,"column":12},"end":{"line":420,"column":62}}},"27":{"name":"(anonymous_52)","decl":{"start":{"line":516,"column":22},"end":{"line":516,"column":23}},"loc":{"start":{"line":516,"column":30},"end":{"line":516,"column":73}}},"28":{"name":"(anonymous_53)","decl":{"start":{"line":520,"column":8},"end":{"line":520,"column":18}},"loc":{"start":{"line":520,"column":18},"end":{"line":548,"column":null}}},"29":{"name":"(anonymous_55)","decl":{"start":{"line":550,"column":8},"end":{"line":550,"column":19}},"loc":{"start":{"line":550,"column":43},"end":{"line":730,"column":null}}},"30":{"name":"(anonymous_57)","decl":{"start":{"line":732,"column":2},"end":{"line":732,"column":24}},"loc":{"start":{"line":732,"column":51},"end":{"line":734,"column":3}}}},"branchMap":{"0":{"loc":{"start":{"line":40,"column":4},"end":{"line":40,"column":52}},"type":"if","locations":[{"start":{"line":40,"column":4},"end":{"line":40,"column":52}}]},"1":{"loc":{"start":{"line":68,"column":4},"end":{"line":70,"column":null}},"type":"if","locations":[{"start":{"line":68,"column":4},"end":{"line":70,"column":null}}]},"2":{"loc":{"start":{"line":82,"column":4},"end":{"line":84,"column":null}},"type":"if","locations":[{"start":{"line":82,"column":4},"end":{"line":84,"column":null}}]},"3":{"loc":{"start":{"line":96,"column":4},"end":{"line":96,"column":47}},"type":"if","locations":[{"start":{"line":96,"column":4},"end":{"line":96,"column":47}}]},"4":{"loc":{"start":{"line":109,"column":4},"end":{"line":109,"column":71}},"type":"if","locations":[{"start":{"line":109,"column":4},"end":{"line":109,"column":71}}]},"5":{"loc":{"start":{"line":109,"column":8},"end":{"line":109,"column":62}},"type":"binary-expr","locations":[{"start":{"line":109,"column":8},"end":{"line":109,"column":30}},{"start":{"line":109,"column":34},"end":{"line":109,"column":62}}]},"6":{"loc":{"start":{"line":120,"column":4},"end":{"line":120,"column":54}},"type":"if","locations":[{"start":{"line":120,"column":4},"end":{"line":120,"column":54}}]},"7":{"loc":{"start":{"line":120,"column":8},"end":{"line":120,"column":45}},"type":"cond-expr","locations":[{"start":{"line":120,"column":29},"end":{"line":120,"column":31}},{"start":{"line":120,"column":29},"end":{"line":120,"column":45}}]},"8":{"loc":{"start":{"line":120,"column":8},"end":{"line":120,"column":31}},"type":"binary-expr","locations":[{"start":{"line":120,"column":8},"end":{"line":120,"column":31}},{"start":{"line":120,"column":29},"end":{"line":120,"column":31}}]},"9":{"loc":{"start":{"line":144,"column":4},"end":{"line":144,"column":73}},"type":"if","locations":[{"start":{"line":144,"column":4},"end":{"line":144,"column":73}}]},"10":{"loc":{"start":{"line":145,"column":4},"end":{"line":145,"column":28}},"type":"if","locations":[{"start":{"line":145,"column":4},"end":{"line":145,"column":28}}]},"11":{"loc":{"start":{"line":177,"column":4},"end":{"line":178,"column":79}},"type":"if","locations":[{"start":{"line":177,"column":4},"end":{"line":178,"column":79}}]},"12":{"loc":{"start":{"line":180,"column":4},"end":{"line":180,"column":29}},"type":"if","locations":[{"start":{"line":180,"column":4},"end":{"line":180,"column":29}}]},"13":{"loc":{"start":{"line":184,"column":4},"end":{"line":184,"column":65}},"type":"if","locations":[{"start":{"line":184,"column":4},"end":{"line":184,"column":65}}]},"14":{"loc":{"start":{"line":226,"column":6},"end":{"line":226,"column":71}},"type":"cond-expr","locations":[{"start":{"line":226,"column":46},"end":{"line":226,"column":50}},{"start":{"line":226,"column":50},"end":{"line":226,"column":71}}]},"15":{"loc":{"start":{"line":226,"column":6},"end":{"line":226,"column":50}},"type":"binary-expr","locations":[{"start":{"line":226,"column":6},"end":{"line":226,"column":50}},{"start":{"line":226,"column":46},"end":{"line":226,"column":50}}]},"16":{"loc":{"start":{"line":227,"column":4},"end":{"line":227,"column":51}},"type":"if","locations":[{"start":{"line":227,"column":4},"end":{"line":227,"column":51}}]},"17":{"loc":{"start":{"line":229,"column":24},"end":{"line":229,"column":45}},"type":"cond-expr","locations":[{"start":{"line":229,"column":29},"end":{"line":229,"column":31}},{"start":{"line":229,"column":24},"end":{"line":229,"column":45}}]},"18":{"loc":{"start":{"line":229,"column":24},"end":{"line":229,"column":31}},"type":"binary-expr","locations":[{"start":{"line":229,"column":24},"end":{"line":229,"column":31}},{"start":{"line":229,"column":24},"end":{"line":229,"column":31}}]},"19":{"loc":{"start":{"line":230,"column":4},"end":{"line":230,"column":57}},"type":"if","locations":[{"start":{"line":230,"column":4},"end":{"line":230,"column":57}}]},"20":{"loc":{"start":{"line":233,"column":4},"end":{"line":233,"column":30}},"type":"if","locations":[{"start":{"line":233,"column":4},"end":{"line":233,"column":30}}]},"21":{"loc":{"start":{"line":233,"column":8},"end":{"line":233,"column":21}},"type":"cond-expr","locations":[{"start":{"line":233,"column":13},"end":{"line":233,"column":15}},{"start":{"line":233,"column":8},"end":{"line":233,"column":21}}]},"22":{"loc":{"start":{"line":233,"column":8},"end":{"line":233,"column":15}},"type":"binary-expr","locations":[{"start":{"line":233,"column":8},"end":{"line":233,"column":15}},{"start":{"line":233,"column":8},"end":{"line":233,"column":15}}]},"23":{"loc":{"start":{"line":245,"column":4},"end":{"line":245,"column":40}},"type":"if","locations":[{"start":{"line":245,"column":4},"end":{"line":245,"column":40}}]},"24":{"loc":{"start":{"line":249,"column":4},"end":{"line":250,"column":74}},"type":"if","locations":[{"start":{"line":249,"column":4},"end":{"line":250,"column":74}}]},"25":{"loc":{"start":{"line":249,"column":8},"end":{"line":249,"column":78}},"type":"binary-expr","locations":[{"start":{"line":249,"column":8},"end":{"line":249,"column":42}},{"start":{"line":249,"column":42},"end":{"line":249,"column":78}}]},"26":{"loc":{"start":{"line":249,"column":9},"end":{"line":249,"column":38}},"type":"cond-expr","locations":[{"start":{"line":249,"column":30},"end":{"line":249,"column":32}},{"start":{"line":249,"column":30},"end":{"line":249,"column":38}}]},"27":{"loc":{"start":{"line":249,"column":9},"end":{"line":249,"column":32}},"type":"binary-expr","locations":[{"start":{"line":249,"column":9},"end":{"line":249,"column":32}},{"start":{"line":249,"column":30},"end":{"line":249,"column":32}}]},"28":{"loc":{"start":{"line":249,"column":42},"end":{"line":249,"column":71}},"type":"cond-expr","locations":[{"start":{"line":249,"column":63},"end":{"line":249,"column":65}},{"start":{"line":249,"column":63},"end":{"line":249,"column":71}}]},"29":{"loc":{"start":{"line":249,"column":42},"end":{"line":249,"column":65}},"type":"binary-expr","locations":[{"start":{"line":249,"column":42},"end":{"line":249,"column":65}},{"start":{"line":249,"column":63},"end":{"line":249,"column":65}}]},"30":{"loc":{"start":{"line":251,"column":4},"end":{"line":252,"column":72}},"type":"if","locations":[{"start":{"line":251,"column":4},"end":{"line":252,"column":72}}]},"31":{"loc":{"start":{"line":251,"column":8},"end":{"line":251,"column":45}},"type":"cond-expr","locations":[{"start":{"line":251,"column":29},"end":{"line":251,"column":31}},{"start":{"line":251,"column":29},"end":{"line":251,"column":45}}]},"32":{"loc":{"start":{"line":251,"column":8},"end":{"line":251,"column":31}},"type":"binary-expr","locations":[{"start":{"line":251,"column":8},"end":{"line":251,"column":31}},{"start":{"line":251,"column":29},"end":{"line":251,"column":31}}]},"33":{"loc":{"start":{"line":279,"column":4},"end":{"line":280,"column":62}},"type":"if","locations":[{"start":{"line":279,"column":4},"end":{"line":280,"column":62}}]},"34":{"loc":{"start":{"line":283,"column":4},"end":{"line":283,"column":39}},"type":"if","locations":[{"start":{"line":283,"column":4},"end":{"line":283,"column":39}}]},"35":{"loc":{"start":{"line":312,"column":4},"end":{"line":312,"column":49}},"type":"if","locations":[{"start":{"line":312,"column":4},"end":{"line":312,"column":49}}]},"36":{"loc":{"start":{"line":314,"column":4},"end":{"line":314,"column":36}},"type":"if","locations":[{"start":{"line":314,"column":4},"end":{"line":314,"column":36}}]},"37":{"loc":{"start":{"line":316,"column":4},"end":{"line":317,"column":70}},"type":"if","locations":[{"start":{"line":316,"column":4},"end":{"line":317,"column":70}}]},"38":{"loc":{"start":{"line":355,"column":25},"end":{"line":355,"column":62}},"type":"cond-expr","locations":[{"start":{"line":355,"column":55},"end":{"line":355,"column":57}},{"start":{"line":355,"column":55},"end":{"line":355,"column":62}}]},"39":{"loc":{"start":{"line":355,"column":25},"end":{"line":355,"column":57}},"type":"binary-expr","locations":[{"start":{"line":355,"column":25},"end":{"line":355,"column":57}},{"start":{"line":355,"column":55},"end":{"line":355,"column":57}}]},"40":{"loc":{"start":{"line":356,"column":4},"end":{"line":357,"column":67}},"type":"if","locations":[{"start":{"line":356,"column":4},"end":{"line":357,"column":67}}]},"41":{"loc":{"start":{"line":363,"column":4},"end":{"line":363,"column":90}},"type":"if","locations":[{"start":{"line":363,"column":4},"end":{"line":363,"column":90}}]},"42":{"loc":{"start":{"line":371,"column":4},"end":{"line":381,"column":null}},"type":"if","locations":[{"start":{"line":371,"column":4},"end":{"line":381,"column":null}}]},"43":{"loc":{"start":{"line":398,"column":4},"end":{"line":398,"column":25}},"type":"if","locations":[{"start":{"line":398,"column":4},"end":{"line":398,"column":25}}]},"44":{"loc":{"start":{"line":400,"column":4},"end":{"line":400,"column":52}},"type":"if","locations":[{"start":{"line":400,"column":4},"end":{"line":400,"column":52}}]},"45":{"loc":{"start":{"line":402,"column":27},"end":{"line":402,"column":64}},"type":"cond-expr","locations":[{"start":{"line":402,"column":48},"end":{"line":402,"column":50}},{"start":{"line":402,"column":48},"end":{"line":402,"column":64}}]},"46":{"loc":{"start":{"line":402,"column":27},"end":{"line":402,"column":50}},"type":"binary-expr","locations":[{"start":{"line":402,"column":27},"end":{"line":402,"column":50}},{"start":{"line":402,"column":48},"end":{"line":402,"column":50}}]},"47":{"loc":{"start":{"line":403,"column":19},"end":{"line":403,"column":48}},"type":"cond-expr","locations":[{"start":{"line":403,"column":41},"end":{"line":403,"column":43}},{"start":{"line":403,"column":41},"end":{"line":403,"column":48}}]},"48":{"loc":{"start":{"line":403,"column":19},"end":{"line":403,"column":43}},"type":"binary-expr","locations":[{"start":{"line":403,"column":19},"end":{"line":403,"column":43}},{"start":{"line":403,"column":41},"end":{"line":403,"column":43}}]},"49":{"loc":{"start":{"line":405,"column":4},"end":{"line":406,"column":65}},"type":"if","locations":[{"start":{"line":405,"column":4},"end":{"line":406,"column":65}}]},"50":{"loc":{"start":{"line":407,"column":4},"end":{"line":407,"column":78}},"type":"if","locations":[{"start":{"line":407,"column":4},"end":{"line":407,"column":78}}]},"51":{"loc":{"start":{"line":417,"column":31},"end":{"line":420,"column":null}},"type":"cond-expr","locations":[{"start":{"line":417,"column":48},"end":{"line":417,"column":50}},{"start":{"line":417,"column":48},"end":{"line":420,"column":null}}]},"52":{"loc":{"start":{"line":417,"column":31},"end":{"line":417,"column":50}},"type":"binary-expr","locations":[{"start":{"line":417,"column":31},"end":{"line":417,"column":50}},{"start":{"line":417,"column":48},"end":{"line":417,"column":50}}]},"53":{"loc":{"start":{"line":419,"column":12},"end":{"line":420,"column":62}},"type":"binary-expr","locations":[{"start":{"line":419,"column":12},"end":{"line":419,"column":54}},{"start":{"line":420,"column":12},"end":{"line":420,"column":62}}]},"54":{"loc":{"start":{"line":422,"column":8},"end":{"line":422,"column":38}},"type":"if","locations":[{"start":{"line":422,"column":8},"end":{"line":422,"column":38}}]},"55":{"loc":{"start":{"line":476,"column":8},"end":{"line":483,"column":null}},"type":"cond-expr","locations":[{"start":{"line":476,"column":25},"end":{"line":476,"column":27}},{"start":{"line":476,"column":25},"end":{"line":483,"column":null}}]},"56":{"loc":{"start":{"line":476,"column":8},"end":{"line":476,"column":27}},"type":"binary-expr","locations":[{"start":{"line":476,"column":8},"end":{"line":476,"column":27}},{"start":{"line":476,"column":25},"end":{"line":476,"column":27}}]},"57":{"loc":{"start":{"line":494,"column":8},"end":{"line":502,"column":null}},"type":"if","locations":[{"start":{"line":494,"column":8},"end":{"line":502,"column":null}}]},"58":{"loc":{"start":{"line":529,"column":4},"end":{"line":536,"column":null}},"type":"if","locations":[{"start":{"line":529,"column":4},"end":{"line":536,"column":null}}]},"59":{"loc":{"start":{"line":540,"column":4},"end":{"line":547,"column":null}},"type":"if","locations":[{"start":{"line":540,"column":4},"end":{"line":547,"column":null}}]},"60":{"loc":{"start":{"line":596,"column":4},"end":{"line":603,"column":null}},"type":"if","locations":[{"start":{"line":596,"column":4},"end":{"line":603,"column":null}}]},"61":{"loc":{"start":{"line":644,"column":4},"end":{"line":651,"column":null}},"type":"if","locations":[{"start":{"line":644,"column":4},"end":{"line":651,"column":null}}]},"62":{"loc":{"start":{"line":656,"column":4},"end":{"line":664,"column":null}},"type":"if","locations":[{"start":{"line":656,"column":4},"end":{"line":664,"column":null}},{"start":{"line":658,"column":11},"end":{"line":664,"column":null}}]},"63":{"loc":{"start":{"line":668,"column":4},"end":{"line":724,"column":null}},"type":"if","locations":[{"start":{"line":668,"column":4},"end":{"line":724,"column":null}}]},"64":{"loc":{"start":{"line":673,"column":8},"end":{"line":684,"column":null}},"type":"if","locations":[{"start":{"line":673,"column":8},"end":{"line":684,"column":null}}]},"65":{"loc":{"start":{"line":726,"column":4},"end":{"line":728,"column":null}},"type":"if","locations":[{"start":{"line":726,"column":4},"end":{"line":728,"column":null}}]}},"s":{"0":1,"1":1,"2":1,"3":1,"4":1,"5":1,"6":1,"7":1,"8":0,"9":0,"10":0,"11":0,"12":0,"13":0,"14":0,"15":0,"16":0,"17":0,"18":0,"19":0,"20":0,"21":0,"22":0,"23":0,"24":0,"25":0,"26":0,"27":0,"28":0,"29":0,"30":0,"31":0,"32":0,"33":0,"34":0,"35":0,"36":0,"37":0,"38":0,"39":0,"40":0,"41":0,"42":0,"43":0,"44":0,"45":0,"46":0,"47":0,"48":0,"49":0,"50":0,"51":0,
[...]
,"column":8},"end":{"line":372,"column":30}},"loc":{"start":{"line":372,"column":30},"end":{"line":421,"column":null}}},"25":{"name":"(anonymous_49)","decl":{"start":{"line":423,"column":8},"end":{"line":423,"column":31}},"loc":{"start":{"line":423,"column":61},"end":{"line":478,"column":null}}},"26":{"name":"(anonymous_51)","decl":{"start":{"line":480,"column":8},"end":{"line":480,"column":21}},"loc":{"start":{"line":481,"column":33},"end":{"line":525,"column":null}}},"27":{"name":"(anonymous_53)","decl":{"start":{"line":527,"column":8},"end":{"line":527,"column":22}},"loc":{"start":{"line":528,"column":33},"end":{"line":592,"column":null}}},"28":{"name":"(anonymous_55)","decl":{"start":{"line":542,"column":19},"end":{"line":542,"column":26}},"loc":{"start":{"line":542,"column":37},"end":{"line":547,"column":8}}},"29":{"name":"(anonymous_56)","decl":{"start":{"line":542,"column":37},"end":{"line":542,"column":null}},"loc":{"start":{"line":542,"column":37},"end":{"line":547,"column":7}}},"30":{"name":"(anonymous_57)","decl":{"start":{"line":550,"column":6},"end":{"line":550,"column":7}},"loc":{"start":{"line":550,"column":18},"end":{"line":550,"column":42}}},"31":{"name":"(anonymous_58)","decl":{"start":{"line":563,"column":29},"end":{"line":563,"column":36}},"loc":{"start":{"line":563,"column":47},"end":{"line":570,"column":10}}},"32":{"name":"(anonymous_59)","decl":{"start":{"line":563,"column":47},"end":{"line":563,"column":null}},"loc":{"start":{"line":563,"column":47},"end":{"line":570,"column":9}}},"33":{"name":"(anonymous_60)","decl":{"start":{"line":581,"column":27},"end":{"line":581,"column":28}},"loc":{"start":{"line":582,"column":8},"end":{"line":586,"column":null}}},"34":{"name":"(anonymous_61)","decl":{"start":{"line":590,"column":32},"end":{"line":590,"column":33}},"loc":{"start":{"line":590,"column":40},"end":{"line":590,"column":67}}},"35":{"name":"(anonymous_62)","decl":{"start":{"line":594,"column":8},"end":{"line":594,"column":30}},"loc":{"start":{"line":595,"column":33},"end":{"line":633,"column":null}}},"36":{"name":"(anonymous_64)","decl":{"start":{"line":635,"column":8},"end":{"line":635,"column":20}},"loc":{"start":{"line":635,"column":50},"end":{"line":644,"column":null}}},"37":{"name":"(anonymous_66)","decl":{"start":{"line":646,"column":8},"end":{"line":646,"column":18}},"loc":{"start":{"line":646,"column":18},"end":{"line":675,"column":null}}},"38":{"name":"(anonymous_68)","decl":{"start":{"line":656,"column":27},"end":{"line":656,"column":28}},"loc":{"start":{"line":656,"column":39},"end":{"line":656,"column":62}}},"39":{"name":"(anonymous_69)","decl":{"start":{"line":661,"column":20},"end":{"line":661,"column":27}},"loc":{"start":{"line":661,"column":39},"end":{"line":667,"column":8}}},"40":{"name":"(anonymous_70)","decl":{"start":{"line":661,"column":39},"end":{"line":661,"column":null}},"loc":{"start":{"line":661,"column":39},"end":{"line":667,"column":7}}},"41":{"name":"(anonymous_71)","decl":{"start":{"line":671,"column":15},"end":{"line":671,"column":22}},"loc":{"start":{"line":671,"column":28},"end":{"line":673,"column":8}}},"42":{"name":"(anonymous_72)","decl":{"start":{"line":671,"column":28},"end":{"line":671,"column":null}},"loc":{"start":{"line":671,"column":28},"end":{"line":673,"column":7}}},"43":{"name":"(anonymous_73)","decl":{"start":{"line":682,"column":8},"end":{"line":682,"column":23}},"loc":{"start":{"line":682,"column":23},"end":{"line":706,"column":null}}},"44":{"name":"(anonymous_75)","decl":{"start":{"line":708,"column":8},"end":{"line":708,"column":19}},"loc":{"start":{"line":710,"column":26},"end":{"line":996,"column":null}}},"45":{"name":"(anonymous_77)","decl":{"start":{"line":944,"column":11},"end":{"line":944,"column":12}},"loc":{"start":{"line":944,"column":18},"end":{"line":944,"column":54}}},"46":{"name":"(anonymous_78)","decl":{"start":{"line":947,"column":22},"end":{"line":947,"column":23}},"loc":{"start":{"line":947,"column":40},"end":{"line":947,"column":72}}},"47":{"name":"(anonymous_79)","decl":{"start":{"line":952,"column":24},"end":{"line":952,"column":25}},"loc":{"start":{"line":952,"column":34},"end":{"line":952,"column":57}}},"48":{"name":"(anonymous_80)","decl":{"start":{"line":979,"column":37},"end":{"line":979,"column":38}},"loc":{"start":{"line":979,"column":54},"end":{"line":989,"column":7}}},"49":{"name":"(anonymous_81)","decl":{"start":{"line":998,"column":2},"end":{"line":998,"column":24}},"loc":{"start":{"line":998,"column":51},"end":{"line":1000,"column":3}}}},"branchMap":{"0":{"loc":{"start":{"line":45,"column":4},"end":{"line":45,"column":54}},"type":"if","locations":[{"start":{"line":45,"column":4},"end":{"line":45,"column":54}}]},"1":{"loc":{"start":{"line":50,"column":4},"end":{"line":52,"column":null}},"type":"if","locations":[{"start":{"line":50,"column":4},"end":{"line":52,"column":null}}]},"2":{"loc":{"start":{"line":60,"column":4},"end":{"line":62,"column":null}},"type":"if","locations":[{"start":{"line":60,"column":4},"end":{"line":62,"column":null}}]},"3":{"loc":{"start":{"line":70,"column":4},"end":{"line":72,"column":null}},"type":"if","locations":[{"start":{"line":70,"column":4},"end":{"line":72,"column":null}}]},"4":{"loc":{"start":{"line":80,"column":4},"end":{"line":82,"column":null}},"type":"if","locations":[{"start":{"line":80,"column":4},"end":{"line":82,"column":null}}]},"5":{"loc":{"start":{"line":90,"column":4},"end":{"line":92,"column":null}},"type":"if","locations":[{"start":{"line":90,"column":4},"end":{"line":92,"column":null}}]},"6":{"loc":{"start":{"line":101,"column":23},"end":{"line":101,"column":47}},"type":"cond-expr","locations":[{"start":{"line":101,"column":41},"end":{"line":101,"column":45}},{"start":{"line":101,"column":45},"end":{"line":101,"column":47}}]},"7":{"loc":{"start":{"line":101,"column":23},"end":{"line":101,"column":45}},"type":"binary-expr","locations":[{"start":{"line":101,"column":23},"end":{"line":101,"column":45}},{"start":{"line":101,"column":41},"end":{"line":101,"column":45}}]},"8":{"loc":{"start":{"line":120,"column":11},"end":{"line":120,"column":56}},"type":"binary-expr","locations":[{"start":{"line":120,"column":11},"end":{"line":120,"column":50}},{"start":{"line":120,"column":54},"end":{"line":120,"column":56}}]},"9":{"loc":{"start":{"line":130,"column":4},"end":{"line":132,"column":null}},"type":"if","locations":[{"start":{"line":130,"column":4},"end":{"line":132,"column":null}}]},"10":{"loc":{"start":{"line":130,"column":8},"end":{"line":130,"column":38}},"type":"binary-expr","locations":[{"start":{"line":130,"column":8},"end":{"line":130,"column":17}},{"start":{"line":130,"column":21},"end":{"line":130,"column":38}}]},"11":{"loc":{"start":{"line":141,"column":4},"end":{"line":141,"column":26}},"type":"if","locations":[{"start":{"line":141,"column":4},"end":{"line":141,"column":26}}]},"12":{"loc":{"start":{"line":144,"column":4},"end":{"line":144,"column":21}},"type":"if","locations":[{"start":{"line":144,"column":4},"end":{"line":144,"column":21}}]},"13":{"loc":{"start":{"line":149,"column":4},"end":{"line":149,"column":71}},"type":"if","locations":[{"start":{"line":149,"column":4},"end":{"line":149,"column":71}}]},"14":{"loc":{"start":{"line":149,"column":8},"end":{"line":149,"column":62}},"type":"binary-expr","locations":[{"start":{"line":149,"column":8},"end":{"line":149,"column":30}},{"start":{"line":149,"column":34},"end":{"line":149,"column":62}}]},"15":{"loc":{"start":{"line":158,"column":4},"end":{"line":158,"column":50}},"type":"if","locations":[{"start":{"line":158,"column":4},"end":{"line":158,"column":50}}]},"16":{"loc":{"start":{"line":179,"column":4},"end":{"line":179,"column":41}},"type":"if","locations":[{"start":{"line":179,"column":4},"end":{"line":179,"column":41}}]},"17":{"loc":{"start":{"line":209,"column":4},"end":{"line":209,"column":48}},"type":"if","locations":[{"start":{"line":209,"column":4},"end":{"line":209,"column":48}}]},"18":{"loc":{"start":{"line":232,"column":4},"end":{"line":233,"column":79}},"type":"if","locations":[{"start":{"line":232,"column":4},"end":{"line":233,"column":79}}]},"19":{"loc":{"start":{"line":235,"column":4},"end":{"line":235,"column":29}},"type":"if","locations":[{"start":{"line":235,"column":4},"end":{"line":235,"column":29}}]},"20":{"loc":{"start":{"line":238,"column":16},"end":{"line":238,"column":53}},"type":"cond-expr","locations":[{"start":{"line":238,"column":44},"end":{"line":238,"column":46}},{"start":{"line":238,"column":44},"end":{"line":238,"column":53}}]},"21":{"loc":{"start":{"line":238,"column":16},"end":{"line":238,"column":46}},"type":"binary-expr","locations":[{"start":{"line":238,"column":16},"end":{"line":238,"column":46}},{"start":{"line":238,"column":44},"end":{"line":238,"column":46}}]},"22":{"loc":{"start":{"line":239,"column":4},"end":{"line":239,"column":65}},"type":"if","locations":[{"start":{"line":239,"column":4},"end":{"line":239,"column":65}}]},"23":{"loc":{"start":{"line":271,"column":4},"end":{"line":271,"column":73}},"type":"if","locations":[{"start":{"line":271,"column":4},"end":{"line":271,"column":73}}]},"24":{"loc":{"start":{"line":331,"column":4},"end":{"line":331,"column":31}},"type":"if","locations":[{"start":{"line":331,"column":4},"end":{"line":331,"column":31}}]},"25":{"loc":{"start":{"line":334,"column":27},"end":{"line":334,"column":55}},"type":"cond-expr","locations":[{"start":{"line":334,"column":46},"end":{"line":334,"column":48}},{"start":{"line":334,"column":46},"end":{"line":334,"column":55}}]},"26":{"loc":{"start":{"line":334,"column":27},"end":{"line":334,"column":48}},"type":"binary-expr","locations":[{"start":{"line":334,"column":27},"end":{"line":334,"column":48}},{"start":{"line":334,"column":46},"end":{"line":334,"column":48}}]},"27":{"loc":{"start":{"line":335,"column":4},"end":{"line":336,"column":67}},"type":"if","locations":[{"start":{"line":335,"column":4},"end":{"line":336,"column":67}}]},"28":{"loc":{"start":{"line":375,"column":4},"end":{"line":375,"column":43}},"type":"if","locations":[{"start":{"line":375,"column":4},"end":{"line":375,"column":43}}]},"29":{"loc":{"start":{"line":378,"column":34},"end":{"line":378,"column":69}},"type":"cond-expr","locations":[{"start":{"line":378,"column":60},"end":{"line":378,"column":62}},{"start":{"line":378,"column":60},"end":{"line":378,"column":69}}]},"30":{"loc":{"start":{"line":378,"column":34},"end":{"line":378,"column":62}},"type":"binary-expr","locations":[{"start":{"line":378,"column":34},"end":{"line":378,"column":62}},{"start":{"line":378,"column":60},"end":{"line":378,"column":62}}]},"31":{"loc":{"start":{"line":379,"column":4},"end":{"line":382,"column":8}},"type":"if","locations":[{"start":{"line":379,"column":4},"end":{"line":382,"column":8}}]},"32":{"loc":{"start":{"line":431,"column":4},"end":{"line":431,"column":65}},"type":"if","locations":[{"start":{"line":431,"column":4},"end":{"line":431,"column":65}}]},"33":{"loc":{"start":{"line":431,"column":8},"end":{"line":431,"column":56}},"type":"binary-expr","locations":[{"start":{"line":431,"column":8},"end":{"line":431,"column":26}},{"start":{"line":431,"column":30},"end":{"line":431,"column":56}}]},"34":{"loc":{"start":{"line":450,"column":4},"end":{"line":475,"column":null}},"type":"if","locations":[{"start":{"line":450,"column":4},"end":{"line":475,"column":null}},{"start":{"line":452,"column":11},"end":{"line":475,"column":null}}]},"35":{"loc":{"start":{"line":476,"column":4},"end":{"line":476,"column":55}},"type":"if","locations":[{"start":{"line":476,"column":4},"end":{"line":476,"column":55}}]},"36":{"loc":{"start":{"line":487,"column":20},"end":{"line":487,"column":52}},"type":"cond-expr","locations":[{"start":{"line":487,"column":43},"end":{"line":487,"column":45}},{"start":{"line":487,"column":43},"end":{"line":487,"column":52}}]},"37":{"loc":{"start":{"line":487,"column":20},"end":{"line":487,"column":45}},"type":"binary-expr","locations":[{"start":{"line":487,"column":20},"end":{"line":487,"column":45}},{"start":{"line":487,"column":43},"end":{"line":487,"column":45}}]},"38":{"loc":{"start":{"line":488,"column":4},"end":{"line":491,"column":8}},"type":"if","locations":[{"start":{"line":488,"column":4},"end":{"line":491,"column":8}}]},"39":{"loc":{"start":{"line":497,"column":4},"end":{"line":497,"column":39}},"type":"if","locations":[{"start":{"line":497,"column":4},"end":{"line":497,"column":39}}]},"40":{"loc":{"start":{"line":505,"column":4},"end":{"line":516,"column":null}},"type":"if","locations":[{"start":{"line":505,"column":4},"end":{"line":516,"column":null}}]},"41":{"loc":{"start":{"line":553,"column":4},"end":{"line":553,"column":45}},"type":"if","locations":[{"start":{"line":553,"column":4},"end":{"line":553,"column":45}}]},"42":{"loc":{"start":{"line":561,"column":4},"end":{"line":577,"column":null}},"type":"if","locations":[{"start":{"line":561,"column":4},"end":{"line":577,"column":null}}]},"43":{"loc":{"start":{"line":606,"column":4},"end":{"line":606,"column":84}},"type":"if","locations":[{"start":{"line":606,"column":4},"end":{"line":606,"column":84}}]},"44":{"loc":{"start":{"line":614,"column":4},"end":{"line":624,"column":null}},"type":"if","locations":[{"start":{"line":614,"column":4},"end":{"line":624,"column":null}}]},"45":{"loc":{"start":{"line":663,"column":8},"end":{"line":666,"column":null}},"type":"if","locations":[{"start":{"line":663,"column":8},"end":{"line":666,"column":null}}]},"46":{"loc":{"start":{"line":672,"column":8},"end":{"line":672,"column":32}},"type":"if","locations":[{"start":{"line":672,"column":8},"end":{"line":672,"column":32}}]},"47":{"loc":{"start":{"line":692,"column":4},"end":{"line":705,"column":null}},"type":"if","locations":[{"start":{"line":692,"column":4},"end":{"line":705,"column":null}}]},"48":{"loc":{"start":{"line":694,"column":6},"end":{"line":695,"column":15}},"type":"if","locations":[{"start":{"line":694,"column":6},"end":{"line":695,"column":15}}]},"49":{"loc":{"start":{"line":694,"column":10},"end":{"line":694,"column":78}},"type":"binary-expr","locations":[{"start":{"line":694,"column":10},"end":{"line":694,"column":44}},{"start":{"line":694,"column":48},"end":{"line":694,"column":78}}]},"50":{"loc":{"start":{"line":824,"column":33},"end":{"line":824,"column":54}},"type":"cond-expr","locations":[{"start":{"line":824,"column":47},"end":{"line":824,"column":49}},{"start":{"line":824,"column":47},"end":{"line":824,"column":54}}]},"51":{"loc":{"start":{"line":824,"column":33},"end":{"line":824,"column":49}},"type":"binary-expr","locations":[{"start":{"line":824,"column":33},"end":{"line":824,"column":49}},{"start":{"line":824,"column":47},"end":{"line":824,"column":49}}]},"52":{"loc":{"start":{"line":838,"column":6},"end":{"line":856,"column":null}},"type":"if","locations":[{"start":{"line":838,"column":6},"end":{"line":856,"column":null}}]},"53":{"loc":{"start":{"line":902,"column":4},"end":{"line":912,"column":null}},"type":"if","locations":[{"start":{"line":902,"column":4},"end":{"line":912,"column":null}}]},"54":{"loc":{"start":{"line":903,"column":28},"end":{"line":905,"column":38}},"type":"cond-expr","locations":[{"start":{"line":904,"column":10},"end":{"line":904,"column":43}},{"start":{"line":905,"column":10},"end":{"line":905,"column":38}}]},"55":{"loc":{"start":{"line":923,"column":4},"end":{"line":928,"column":8}},"type":"if","locations":[{"start":{"line":923,"column":4},"end":{"line":928,"column":8}}]},"56":{"loc":{"start":{"line":973,"column":4},"end":{"line":990,"column":null}},"type":"if","locations":[{"start":{"line":973,"column":4},"end":{"line":990,"column":null}}]},"57":{"loc":{"start":{"line":973,"column":8},"end":{"line":973,"column":44}},"type":"binary-expr","locations":[{"start":{"line":973,"column":8},"end":{"line":973,"column":32}},{"start":{"line":973,"column":36},"end":{"line":973,"column":44}}]},"58":{"loc":{"start":{"line":992,"column":4},"end":{"line":994,"column":null}},"type":"if","locations":[{"start":{"line":992,"column":4},"end":{"line":994,"column":null}}]}},"s":{"0":1,"1":1,"2":1,"3":1,"4":1,"5":1,"6":1,"7":1,"8":1,"9":0,"10":0,"11":0,"12":0,"13":0,"14":0,"15":0,"16":0,"17":0,"18":0,"19":0,"20":0,"21":0,"22":0,"23":0,"24":0,"25":0,"26":0,"27":0,"28":0,"29":0,"30":0,"31":0,"32":0,"33":0,"34":0,"35":0,"36":0,"37":0,"38":0,"39":0,"40":0,"41":0,"42":0,"43":0,"44":0,"45":0,"46":0,"47":0,"48":0,"49":0,"50":0,"51":0,"52":0,"53":0,"54":0,"55":0,"56":0,"57":0,"58":0,"59":0,"60":0,"61":0,"62":0,"63":0,"64":0,"65":0,"66":0,"67":0,"68":0,"69":0,"70":0,"71":0,"72":0,"73":0,"74":0,"75":0,"76":0,"77":0,"78":0,"79":0,"80":0,"81":0,"82":0,"83":0,"84":0,"85":0,"86":0,"87":0,"88":0,"89":0,"90":0,"91":0,"92":0,"93":0,"94":0,"95":0,"96":0,"97":0,"98":0,"99":0,"100":0,"101":0,"102":0,"103":0,"104":0,"105":0,"106":0,"107":0,"108":0,"109":0,"110":0,"111":0,"112":0,"113":0,"114":0,"115":0,"116":0,"117":0,"118":0,"119":0,"120":0,"121":0,"122":0,"123":0,"124":0,"125":0,"126":0,"127":0,"128":0,"129":0,"130":0,"131":0,"132":0,"133":0,"134":0,"135":0,"136":0,"137":0,"138":0,"139":0,"140":0,"141":0,"142":0,"143":0,"144":0,"145":0,"146":0,"147":0,"148":0,"149":0,"150":0,"151":0,"152":0,"153":0,"154":0,"155":0,"156":0,"157":0,"158":0,"159":0,"160":0,"161":0,"162":0,"163":0,"164":0,"165":0,"166":0,"167":0,"168":0,"169":0,"170":0,"171":0,"172":0,"173":0,"174":0,"175":0,"176":0,"177":0,"178":0,"179":0,"180":0,"181":0,"182":0,"183":0,"184":0,"185":0,"186":0,"187":0,"188":0,"189":0,"190":0,"191":0,"192":0,"193":0,"194":0,"195":0,"196":0,"197":0,"198":0,"199":0,"200":0,"201":0,"202":0,"203":0,"204":0,"205":0,"206":0,"207":0,"208":0,"209":0,"210":0,"211":0,"212":0,"213":0,"214":0,"215":0,"216":0,"217":0,"218":0,"219":0,"220":0,"221":0,"222":0,"223":0,"224":0,"225":0,"226":0,"227":0,"228":0,"229":0,"230":0,"231":0,"232":0,"233":0,"234":0,"235":0,"236":0,"237":0,"238":0,"239":0,"240":0,"241":0,"242":0,"243":0,"244":0,"245":0,"246":0,"247":0,"248":0,"249":0,"250":0,"251":0,"252":0,"253":0,"254":0,"255":0,"256":0,"257":0,"258":0,"259":0,"260":0,"261":0,"262":0,"263":0,"264":0,"265":0,"266":0,"267":0,"268":0,"269":0,"270":0,"271":0,"272":0,"273":0,"274":0,"275":0,"276":0,"277":0,"278":0,"279":0,"280":0,"281":0,"282":0,"283":0,"284":0,"285":0,"286":0,"287":0,"288":0,"289":0,"290":0,"291":0,"292":0,"293":0,"294":0,"295":0,"296":0,"297":0,"298":0,"299":0,"300":0,"301":0,"302":0,"303":0,"304":0,"305":0,"306":0,"307":0,"308":0,"309":0,"310":0,"311":0,"312":0,"313":0,"314":0,"315":0,"316":0,"317":0,"318":0,"319":0,"320":0,"321":0,"322":0,"323":0,"324":0,"325":0,"326":0,"327":0,"328":0,"329":0,"330":0,"331":0,"332":0,"333":0,"334":0,"335":0,"336":0,"337":0,"338":0,"339":0,"340":0,"341":0,"342":0,"343":0,"344":0,"345":0,"346":0,"347":0,"348":0,"349":0,"350":0,"351":0,"352":0,"353":0,"354":0,"355":0,"356":0,"357":0,"358":1},"f":{"0":0,"1":0,"2":0,"3":0,"4":0,"5":0,"6":0,"7":0,"8":0,"9":0,"10":0,"11":0,"12":0,"13":0,"14":0,"15":0,"16":0,"17":0,"18":0,"19":0,"20":0,"21":0,"22":0,"23":0,"24":0,"25":0,"26":0,"27":0,"28":0,"29":0,"30":0,"31":0,"32":0,"33":0,"34":0,"35":0,"36":0,"37":0,"38":0,"39":0,"40":0,"41":0,"42":0,"43":0,"44":0,"45":0,"46":0,"47":0,"48":0,"49":0},"b":{"0":[0],"1":[0],"2":[0],"3":[0],"4":[0],"5":[0],"6":[0,0],"7":[0,0],"8":[0,0],"9":[0],"10":[0,0],"11":[0],"12":[0],"13":[0],"14":[0,0],"15":[0],"16":[0],"17":[0],"18":[0],"19":[0],"20":[0,0],"21":[0,0],"22":[0],"23":[0],"24":[0],"25":[0,0],"26":[0,0],"27":[0],"28":[0],"29":[0,0],"30":[0,0],"31":[0],"32":[0],"33":[0,0],"34":[0,0],"35":[0],"36":[0,0],"37":[0,0],"38":[0],"39":[0],"40":[0],"41":[0],"42":[0],"43":[0],"44":[0],"45":[0],"46":[0],"47":[0],"48":[0],"49":[0,0],"50":[0,0],"51":[0,0],"52":[0],"53":[0],"54":[0,0],"55":[0],"56":[0],"57":[0,0],"58":[0]}}
,"/Users/imti/Nomad/monorepo/packages/deploy/src/core/index.ts": {"path":"/Users/imti/Nomad/monorepo/packages/deploy/src/core/index.ts","statementMap":{"0":{"start":{"line":1,"column":0},"end":{"line":1,"column":32}}},"fnMap":{},"branchMap":{},"s":{"0":1},"f":{},"b":{}}
}
