TN:
SF:src/Contracts.ts
FN:9,(anonymous_0)
FN:15,(anonymous_1)
FN:21,(anonymous_2)
FN:29,(anonymous_3)
FN:35,(anonymous_4)
FN:39,(anonymous_5)
FN:43,(anonymous_6)
FNF:7
FNH:0
FNDA:0,(anonymous_0)
FNDA:0,(anonymous_1)
FNDA:0,(anonymous_2)
FNDA:0,(anonymous_3)
FNDA:0,(anonymous_4)
FNDA:0,(anonymous_5)
FNDA:0,(anonymous_6)
DA:3,1
DA:10,0
DA:11,0
DA:12,0
DA:16,0
DA:22,0
DA:23,0
DA:24,0
DA:30,0
DA:31,0
DA:36,0
DA:40,0
DA:44,0
LF:13
LH:1
BRDA:10,0,0,0
BRDA:10,0,1,0
BRDA:10,1,0,0
BRDA:10,1,1,0
BRDA:23,2,0,0
BRF:5
BRH:0
end_of_record
TN:
SF:src/DeployContext.ts
FN:28,(anonymous_14)
FN:48,(anonymous_15)
FN:56,(anonymous_16)
FN:60,(anonymous_17)
FN:64,(anonymous_18)
FN:68,(anonymous_19)
FN:72,(anonymous_20)
FN:76,(anonymous_21)
FN:80,(anonymous_22)
FN:84,(anonymous_23)
FN:88,(anonymous_24)
FN:92,(anonymous_25)
FN:96,(anonymous_26)
FN:100,(anonymous_27)
FN:105,(anonymous_28)
FN:112,(anonymous_29)
FN:118,(anonymous_30)
FN:124,(anonymous_31)
FN:130,(anonymous_32)
FN:137,(anonymous_33)
FN:141,(anonymous_34)
FN:146,(anonymous_35)
FN:151,(anonymous_36)
FN:162,(anonymous_37)
FN:173,(anonymous_38)
FN:193,(anonymous_39)
FN:205,(anonymous_41)
FN:225,(anonymous_43)
FN:240,(anonymous_45)
FN:241,(anonymous_47)
FN:243,(anonymous_48)
FN:252,(anonymous_49)
FN:257,(anonymous_51)
FN:257,(anonymous_52)
FN:274,(anonymous_53)
FN:274,(anonymous_54)
FN:285,(anonymous_55)
FN:286,(anonymous_57)
FN:287,(anonymous_58)
FN:290,(anonymous_59)
FN:296,(anonymous_61)
FN:296,(anonymous_62)
FN:303,(anonymous_63)
FN:303,(anonymous_64)
FN:316,(anonymous_65)
FN:319,(anonymous_67)
FN:320,(anonymous_68)
FN:327,(anonymous_69)
FN:346,(anonymous_71)
FN:357,(anonymous_72)
FN:362,(anonymous_74)
FN:364,(anonymous_76)
FN:364,(anonymous_77)
FN:380,(anonymous_78)
FN:382,(anonymous_80)
FN:382,(anonymous_81)
FN:392,(anonymous_82)
FN:404,(anonymous_83)
FNF:58
FNH:3
FNDA:1,(anonymous_14)
FNDA:2,(anonymous_15)
FNDA:0,(anonymous_16)
FNDA:0,(anonymous_17)
FNDA:0,(anonymous_18)
FNDA:0,(anonymous_19)
FNDA:23,(anonymous_20)
FNDA:0,(anonymous_21)
FNDA:0,(anonymous_22)
FNDA:0,(anonymous_23)
FNDA:0,(anonymous_24)
FNDA:0,(anonymous_25)
FNDA:0,(anonymous_26)
FNDA:0,(anonymous_27)
FNDA:0,(anonymous_28)
FNDA:0,(anonymous_29)
FNDA:0,(anonymous_30)
FNDA:0,(anonymous_31)
FNDA:0,(anonymous_32)
FNDA:0,(anonymous_33)
FNDA:0,(anonymous_34)
FNDA:0,(anonymous_35)
FNDA:0,(anonymous_36)
FNDA:0,(anonymous_37)
FNDA:0,(anonymous_38)
FNDA:0,(anonymous_39)
FNDA:0,(anonymous_41)
FNDA:0,(anonymous_43)
FNDA:0,(anonymous_45)
FNDA:0,(anonymous_47)
FNDA:0,(anonymous_48)
FNDA:0,(anonymous_49)
FNDA:0,(anonymous_51)
FNDA:0,(anonymous_52)
FNDA:0,(anonymous_53)
FNDA:0,(anonymous_54)
FNDA:0,(anonymous_55)
FNDA:0,(anonymous_57)
FNDA:0,(anonymous_58)
FNDA:0,(anonymous_59)
FNDA:0,(anonymous_61)
FNDA:0,(anonymous_62)
FNDA:0,(anonymous_63)
FNDA:0,(anonymous_64)
FNDA:0,(anonymous_65)
FNDA:0,(anonymous_67)
FNDA:0,(anonymous_68)
FNDA:0,(anonymous_69)
FNDA:0,(anonymous_71)
FNDA:0,(anonymous_72)
FNDA:0,(anonymous_74)
FNDA:0,(anonymous_76)
FNDA:0,(anonymous_77)
FNDA:0,(anonymous_78)
FNDA:0,(anonymous_80)
FNDA:0,(anonymous_81)
FNDA:0,(anonymous_82)
FNDA:0,(anonymous_83)
DA:1,1
DA:2,1
DA:3,1
DA:4,1
DA:5,1
DA:8,1
DA:9,1
DA:10,1
DA:20,1
DA:29,1
DA:31,1
DA:32,1
DA:33,1
DA:34,1
DA:35,1
DA:37,1
DA:38,5
DA:39,5
DA:40,5
DA:45,1
DA:49,2
DA:50,2
DA:51,10
DA:53,2
DA:57,0
DA:61,0
DA:65,0
DA:69,0
DA:73,23
DA:77,0
DA:81,0
DA:85,0
DA:89,0
DA:93,0
DA:97,0
DA:101,0
DA:102,0
DA:106,0
DA:107,0
DA:108,0
DA:109,0
DA:113,0
DA:114,0
DA:115,0
DA:119,0
DA:120,0
DA:121,0
DA:125,0
DA:126,0
DA:127,0
DA:131,0
DA:132,0
DA:133,0
DA:134,0
DA:138,0
DA:142,0
DA:143,0
DA:147,0
DA:148,0
DA:155,0
DA:156,0
DA:158,0
DA:159,0
DA:163,0
DA:164,0
DA:165,0
DA:166,0
DA:170,0
DA:175,0
DA:176,0
DA:181,0
DA:182,0
DA:186,0
DA:194,0
DA:195,0
DA:197,0
DA:198,0
DA:206,0
DA:208,0
DA:209,0
DA:211,0
DA:217,0
DA:218,0
DA:221,0
DA:222,0
DA:226,0
DA:228,0
DA:229,0
DA:231,0
DA:232,0
DA:233,0
DA:234,0
DA:236,0
DA:241,0
DA:242,0
DA:244,0
DA:254,0
DA:256,0
DA:257,0
DA:258,0
DA:259,0
DA:260,0
DA:262,0
DA:263,0
DA:265,0
DA:268,0
DA:269,0
DA:270,0
DA:273,0
DA:274,0
DA:275,0
DA:276,0
DA:277,0
DA:286,0
DA:287,0
DA:292,0
DA:295,0
DA:296,0
DA:297,0
DA:298,0
DA:299,0
DA:301,0
DA:302,0
DA:303,0
DA:304,0
DA:305,0
DA:310,0
DA:311,0
DA:318,0
DA:319,0
DA:321,0
DA:329,0
DA:338,0
DA:339,0
DA:342,0
DA:345,0
DA:347,0
DA:353,0
DA:358,0
DA:359,0
DA:363,0
DA:364,0
DA:365,0
DA:366,0
DA:367,0
DA:368,0
DA:370,0
DA:372,0
DA:381,0
DA:382,0
DA:383,0
DA:384,0
DA:385,0
DA:386,0
DA:387,0
DA:397,0
DA:399,0
DA:400,0
DA:403,0
DA:404,0
DA:406,0
LF:161
LH:25
BRDA:28,0,0,1
BRDA:39,1,0,5
BRDA:39,2,0,5
BRDA:39,2,1,5
BRDA:107,3,0,0
BRDA:114,4,0,0
BRDA:120,5,0,0
BRDA:126,6,0,0
BRDA:132,7,0,0
BRDA:156,8,0,0
BRDA:159,9,0,0
BRDA:165,10,0,0
BRDA:182,11,0,0
BRDA:195,12,0,0
BRDA:260,13,0,0
BRDA:260,13,1,0
BRDA:260,14,0,0
BRDA:260,14,1,0
BRDA:262,15,0,0
BRDA:263,16,0,0
BRDA:277,17,0,0
BRDA:299,18,0,0
BRDA:299,18,1,0
BRDA:299,19,0,0
BRDA:299,19,1,0
BRDA:301,20,0,0
BRDA:305,21,0,0
BRDA:311,22,0,0
BRDA:366,23,0,0
BRDA:384,24,0,0
BRDA:399,25,0,0
BRF:31
BRH:4
end_of_record
TN:
SF:src/index.ts
FN:6,(anonymous_4)
FN:6,(anonymous_5)
FNF:2
FNH:1
FNDA:1,(anonymous_4)
FNDA:0,(anonymous_5)
DA:1,1
DA:2,1
DA:3,1
DA:4,1
DA:6,2
LF:5
LH:5
BRF:0
BRH:0
end_of_record
TN:
SF:src/utils.ts
FN:8,log
FN:12,_unreachable
FN:16,assertBeaconProxy
FN:28,(anonymous_3)
FN:33,(anonymous_4)
FN:42,(anonymous_5)
FN:43,(anonymous_6)
FN:46,(anonymous_7)
FN:59,(anonymous_8)
FN:80,(anonymous_9)
FN:102,(anonymous_10)
FN:108,(anonymous_11)
FN:112,(anonymous_12)
FN:116,(anonymous_13)
FN:135,(anonymous_14)
FNF:15
FNH:0
FNDA:0,log
FNDA:0,_unreachable
FNDA:0,assertBeaconProxy
FNDA:0,(anonymous_3)
FNDA:0,(anonymous_4)
FNDA:0,(anonymous_5)
FNDA:0,(anonymous_6)
FNDA:0,(anonymous_7)
FNDA:0,(anonymous_8)
FNDA:0,(anonymous_9)
FNDA:0,(anonymous_10)
FNDA:0,(anonymous_11)
FNDA:0,(anonymous_12)
FNDA:0,(anonymous_13)
FNDA:0,(anonymous_14)
DA:2,1
DA:4,1
DA:8,1
DA:9,0
DA:12,1
DA:13,0
DA:16,1
DA:20,0
DA:21,0
DA:22,0
DA:25,1
DA:29,0
DA:30,0
DA:34,0
DA:35,0
DA:36,0
DA:38,0
DA:43,0
DA:47,0
DA:48,0
DA:50,0
DA:51,0
DA:53,0
DA:64,0
DA:65,0
DA:67,0
DA:68,0
DA:70,0
DA:71,0
DA:73,0
DA:85,0
DA:86,0
DA:88,0
DA:89,0
DA:91,0
DA:92,0
DA:94,0
DA:97,0
DA:106,0
DA:107,0
DA:108,0
DA:111,0
DA:112,0
DA:115,0
DA:116,0
DA:120,0
DA:124,0
DA:128,0
DA:136,0
LF:49
LH:6
BRDA:47,0,0,0
BRDA:47,0,1,0
BRDA:64,1,0,0
BRDA:64,1,1,0
BRDA:70,2,0,0
BRDA:70,2,1,0
BRDA:85,3,0,0
BRDA:85,3,1,0
BRDA:91,4,0,0
BRDA:91,4,1,0
BRDA:106,5,0,0
BRDA:106,5,1,0
BRF:12
BRH:0
end_of_record
TN:
SF:src/bridge/BridgeContracts.ts
FN:31,(anonymous_14)
FN:39,(anonymous_15)
FN:44,(anonymous_16)
FN:48,(anonymous_17)
FN:52,(anonymous_18)
FN:56,(anonymous_19)
FN:60,(anonymous_20)
FN:67,(anonymous_21)
FN:77,(anonymous_22)
FN:81,(anonymous_23)
FN:91,(anonymous_24)
FN:95,(anonymous_25)
FN:104,(anonymous_26)
FN:108,(anonymous_27)
FN:114,(anonymous_29)
FN:138,(anonymous_31)
FN:173,(anonymous_33)
FN:208,(anonymous_35)
FN:220,(anonymous_37)
FN:241,(anonymous_39)
FN:275,(anonymous_41)
FN:307,(anonymous_43)
FN:346,(anonymous_45)
FN:392,(anonymous_47)
FN:414,(anonymous_49)
FN:414,(anonymous_50)
FN:418,(anonymous_51)
FN:516,(anonymous_52)
FN:520,(anonymous_53)
FN:550,(anonymous_55)
FN:732,(anonymous_57)
FNF:31
FNH:0
FNDA:0,(anonymous_14)
FNDA:0,(anonymous_15)
FNDA:0,(anonymous_16)
FNDA:0,(anonymous_17)
FNDA:0,(anonymous_18)
FNDA:0,(anonymous_19)
FNDA:0,(anonymous_20)
FNDA:0,(anonymous_21)
FNDA:0,(anonymous_22)
FNDA:0,(anonymous_23)
FNDA:0,(anonymous_24)
FNDA:0,(anonymous_25)
FNDA:0,(anonymous_26)
FNDA:0,(anonymous_27)
FNDA:0,(anonymous_29)
FNDA:0,(anonymous_31)
FNDA:0,(anonymous_33)
FNDA:0,(anonymous_35)
FNDA:0,(anonymous_37)
FNDA:0,(anonymous_39)
FNDA:0,(anonymous_41)
FNDA:0,(anonymous_43)
FNDA:0,(anonymous_45)
FNDA:0,(anonymous_47)
FNDA:0,(anonymous_49)
FNDA:0,(anonymous_50)
FNDA:0,(anonymous_51)
FNDA:0,(anonymous_52)
FNDA:0,(anonymous_53)
FNDA:0,(anonymous_55)
FNDA:0,(anonymous_57)
DA:1,1
DA:2,1
DA:10,1
DA:11,1
DA:14,1
DA:16,1
DA:17,1
DA:19,1
DA:23,1
DA:24,0
DA:36,0
DA:40,0
DA:41,0
DA:45,0
DA:49,0
DA:53,0
DA:57,0
DA:61,0
DA:64,0
DA:68,0
DA:69,0
DA:71,0
DA:78,0
DA:82,0
DA:83,0
DA:85,0
DA:92,0
DA:96,0
DA:98,0
DA:105,0
DA:109,0
DA:110,0
DA:111,0
DA:117,0
DA:120,0
DA:122,0
DA:123,0
DA:124,0
DA:126,0
DA:132,0
DA:142,0
DA:143,0
DA:144,0
DA:145,0
DA:146,0
DA:148,0
DA:152,0
DA:153,0
DA:158,0
DA:159,0
DA:161,0
DA:174,0
DA:175,0
DA:176,0
DA:177,0
DA:178,0
DA:180,0
DA:181,0
DA:183,0
DA:184,0
DA:185,0
DA:187,0
DA:188,0
DA:193,0
DA:194,0
DA:196,0
DA:212,0
DA:214,0
DA:215,0
DA:217,0
DA:221,0
DA:226,0
DA:227,0
DA:229,0
DA:230,0
DA:233,0
DA:234,0
DA:236,0
DA:237,0
DA:238,0
DA:242,0
DA:243,0
DA:245,0
DA:246,0
DA:249,0
DA:250,0
DA:251,0
DA:252,0
DA:255,0
DA:260,0
DA:261,0
DA:262,0
DA:264,0
DA:268,0
DA:276,0
DA:277,0
DA:279,0
DA:280,0
DA:283,0
DA:284,0
DA:287,0
DA:292,0
DA:293,0
DA:294,0
DA:296,0
DA:300,0
DA:308,0
DA:309,0
DA:312,0
DA:314,0
DA:316,0
DA:317,0
DA:318,0
DA:320,0
DA:322,0
DA:326,0
DA:331,0
DA:333,0
DA:334,0
DA:349,0
DA:350,0
DA:351,0
DA:352,0
DA:353,0
DA:355,0
DA:356,0
DA:357,0
DA:360,0
DA:363,0
DA:364,0
DA:367,0
DA:368,0
DA:371,0
DA:372,0
DA:374,0
DA:379,0
DA:380,0
DA:383,0
DA:388,0
DA:389,0
DA:393,0
DA:394,0
DA:397,0
DA:398,0
DA:400,0
DA:402,0
DA:403,0
DA:404,0
DA:405,0
DA:406,0
DA:407,0
DA:409,0
DA:410,0
DA:411,0
DA:413,0
DA:414,0
DA:417,0
DA:419,0
DA:422,0
DA:423,0
DA:426,0
DA:427,0
DA:430,0
DA:435,0
DA:438,0
DA:443,0
DA:446,0
DA:450,0
DA:452,0
DA:458,0
DA:459,0
DA:462,0
DA:471,0
DA:476,0
DA:488,0
DA:489,0
DA:494,0
DA:495,0
DA:504,0
DA:510,0
DA:511,0
DA:514,0
DA:516,0
DA:517,0
DA:521,0
DA:522,0
DA:523,0
DA:525,0
DA:528,0
DA:529,0
DA:530,0
DA:531,0
DA:535,0
DA:539,0
DA:540,0
DA:541,0
DA:542,0
DA:546,0
DA:551,0
DA:553,0
DA:557,0
DA:561,0
DA:566,0
DA:567,0
DA:568,0
DA:583,0
DA:588,0
DA:589,0
DA:596,0
DA:597,0
DA:598,0
DA:606,0
DA:607,0
DA:613,0
DA:614,0
DA:615,0
DA:618,0
DA:628,0
DA:629,0
DA:637,0
DA:638,0
DA:644,0
DA:645,0
DA:646,0
DA:654,0
DA:656,0
DA:657,0
DA:659,0
DA:668,0
DA:669,0
DA:670,0
DA:671,0
DA:673,0
DA:674,0
DA:679,0
DA:686,0
DA:692,0
DA:697,0
DA:698,0
DA:699,0
DA:700,0
DA:702,0
DA:708,0
DA:709,0
DA:710,0
DA:713,0
DA:716,0
DA:722,0
DA:726,0
DA:727,0
DA:729,0
DA:733,0
LF:252
LH:9
BRDA:40,0,0,0
BRDA:68,1,0,0
BRDA:82,2,0,0
BRDA:96,3,0,0
BRDA:109,4,0,0
BRDA:109,5,0,0
BRDA:109,5,1,0
BRDA:120,6,0,0
BRDA:120,7,0,0
BRDA:120,7,1,0
BRDA:120,8,0,0
BRDA:120,8,1,0
BRDA:144,9,0,0
BRDA:145,10,0,0
BRDA:177,11,0,0
BRDA:180,12,0,0
BRDA:184,13,0,0
BRDA:226,14,0,0
BRDA:226,14,1,0
BRDA:226,15,0,0
BRDA:226,15,1,0
BRDA:227,16,0,0
BRDA:229,17,0,0
BRDA:229,17,1,0
BRDA:229,18,0,0
BRDA:229,18,1,0
BRDA:230,19,0,0
BRDA:233,20,0,0
BRDA:233,21,0,0
BRDA:233,21,1,0
BRDA:233,22,0,0
BRDA:233,22,1,0
BRDA:245,23,0,0
BRDA:249,24,0,0
BRDA:249,25,0,0
BRDA:249,25,1,0
BRDA:249,26,0,0
BRDA:249,26,1,0
BRDA:249,27,0,0
BRDA:249,27,1,0
BRDA:249,28,0,0
BRDA:249,28,1,0
BRDA:249,29,0,0
BRDA:249,29,1,0
BRDA:251,30,0,0
BRDA:251,31,0,0
BRDA:251,31,1,0
BRDA:251,32,0,0
BRDA:251,32,1,0
BRDA:279,33,0,0
BRDA:283,34,0,0
BRDA:312,35,0,0
BRDA:314,36,0,0
BRDA:316,37,0,0
BRDA:355,38,0,0
BRDA:355,38,1,0
BRDA:355,39,0,0
BRDA:355,39,1,0
BRDA:356,40,0,0
BRDA:363,41,0,0
BRDA:371,42,0,0
BRDA:398,43,0,0
BRDA:400,44,0,0
BRDA:402,45,0,0
BRDA:402,45,1,0
BRDA:402,46,0,0
BRDA:402,46,1,0
BRDA:403,47,0,0
BRDA:403,47,1,0
BRDA:403,48,0,0
BRDA:403,48,1,0
BRDA:405,49,0,0
BRDA:407,50,0,0
BRDA:417,51,0,0
BRDA:417,51,1,0
BRDA:417,52,0,0
BRDA:417,52,1,0
BRDA:419,53,0,0
BRDA:419,53,1,0
BRDA:422,54,0,0
BRDA:476,55,0,0
BRDA:476,55,1,0
BRDA:476,56,0,0
BRDA:476,56,1,0
BRDA:494,57,0,0
BRDA:529,58,0,0
BRDA:540,59,0,0
BRDA:596,60,0,0
BRDA:644,61,0,0
BRDA:656,62,0,0
BRDA:656,62,1,0
BRDA:668,63,0,0
BRDA:673,64,0,0
BRDA:726,65,0,0
BRF:94
BRH:0
end_of_record
TN:
SF:src/bridge/index.ts
FNF:0
FNH:0
DA:1,1
LF:1
LH:1
BRF:0
BRH:0
end_of_record
TN:
SF:src/core/CoreContracts.ts
FN:36,(anonymous_14)
FN:44,(anonymous_15)
FN:49,(anonymous_16)
FN:59,(anonymous_17)
FN:69,(anonymous_18)
FN:79,(anonymous_19)
FN:89,(anonymous_20)
FN:100,(anonymous_21)
FN:104,(anonymous_22)
FN:108,(anonymous_23)
FN:112,(anonymous_24)
FN:119,(anonymous_25)
FN:123,(anonymous_26)
FN:127,(anonymous_27)
FN:139,(anonymous_28)
FN:148,(anonymous_29)
FN:154,(anonymous_31)
FN:175,(anonymous_33)
FN:205,(anonymous_35)
FN:228,(anonymous_37)
FN:263,(anonymous_39)
FN:298,(anonymous_41)
FN:310,(anonymous_43)
FN:327,(anonymous_45)
FN:372,(anonymous_47)
FN:423,(anonymous_49)
FN:480,(anonymous_51)
FN:527,(anonymous_53)
FN:542,(anonymous_55)
FN:542,(anonymous_56)
FN:550,(anonymous_57)
FN:563,(anonymous_58)
FN:563,(anonymous_59)
FN:581,(anonymous_60)
FN:590,(anonymous_61)
FN:594,(anonymous_62)
FN:635,(anonymous_64)
FN:646,(anonymous_66)
FN:656,(anonymous_68)
FN:661,(anonymous_69)
FN:661,(anonymous_70)
FN:671,(anonymous_71)
FN:671,(anonymous_72)
FN:682,(anonymous_73)
FN:708,(anonymous_75)
FN:944,(anonymous_77)
FN:947,(anonymous_78)
FN:952,(anonymous_79)
FN:979,(anonymous_80)
FN:998,(anonymous_81)
FNF:50
FNH:0
FNDA:0,(anonymous_14)
FNDA:0,(anonymous_15)
FNDA:0,(anonymous_16)
FNDA:0,(anonymous_17)
FNDA:0,(anonymous_18)
FNDA:0,(anonymous_19)
FNDA:0,(anonymous_20)
FNDA:0,(anonymous_21)
FNDA:0,(anonymous_22)
FNDA:0,(anonymous_23)
FNDA:0,(anonymous_24)
FNDA:0,(anonymous_25)
FNDA:0,(anonymous_26)
FNDA:0,(anonymous_27)
FNDA:0,(anonymous_28)
FNDA:0,(anonymous_29)
FNDA:0,(anonymous_31)
FNDA:0,(anonymous_33)
FNDA:0,(anonymous_35)
FNDA:0,(anonymous_37)
FNDA:0,(anonymous_39)
FNDA:0,(anonymous_41)
FNDA:0,(anonymous_43)
FNDA:0,(anonymous_45)
FNDA:0,(anonymous_47)
FNDA:0,(anonymous_49)
FNDA:0,(anonymous_51)
FNDA:0,(anonymous_53)
FNDA:0,(anonymous_55)
FNDA:0,(anonymous_56)
FNDA:0,(anonymous_57)
FNDA:0,(anonymous_58)
FNDA:0,(anonymous_59)
FNDA:0,(anonymous_60)
FNDA:0,(anonymous_61)
FNDA:0,(anonymous_62)
FNDA:0,(anonymous_64)
FNDA:0,(anonymous_66)
FNDA:0,(anonymous_68)
FNDA:0,(anonymous_69)
FNDA:0,(anonymous_70)
FNDA:0,(anonymous_71)
FNDA:0,(anonymous_72)
FNDA:0,(anonymous_73)
FNDA:0,(anonymous_75)
FNDA:0,(anonymous_77)
FNDA:0,(anonymous_78)
FNDA:0,(anonymous_79)
FNDA:0,(anonymous_80)
FNDA:0,(anonymous_81)
DA:2,1
DA:3,1
DA:11,1
DA:12,1
DA:13,1
DA:15,1
DA:18,1
DA:19,1
DA:21,1
DA:25,1
DA:26,0
DA:41,0
DA:45,0
DA:46,0
DA:50,0
DA:51,0
DA:53,0
DA:60,0
DA:61,0
DA:63,0
DA:70,0
DA:71,0
DA:73,0
DA:80,0
DA:81,0
DA:83,0
DA:90,0
DA:91,0
DA:93,0
DA:101,0
DA:105,0
DA:109,0
DA:113,0
DA:116,0
DA:120,0
DA:124,0
DA:128,0
DA:130,0
DA:131,0
DA:133,0
DA:140,0
DA:141,0
DA:142,0
DA:143,0
DA:144,0
DA:145,0
DA:149,0
DA:150,0
DA:151,0
DA:155,0
DA:158,0
DA:159,0
DA:161,0
DA:164,0
DA:165,0
DA:166,0
DA:168,0
DA:176,0
DA:179,0
DA:180,0
DA:184,0
DA:185,0
DA:187,0
DA:188,0
DA:189,0
DA:190,0
DA:193,0
DA:206,0
DA:209,0
DA:210,0
DA:213,0
DA:216,0
DA:217,0
DA:218,0
DA:221,0
DA:229,0
DA:231,0
DA:232,0
DA:233,0
DA:235,0
DA:236,0
DA:238,0
DA:239,0
DA:240,0
DA:242,0
DA:243,0
DA:248,0
DA:249,0
DA:251,0
DA:267,0
DA:268,0
DA:270,0
DA:271,0
DA:273,0
DA:276,0
DA:277,0
DA:283,0
DA:284,0
DA:286,0
DA:302,0
DA:304,0
DA:305,0
DA:307,0
DA:314,0
DA:318,0
DA:319,0
DA:328,0
DA:331,0
DA:332,0
DA:334,0
DA:335,0
DA:336,0
DA:338,0
DA:340,0
DA:342,0
DA:343,0
DA:345,0
DA:347,0
DA:352,0
DA:353,0
DA:355,0
DA:360,0
DA:373,0
DA:375,0
DA:376,0
DA:378,0
DA:379,0
DA:380,0
DA:384,0
DA:386,0
DA:390,0
DA:394,0
DA:399,0
DA:402,0
DA:409,0
DA:410,0
DA:411,0
DA:424,0
DA:425,0
DA:426,0
DA:427,0
DA:428,0
DA:431,0
DA:432,0
DA:434,0
DA:437,0
DA:447,0
DA:450,0
DA:451,0
DA:453,0
DA:457,0
DA:458,0
DA:462,0
DA:464,0
DA:474,0
DA:476,0
DA:477,0
DA:483,0
DA:484,0
DA:485,0
DA:487,0
DA:488,0
DA:489,0
DA:494,0
DA:497,0
DA:498,0
DA:501,0
DA:502,0
DA:505,0
DA:507,0
DA:512,0
DA:514,0
DA:515,0
DA:519,0
DA:524,0
DA:530,0
DA:531,0
DA:532,0
DA:539,0
DA:541,0
DA:542,0
DA:543,0
DA:549,0
DA:550,0
DA:553,0
DA:554,0
DA:557,0
DA:558,0
DA:561,0
DA:562,0
DA:563,0
DA:564,0
DA:573,0
DA:575,0
DA:576,0
DA:580,0
DA:582,0
DA:590,0
DA:591,0
DA:597,0
DA:598,0
DA:599,0
DA:600,0
DA:603,0
DA:606,0
DA:607,0
DA:610,0
DA:611,0
DA:614,0
DA:616,0
DA:620,0
DA:622,0
DA:623,0
DA:627,0
DA:631,0
DA:632,0
DA:636,0
DA:637,0
DA:643,0
DA:647,0
DA:648,0
DA:649,0
DA:651,0
DA:656,0
DA:660,0
DA:661,0
DA:662,0
DA:663,0
DA:664,0
DA:665,0
DA:670,0
DA:671,0
DA:672,0
DA:683,0
DA:684,0
DA:685,0
DA:688,0
DA:689,0
DA:692,0
DA:694,0
DA:695,0
DA:696,0
DA:699,0
DA:704,0
DA:712,0
DA:714,0
DA:715,0
DA:719,0
DA:724,0
DA:725,0
DA:726,0
DA:730,0
DA:735,0
DA:736,0
DA:774,0
DA:777,0
DA:778,0
DA:785,0
DA:786,0
DA:789,0
DA:790,0
DA:797,0
DA:798,0
DA:801,0
DA:802,0
DA:803,0
DA:806,0
DA:807,0
DA:814,0
DA:815,0
DA:823,0
DA:824,0
DA:826,0
DA:827,0
DA:834,0
DA:836,0
DA:837,0
DA:838,0
DA:839,0
DA:844,0
DA:847,0
DA:850,0
DA:851,0
DA:860,0
DA:861,0
DA:863,0
DA:867,0
DA:873,0
DA:878,0
DA:879,0
DA:881,0
DA:882,0
DA:890,0
DA:891,0
DA:893,0
DA:894,0
DA:900,0
DA:901,0
DA:902,0
DA:903,0
DA:907,0
DA:909,0
DA:910,0
DA:911,0
DA:916,0
DA:918,0
DA:923,0
DA:924,0
DA:931,0
DA:932,0
DA:933,0
DA:936,0
DA:943,0
DA:944,0
DA:946,0
DA:947,0
DA:949,0
DA:950,0
DA:952,0
DA:956,0
DA:957,0
DA:958,0
DA:960,0
DA:962,0
DA:966,0
DA:967,0
DA:973,0
DA:975,0
DA:976,0
DA:977,0
DA:979,0
DA:980,0
DA:981,0
DA:982,0
DA:983,0
DA:988,0
DA:992,0
DA:993,0
DA:995,0
DA:999,0
LF:340
LH:10
BRDA:45,0,0,0
BRDA:50,1,0,0
BRDA:60,2,0,0
BRDA:70,3,0,0
BRDA:80,4,0,0
BRDA:90,5,0,0
BRDA:101,6,0,0
BRDA:101,6,1,0
BRDA:101,7,0,0
BRDA:101,7,1,0
BRDA:120,8,0,0
BRDA:120,8,1,0
BRDA:130,9,0,0
BRDA:130,10,0,0
BRDA:130,10,1,0
BRDA:141,11,0,0
BRDA:144,12,0,0
BRDA:149,13,0,0
BRDA:149,14,0,0
BRDA:149,14,1,0
BRDA:158,15,0,0
BRDA:179,16,0,0
BRDA:209,17,0,0
BRDA:232,18,0,0
BRDA:235,19,0,0
BRDA:238,20,0,0
BRDA:238,20,1,0
BRDA:238,21,0,0
BRDA:238,21,1,0
BRDA:239,22,0,0
BRDA:271,23,0,0
BRDA:331,24,0,0
BRDA:334,25,0,0
BRDA:334,25,1,0
BRDA:334,26,0,0
BRDA:334,26,1,0
BRDA:335,27,0,0
BRDA:375,28,0,0
BRDA:378,29,0,0
BRDA:378,29,1,0
BRDA:378,30,0,0
BRDA:378,30,1,0
BRDA:379,31,0,0
BRDA:431,32,0,0
BRDA:431,33,0,0
BRDA:431,33,1,0
BRDA:450,34,0,0
BRDA:450,34,1,0
BRDA:476,35,0,0
BRDA:487,36,0,0
BRDA:487,36,1,0
BRDA:487,37,0,0
BRDA:487,37,1,0
BRDA:488,38,0,0
BRDA:497,39,0,0
BRDA:505,40,0,0
BRDA:553,41,0,0
BRDA:561,42,0,0
BRDA:606,43,0,0
BRDA:614,44,0,0
BRDA:663,45,0,0
BRDA:672,46,0,0
BRDA:692,47,0,0
BRDA:694,48,0,0
BRDA:694,49,0,0
BRDA:694,49,1,0
BRDA:824,50,0,0
BRDA:824,50,1,0
BRDA:824,51,0,0
BRDA:824,51,1,0
BRDA:838,52,0,0
BRDA:902,53,0,0
BRDA:903,54,0,0
BRDA:903,54,1,0
BRDA:923,55,0,0
BRDA:973,56,0,0
BRDA:973,57,0,0
BRDA:973,57,1,0
BRDA:992,58,0,0
BRF:79
BRH:0
end_of_record
TN:
SF:src/core/index.ts
FNF:0
FNH:0
DA:1,1
LF:1
LH:1
BRF:0
BRH:0
end_of_record
